Log file open, 05/12/19 15:06:51
LogWindows: Failed to load 'aqProf.dll' (GetLastError=126)
LogWindows: File 'aqProf.dll' does not exist
LogWindows: Failed to load 'VtuneApi.dll' (GetLastError=126)
LogWindows: File 'VtuneApi.dll' does not exist
LogWindows: Failed to load 'VtuneApi32e.dll' (GetLastError=126)
LogWindows: File 'VtuneApi32e.dll' does not exist
LogConsoleResponse: Display: Failed to find resolution value strings in scalability ini. Falling back to default.
LogInit: Display: Running engine for game: week02_graybox_hw
LogPakFile: Registered encryption key '00000000000000000000000000000000': 0 pak files mounted, 0 remain pending
LogPlatformFile: Not using cached read wrapper
LogTaskGraph: Started task graph with 5 named threads and 23 total threads with 3 sets of task threads.
LogStats: Stats thread started at 0.303939
LogD3D11RHI: Loaded GFSDK_Aftermath_Lib.x64.dll
LogICUInternationalization: ICU TimeZone Detection - Raw Offset: -5:00, Platform Override: ''
LogPluginManager: Mounting plugin Paper2D
LogPluginManager: Mounting plugin AISupport
LogPluginManager: Mounting plugin LightPropagationVolume
LogPluginManager: Mounting plugin ActorLayerUtilities
LogPluginManager: Mounting plugin CLionSourceCodeAccess
LogPluginManager: Mounting plugin CodeLiteSourceCodeAccess
LogPluginManager: Mounting plugin GitSourceControl
LogPluginManager: Mounting plugin KDevelopSourceCodeAccess
LogPluginManager: Mounting plugin NullSourceCodeAccess
LogPluginManager: Mounting plugin PerforceSourceControl
LogPluginManager: Mounting plugin SubversionSourceControl
LogPluginManager: Mounting plugin UObjectPlugin
LogPluginManager: Mounting plugin VisualStudioCodeSourceCodeAccess
LogPluginManager: Mounting plugin VisualStudioSourceCodeAccess
LogPluginManager: Mounting plugin XCodeSourceCodeAccess
LogPluginManager: Mounting plugin AssetManagerEditor
LogPluginManager: Mounting plugin CryptoKeys
LogPluginManager: Mounting plugin DataValidation
LogPluginManager: Mounting plugin FacialAnimation
LogPluginManager: Mounting plugin GameplayTagsEditor
LogPluginManager: Mounting plugin MacGraphicsSwitching
LogPluginManager: Mounting plugin MeshEditor
LogPluginManager: Mounting plugin MobileLauncherProfileWizard
LogPluginManager: Mounting plugin PluginBrowser
LogPluginManager: Mounting plugin SpeedTreeImporter
LogPluginManager: Mounting plugin DatasmithContent
LogPluginManager: Mounting plugin VariantManagerContent
LogPluginManager: Mounting plugin AlembicImporter
LogPluginManager: Mounting plugin AppleImageUtils
LogPluginManager: Mounting plugin AppleVision
LogPluginManager: Mounting plugin BackChannel
LogPluginManager: Mounting plugin CharacterAI
LogPluginManager: Mounting plugin GeometryCache
LogPluginManager: Mounting plugin HTML5Networking
LogPluginManager: Mounting plugin ProxyLODPlugin
LogPluginManager: Mounting plugin MagicLeap
LogPluginManager: Mounting plugin MagicLeapMedia
LogPluginManager: Mounting plugin AndroidMedia
LogPluginManager: Mounting plugin AvfMedia
LogPluginManager: Mounting plugin ImgMedia
LogPluginManager: Mounting plugin LinearTimecode
LogPluginManager: Mounting plugin MediaCompositing
LogPluginManager: Mounting plugin MediaPlayerEditor
LogPluginManager: Mounting plugin WebMMedia
LogPluginManager: Mounting plugin WmfMedia
LogPluginManager: Mounting plugin TcpMessaging
LogPluginManager: Mounting plugin UdpMessaging
LogPluginManager: Mounting plugin ActorSequence
LogPluginManager: Mounting plugin LevelSequenceEditor
LogPluginManager: Mounting plugin MatineeToLevelSequence
LogPluginManager: Mounting plugin NetcodeUnitTest
LogPluginManager: Mounting plugin NUTUnrealEngine4
LogPluginManager: Mounting plugin OnlineSubsystemGooglePlay
LogPluginManager: Mounting plugin OnlineSubsystemIOS
LogPluginManager: Mounting plugin OnlineSubsystem
LogPluginManager: Mounting plugin OnlineSubsystemNull
LogPluginManager: Mounting plugin OnlineSubsystemUtils
LogPluginManager: Mounting plugin LauncherChunkInstaller
LogPluginManager: Mounting plugin AndroidDeviceProfileSelector
LogPluginManager: Mounting plugin AndroidMoviePlayer
LogPluginManager: Mounting plugin AndroidPermission
LogPluginManager: Mounting plugin AppleMoviePlayer
LogPluginManager: Mounting plugin ArchVisCharacter
LogPluginManager: Mounting plugin AudioCapture
LogPluginManager: Mounting plugin CableComponent
LogPluginManager: Mounting plugin CustomMeshComponent
LogPluginManager: Mounting plugin EditableMesh
LogPluginManager: Mounting plugin ExampleDeviceProfileSelector
LogPluginManager: Mounting plugin Firebase
LogPluginManager: Mounting plugin GoogleCloudMessaging
LogPluginManager: Mounting plugin IOSDeviceProfileSelector
LogPluginManager: Mounting plugin LinuxDeviceProfileSelector
LogPluginManager: Mounting plugin LocationServicesBPLibrary
LogPluginManager: Mounting plugin MobilePatchingUtils
LogPluginManager: Mounting plugin OculusVR
LogPluginManager: Mounting plugin PhysXVehicles
LogPluginManager: Mounting plugin ProceduralMeshComponent
LogPluginManager: Mounting plugin RuntimePhysXCooking
LogPluginManager: Mounting plugin SteamVR
LogPluginManager: Mounting plugin WebMMoviePlayer
LogPluginManager: Mounting plugin WindowsMoviePlayer
LogStreaming: Display: Took  0.089s to configure plugins.
LogInit: Using libcurl 7.55.1-DEV
LogInit:  - built for x86_64-pc-win32
LogInit:  - supports SSL with OpenSSL/1.0.2h
LogInit:  - supports HTTP deflate (compression) using libz 1.2.8
LogInit:  - other features:
LogInit:      CURL_VERSION_SSL
LogInit:      CURL_VERSION_LIBZ
LogInit:      CURL_VERSION_IPV6
LogInit:      CURL_VERSION_ASYNCHDNS
LogInit:      CURL_VERSION_LARGEFILE
LogInit:      CURL_VERSION_IDN
LogInit:  CurlRequestOptions (configurable via config and command line):
LogInit:  - bVerifyPeer = true  - Libcurl will verify peer certificate
LogInit:  - bUseHttpProxy = false  - Libcurl will NOT use HTTP proxy
LogInit:  - bDontReuseConnections = false  - Libcurl will reuse connections
LogInit:  - MaxHostConnections = 16  - Libcurl will limit the number of connections to a host
LogInit:  - LocalHostAddr = Default
LogInit:  - BufferSize = 65536
LogInit: WinSock: version 1.1 (2.2), MaxSocks=32767, MaxUdp=65467
LogInit: Build: ++UE4+Release-4.21-CL-4753647
LogInit: Engine Version: 4.21.2-4753647+++UE4+Release-4.21
LogInit: Compatible Engine Version: 4.21.0-4541578+++UE4+Release-4.21
LogInit: Net CL: 4541578
LogInit: OS: Windows 10 (), CPU: Intel(R) Core(TM) i7-8650U CPU @ 1.90GHz, GPU: Intel(R) UHD Graphics 620
LogInit: Compiled (64-bit): Jan 19 2019 02:07:31
LogInit: Compiled with Visual C++: 19.13.26129.00
LogInit: Build Configuration: Development
LogInit: Branch Name: ++UE4+Release-4.21
LogInit: Command Line:  -EpicPortal -epicusername=sushismooth -epicuserid=9425f773d0b4462d8d4a4e9a78349542 -epiclocale=en-US
LogInit: Base Directory: C:/Program Files/Epic Games/UE_4.21/Engine/Binaries/Win64/
LogInit: Installed Engine Build: 1
LogDevObjectVersion: Number of dev versions registered: 22
LogDevObjectVersion:   Dev-Blueprints (B0D832E4-1F89-4F0D-ACCF-7EB736FD4AA2): 10
LogDevObjectVersion:   Dev-Build (E1C64328-A22C-4D53-A36C-8E866417BD8C): 0
LogDevObjectVersion:   Dev-Core (375EC13C-06E4-48FB-B500-84F0262A717E): 2
LogDevObjectVersion:   Dev-Editor (E4B068ED-F494-42E9-A231-DA0B2E46BB41): 26
LogDevObjectVersion:   Dev-Framework (CFFC743F-43B0-4480-9391-14DF171D2073): 34
LogDevObjectVersion:   Dev-Mobile (B02B49B5-BB20-44E9-A304-32B752E40360): 2
LogDevObjectVersion:   Dev-Networking (A4E4105C-59A1-49B5-A7C5-40C4547EDFEE): 0
LogDevObjectVersion:   Dev-Online (39C831C9-5AE6-47DC-9A44-9C173E1C8E7C): 0
LogDevObjectVersion:   Dev-Physics (78F01B33-EBEA-4F98-B9B4-84EACCB95AA2): 0
LogDevObjectVersion:   Dev-Platform (6631380F-2D4D-43E0-8009-CF276956A95A): 0
LogDevObjectVersion:   Dev-Rendering (12F88B9F-8875-4AFC-A67C-D90C383ABD29): 27
LogDevObjectVersion:   Dev-Sequencer (7B5AE74C-D270-4C10-A958-57980B212A5A): 9
LogDevObjectVersion:   Dev-VR (D7296918-1DD6-4BDD-9DE2-64A83CC13884): 2
LogDevObjectVersion:   Dev-LoadTimes (C2A15278-BFE7-4AFE-6C17-90FF531DF755): 1
LogDevObjectVersion:   Private-Geometry (6EACA3D4-40EC-4CC1-B786-8BED09428FC5): 3
LogDevObjectVersion:   Dev-AnimPhys (29E575DD-E0A3-4627-9D10-D276232CDCEA): 17
LogDevObjectVersion:   Dev-Anim (AF43A65D-7FD3-4947-9873-3E8ED9C1BB05): 2
LogDevObjectVersion:   Dev-ReflectionCapture (6B266CEC-1EC7-4B8F-A30B-E4D90942FC07): 1
LogDevObjectVersion:   Dev-Automation (0DF73D61-A23F-47EA-B727-89E90C41499A): 1
LogDevObjectVersion:   FortniteMain (601D1886-AC64-4F84-AA16-D3DE0DEAC7D6): 17
LogDevObjectVersion:   Dev-Enterprise (9DFFBCD6-494F-0158-E221-12823C92A888): 4
LogDevObjectVersion:   Dev-Niagara (F2AED0AC-9AFE-416F-8664-AA7FFA26D6FC): 1
LogStreaming: Display: Took  0.003s to delete old logs.
LogInit: Presizing for max 8388607 objects, including 0 objects not considered by GC, pre-allocating 0 bytes for permanent pool.
LogInit: Object subsystem initialized
LogConfig: Setting CVar [[con.DebugEarlyDefault:1]]
LogConfig: Setting CVar [[r.setres:1280x720]]
[2019.05.12-19.06.51:795][  0]LogConfig: Setting CVar [[r.VSync:0]]
[2019.05.12-19.06.51:795][  0]LogConfig: Setting CVar [[r.RHICmdBypass:0]]
[2019.05.12-19.06.51:795][  0]LogConfig: Applying CVar settings from Section [/Script/Engine.RendererSettings] File [C:/Users/Andrew/Documents/NYU/Spring 2019/Level Design/Final/Saved/Config/Windows/Engine.ini]
[2019.05.12-19.06.51:795][  0]LogConfig: Setting CVar [[r.GPUCrashDebugging:0]]
[2019.05.12-19.06.51:795][  0]LogConfig: Setting CVar [[r.MobileHDR:1]]
[2019.05.12-19.06.51:795][  0]LogConfig: Setting CVar [[r.Mobile.DisableVertexFog:1]]
[2019.05.12-19.06.51:795][  0]LogConfig: Setting CVar [[r.Shadow.CSM.MaxMobileCascades:2]]
[2019.05.12-19.06.51:795][  0]LogConfig: Setting CVar [[r.MobileMSAA:1]]
[2019.05.12-19.06.51:795][  0]LogConfig: Setting CVar [[r.Mobile.UseLegacyShadingModel:0]]
[2019.05.12-19.06.51:795][  0]LogConfig: Setting CVar [[r.Mobile.AllowDitheredLODTransition:0]]
[2019.05.12-19.06.51:795][  0]LogConfig: Setting CVar [[r.Mobile.AllowSoftwareOcclusion:0]]
[2019.05.12-19.06.51:795][  0]LogConfig: Setting CVar [[r.DiscardUnusedQuality:0]]
[2019.05.12-19.06.51:795][  0]LogConfig: Setting CVar [[r.AllowOcclusionQueries:1]]
[2019.05.12-19.06.51:795][  0]LogConfig: Setting CVar [[r.MinScreenRadiusForLights:0.030000]]
[2019.05.12-19.06.51:795][  0]LogConfig: Setting CVar [[r.MinScreenRadiusForDepthPrepass:0.030000]]
[2019.05.12-19.06.51:795][  0]LogConfig: Setting CVar [[r.MinScreenRadiusForCSMDepth:0.010000]]
[2019.05.12-19.06.51:795][  0]LogConfig: Setting CVar [[r.PrecomputedVisibilityWarning:0]]
[2019.05.12-19.06.51:795][  0]LogConfig: Setting CVar [[r.TextureStreaming:1]]
[2019.05.12-19.06.51:795][  0]LogConfig: Setting CVar [[Compat.UseDXT5NormalMaps:0]]
[2019.05.12-19.06.51:795][  0]LogConfig: Setting CVar [[r.ClearCoatNormal:0]]
[2019.05.12-19.06.51:795][  0]LogConfig: Setting CVar [[r.ReflectionCaptureResolution:128]]
[2019.05.12-19.06.51:795][  0]LogConfig: Setting CVar [[r.ReflectionEnvironmentLightmapMixBasedOnRoughness:1]]
[2019.05.12-19.06.51:795][  0]LogConfig: Setting CVar [[r.ForwardShading:0]]
[2019.05.12-19.06.51:795][  0]LogConfig: Setting CVar [[r.VertexFoggingForOpaque:1]]
[2019.05.12-19.06.51:795][  0]LogConfig: Setting CVar [[r.AllowStaticLighting:1]]
[2019.05.12-19.06.51:795][  0]LogConfig: Setting CVar [[r.NormalMapsForStaticLighting:0]]
[2019.05.12-19.06.51:795][  0]LogConfig: Setting CVar [[r.GenerateMeshDistanceFields:0]]
[2019.05.12-19.06.51:795][  0]LogConfig: Setting CVar [[r.DistanceFieldBuild.EightBit:0]]
[2019.05.12-19.06.51:795][  0]LogConfig: Setting CVar [[r.GenerateLandscapeGIData:0]]
[2019.05.12-19.06.51:795][  0]LogConfig: Setting CVar [[r.DistanceFieldBuild.Compress:0]]
[2019.05.12-19.06.51:795][  0]LogConfig: Setting CVar [[r.TessellationAdaptivePixelsPerTriangle:48.000000]]
[2019.05.12-19.06.51:796][  0]LogConfig: Setting CVar [[r.SeparateTranslucency:1]]
[2019.05.12-19.06.51:796][  0]LogConfig: Setting CVar [[r.TranslucentSortPolicy:0]]
[2019.05.12-19.06.51:796][  0]LogConfig: Setting CVar [[r.CustomDepth:1]]
[2019.05.12-19.06.51:796][  0]LogConfig: Setting CVar [[r.CustomDepthTemporalAAJitter:1]]
[2019.05.12-19.06.51:796][  0]LogConfig: Setting CVar [[r.PostProcessing.PropagateAlpha:0]]
[2019.05.12-19.06.51:796][  0]LogConfig: Setting CVar [[r.DOF.Algorithm:1]]
[2019.05.12-19.06.51:796][  0]LogConfig: Setting CVar [[r.DefaultFeature.Bloom:1]]
[2019.05.12-19.06.51:796][  0]LogConfig: Setting CVar [[r.DefaultFeature.AmbientOcclusion:1]]
[2019.05.12-19.06.51:796][  0]LogConfig: Setting CVar [[r.DefaultFeature.AmbientOcclusionStaticFraction:1]]
[2019.05.12-19.06.51:796][  0]LogConfig: Setting CVar [[r.DefaultFeature.AutoExposure:0]]
[2019.05.12-19.06.51:796][  0]LogConfig: Setting CVar [[r.DefaultFeature.AutoExposure.Method:0]]
[2019.05.12-19.06.51:796][  0]LogConfig: Setting CVar [[r.DefaultFeature.AutoExposure.ExtendDefaultLuminanceRange:0]]
[2019.05.12-19.06.51:796][  0]LogConfig: Setting CVar [[r.UsePreExposure:0]]
[2019.05.12-19.06.51:796][  0]LogConfig: Setting CVar [[r.DefaultFeature.MotionBlur:0]]
[2019.05.12-19.06.51:796][  0]LogConfig: Setting CVar [[r.DefaultFeature.LensFlare:0]]
[2019.05.12-19.06.51:796][  0]LogConfig: Setting CVar [[r.TemporalAA.Upsampling:0]]
[2019.05.12-19.06.51:796][  0]LogConfig: Setting CVar [[r.DefaultFeature.AntiAliasing:0]]
[2019.05.12-19.06.51:796][  0]LogConfig: Setting CVar [[r.DefaultFeature.LightUnits:1]]
[2019.05.12-19.06.51:796][  0]LogConfig: Setting CVar [[r.DefaultBackBufferPixelFormat:4]]
[2019.05.12-19.06.51:796][  0]LogConfig: Setting CVar [[r.Shadow.UnbuiltPreviewInGame:1]]
[2019.05.12-19.06.51:796][  0]LogConfig: Setting CVar [[r.StencilForLODDither:0]]
[2019.05.12-19.06.51:796][  0]LogConfig: Setting CVar [[r.EarlyZPass:3]]
[2019.05.12-19.06.51:796][  0]LogConfig: Setting CVar [[r.EarlyZPassMovable:1]]
[2019.05.12-19.06.51:796][  0]LogConfig: Setting CVar [[r.EarlyZPassOnlyMaterialMasking:0]]
[2019.05.12-19.06.51:796][  0]LogConfig: Setting CVar [[r.DBuffer:1]]
[2019.05.12-19.06.51:796][  0]LogConfig: Setting CVar [[r.ClearSceneMethod:1]]
[2019.05.12-19.06.51:796][  0]LogConfig: Setting CVar [[r.BasePassOutputsVelocity:0]]
[2019.05.12-19.06.51:796][  0]LogConfig: Setting CVar [[r.SelectiveBasePassOutputs:0]]
[2019.05.12-19.06.51:796][  0]LogConfig: Setting CVar [[fx.GPUSimulationTextureSizeX:1024]]
[2019.05.12-19.06.51:796][  0]LogConfig: Setting CVar [[fx.GPUSimulationTextureSizeY:1024]]
[2019.05.12-19.06.51:796][  0]LogConfig: Setting CVar [[r.AllowGlobalClipPlane:0]]
[2019.05.12-19.06.51:796][  0]LogConfig: Setting CVar [[r.GBufferFormat:1]]
[2019.05.12-19.06.51:796][  0]LogConfig: Setting CVar [[r.MorphTarget.Mode:1]]
[2019.05.12-19.06.51:796][  0]LogConfig: Setting CVar [[vr.InstancedStereo:0]]
[2019.05.12-19.06.51:796][  0]LogConfig: Setting CVar [[vr.MultiView:0]]
[2019.05.12-19.06.51:796][  0]LogConfig: Setting CVar [[vr.MobileMultiView:0]]
[2019.05.12-19.06.51:796][  0]LogConfig: Setting CVar [[vr.MobileMultiView.Direct:0]]
[2019.05.12-19.06.51:796][  0]LogConfig: Setting CVar [[vr.MonoscopicFarField:0]]
[2019.05.12-19.06.51:796][  0]LogConfig: Setting CVar [[vr.RoundRobinOcclusion:0]]
[2019.05.12-19.06.51:796][  0]LogConfig: Setting CVar [[vr.ODSCapture:0]]
[2019.05.12-19.06.51:796][  0]LogConfig: Setting CVar [[r.WireframeCullThreshold:5.000000]]
[2019.05.12-19.06.51:796][  0]LogConfig: Setting CVar [[r.SupportStationarySkylight:1]]
[2019.05.12-19.06.51:796][  0]LogConfig: Setting CVar [[r.SupportLowQualityLightmaps:1]]
[2019.05.12-19.06.51:796][  0]LogConfig: Setting CVar [[r.SupportPointLightWholeSceneShadows:1]]
[2019.05.12-19.06.51:796][  0]LogConfig: Setting CVar [[r.SupportAtmosphericFog:1]]
[2019.05.12-19.06.51:796][  0]LogConfig: Setting CVar [[r.SkinCache.CompileShaders:0]]
[2019.05.12-19.06.51:796][  0]LogConfig: Setting CVar [[r.Mobile.EnableStaticAndCSMShadowReceivers:1]]
[2019.05.12-19.06.51:796][  0]LogConfig: Setting CVar [[r.Mobile.EnableMovableLightCSMShaderCulling:1]]
[2019.05.12-19.06.51:796][  0]LogConfig: Setting CVar [[r.Mobile.AllowDistanceFieldShadows:1]]
[2019.05.12-19.06.51:796][  0]LogConfig: Setting CVar [[r.Mobile.AllowMovableDirectionalLights:1]]
[2019.05.12-19.06.51:796][  0]LogConfig: Setting CVar [[r.MobileNumDynamicPointLights:4]]
[2019.05.12-19.06.51:796][  0]LogConfig: Setting CVar [[r.MobileDynamicPointLightsUseStaticBranch:1]]
[2019.05.12-19.06.51:796][  0]LogConfig: Setting CVar [[r.SkinCache.SceneMemoryLimitInMB:128.000000]]
[2019.05.12-19.06.51:796][  0]LogConfig: Setting CVar [[r.GPUSkin.Limit2BoneInfluences:0]]
[2019.05.12-19.06.51:796][  0]LogConfig: Setting CVar [[r.SupportDepthOnlyIndexBuffers:1]]
[2019.05.12-19.06.51:796][  0]LogConfig: Setting CVar [[r.SupportReversedIndexBuffers:1]]
[2019.05.12-19.06.51:796][  0]LogConfig: Setting CVar [[r.SupportMaterialLayers:0]]
[2019.05.12-19.06.51:796][  0]LogConfig: Applying CVar settings from Section [/Script/Engine.RendererOverrideSettings] File [C:/Users/Andrew/Documents/NYU/Spring 2019/Level Design/Final/Saved/Config/Windows/Engine.ini]
[2019.05.12-19.06.51:796][  0]LogConfig: Applying CVar settings from Section [/Script/Engine.StreamingSettings] File [C:/Users/Andrew/Documents/NYU/Spring 2019/Level Design/Final/Saved/Config/Windows/Engine.ini]
[2019.05.12-19.06.51:796][  0]LogConfig: Setting CVar [[s.MinBulkDataSizeForAsyncLoading:131072]]
[2019.05.12-19.06.51:796][  0]LogConfig: Setting CVar [[s.AsyncLoadingThreadEnabled:0]]
[2019.05.12-19.06.51:796][  0]LogConfig: Setting CVar [[s.EventDrivenLoaderEnabled:1]]
[2019.05.12-19.06.51:796][  0]LogConfig: Setting CVar [[s.WarnIfTimeLimitExceeded:0]]
[2019.05.12-19.06.51:796][  0]LogConfig: Setting CVar [[s.TimeLimitExceededMultiplier:1.5]]
[2019.05.12-19.06.51:796][  0]LogConfig: Setting CVar [[s.TimeLimitExceededMinTime:0.005]]
[2019.05.12-19.06.51:796][  0]LogConfig: Setting CVar [[s.UseBackgroundLevelStreaming:1]]
[2019.05.12-19.06.51:796][  0]LogConfig: Setting CVar [[s.PriorityAsyncLoadingExtraTime:15.0]]
[2019.05.12-19.06.51:796][  0]LogConfig: Setting CVar [[s.LevelStreamingActorsUpdateTimeLimit:5.0]]
[2019.05.12-19.06.51:796][  0]LogConfig: Setting CVar [[s.PriorityLevelStreamingActorsUpdateExtraTime:5.0]]
[2019.05.12-19.06.51:796][  0]LogConfig: Setting CVar [[s.LevelStreamingComponentsRegistrationGranularity:10]]
[2019.05.12-19.06.51:796][  0]LogConfig: Setting CVar [[s.UnregisterComponentsTimeLimit:1.0]]
[2019.05.12-19.06.51:796][  0]LogConfig: Setting CVar [[s.LevelStreamingComponentsUnregistrationGranularity:5]]
[2019.05.12-19.06.51:796][  0]LogConfig: Applying CVar settings from Section [/Script/Engine.GarbageCollectionSettings] File [C:/Users/Andrew/Documents/NYU/Spring 2019/Level Design/Final/Saved/Config/Windows/Engine.ini]
[2019.05.12-19.06.51:796][  0]LogConfig: Setting CVar [[gc.MaxObjectsNotConsideredByGC:1]]
[2019.05.12-19.06.51:796][  0]LogConfig: Setting CVar [[gc.SizeOfPermanentObjectPool:0]]
[2019.05.12-19.06.51:796][  0]LogConfig: Setting CVar [[gc.FlushStreamingOnGC:0]]
[2019.05.12-19.06.51:796][  0]LogConfig: Setting CVar [[gc.NumRetriesBeforeForcingGC:10]]
[2019.05.12-19.06.51:796][  0]LogConfig: Setting CVar [[gc.AllowParallelGC:1]]
[2019.05.12-19.06.51:796][  0]LogConfig: Setting CVar [[gc.TimeBetweenPurgingPendingKillObjects:61.1]]
[2019.05.12-19.06.51:796][  0]LogConfig: Setting CVar [[gc.MaxObjectsInEditor:8388607]]
[2019.05.12-19.06.51:796][  0]LogConfig: Setting CVar [[gc.IncrementalBeginDestroyEnabled:1]]
[2019.05.12-19.06.51:796][  0]LogConfig: Setting CVar [[gc.CreateGCClusters:1]]
[2019.05.12-19.06.51:796][  0]LogConfig: Setting CVar [[gc.MergeGCClusters:0]]
[2019.05.12-19.06.51:796][  0]LogConfig: Setting CVar [[gc.MinGCClusterSize:5]]
[2019.05.12-19.06.51:796][  0]LogConfig: Setting CVar [[gc.ActorClusteringEnabled:0]]
[2019.05.12-19.06.51:796][  0]LogConfig: Setting CVar [[gc.BlueprintClusteringEnabled:0]]
[2019.05.12-19.06.51:796][  0]LogConfig: Setting CVar [[gc.UseDisregardForGCOnDedicatedServers:0]]
[2019.05.12-19.06.51:796][  0]LogConfig: Applying CVar settings from Section [/Script/Engine.NetworkSettings] File [C:/Users/Andrew/Documents/NYU/Spring 2019/Level Design/Final/Saved/Config/Windows/Engine.ini]
[2019.05.12-19.06.51:796][  0]LogConfig: Applying CVar settings from Section [/Script/UnrealEd.CookerSettings] File [C:/Users/Andrew/Documents/NYU/Spring 2019/Level Design/Final/Saved/Config/Windows/Engine.ini]
[2019.05.12-19.06.51:799][  0]LogConfig: Applying CVar settings from Section [ViewDistanceQuality@3] File [C:/Users/Andrew/Documents/NYU/Spring 2019/Level Design/Final/Saved/Config/Windows/Scalability.ini]
[2019.05.12-19.06.51:799][  0]LogConfig: Setting CVar [[r.SkeletalMeshLODBias:0]]
[2019.05.12-19.06.51:799][  0]LogConfig: Setting CVar [[r.ViewDistanceScale:1.0]]
[2019.05.12-19.06.51:799][  0]LogConfig: Applying CVar settings from Section [AntiAliasingQuality@3] File [C:/Users/Andrew/Documents/NYU/Spring 2019/Level Design/Final/Saved/Config/Windows/Scalability.ini]
[2019.05.12-19.06.51:799][  0]LogConfig: Setting CVar [[r.PostProcessAAQuality:4]]
[2019.05.12-19.06.51:799][  0]LogConfig: Applying CVar settings from Section [ShadowQuality@3] File [C:/Users/Andrew/Documents/NYU/Spring 2019/Level Design/Final/Saved/Config/Windows/Scalability.ini]
[2019.05.12-19.06.51:799][  0]LogConfig: Setting CVar [[r.LightFunctionQuality:1]]
[2019.05.12-19.06.51:799][  0]LogConfig: Setting CVar [[r.ShadowQuality:5]]
[2019.05.12-19.06.51:799][  0]LogConfig: Setting CVar [[r.Shadow.CSM.MaxCascades:10]]
[2019.05.12-19.06.51:799][  0]LogConfig: Setting CVar [[r.Shadow.MaxResolution:2048]]
[2019.05.12-19.06.51:799][  0]LogConfig: Setting CVar [[r.Shadow.MaxCSMResolution:2048]]
[2019.05.12-19.06.51:799][  0]LogConfig: Setting CVar [[r.Shadow.RadiusThreshold:0.01]]
[2019.05.12-19.06.51:799][  0]LogConfig: Setting CVar [[r.Shadow.DistanceScale:1.0]]
[2019.05.12-19.06.51:799][  0]LogConfig: Setting CVar [[r.Shadow.CSM.TransitionScale:1.0]]
[2019.05.12-19.06.51:799][  0]LogConfig: Setting CVar [[r.Shadow.PreShadowResolutionFactor:1.0]]
[2019.05.12-19.06.51:799][  0]LogConfig: Setting CVar [[r.DistanceFieldShadowing:1]]
[2019.05.12-19.06.51:799][  0]LogConfig: Setting CVar [[r.DistanceFieldAO:1]]
[2019.05.12-19.06.51:799][  0]LogConfig: Setting CVar [[r.AOQuality:2]]
[2019.05.12-19.06.51:799][  0]LogConfig: Setting CVar [[r.VolumetricFog:1]]
[2019.05.12-19.06.51:799][  0]LogConfig: Setting CVar [[r.VolumetricFog.GridPixelSize:8]]
[2019.05.12-19.06.51:799][  0]LogConfig: Setting CVar [[r.VolumetricFog.GridSizeZ:128]]
[2019.05.12-19.06.51:799][  0]LogConfig: Setting CVar [[r.VolumetricFog.HistoryMissSupersampleCount:4]]
[2019.05.12-19.06.51:799][  0]LogConfig: Setting CVar [[r.LightMaxDrawDistanceScale:1]]
[2019.05.12-19.06.51:799][  0]LogConfig: Setting CVar [[r.CapsuleShadows:1]]
[2019.05.12-19.06.51:799][  0]LogConfig: Applying CVar settings from Section [PostProcessQuality@3] File [C:/Users/Andrew/Documents/NYU/Spring 2019/Level Design/Final/Saved/Config/Windows/Scalability.ini]
[2019.05.12-19.06.51:799][  0]LogConfig: Setting CVar [[r.MotionBlurQuality:4]]
[2019.05.12-19.06.51:799][  0]LogConfig: Setting CVar [[r.AmbientOcclusionMipLevelFactor:0.4]]
[2019.05.12-19.06.51:799][  0]LogConfig: Setting CVar [[r.AmbientOcclusionMaxQuality:100]]
[2019.05.12-19.06.51:799][  0]LogConfig: Setting CVar [[r.AmbientOcclusionLevels:-1]]
[2019.05.12-19.06.51:799][  0]LogConfig: Setting CVar [[r.AmbientOcclusionRadiusScale:1.0]]
[2019.05.12-19.06.51:799][  0]LogConfig: Setting CVar [[r.DepthOfFieldQuality:2]]
[2019.05.12-19.06.51:799][  0]LogConfig: Setting CVar [[r.RenderTargetPoolMin:400]]
[2019.05.12-19.06.51:799][  0]LogConfig: Setting CVar [[r.LensFlareQuality:2]]
[2019.05.12-19.06.51:800][  0]LogConfig: Setting CVar [[r.SceneColorFringeQuality:1]]
[2019.05.12-19.06.51:800][  0]LogConfig: Setting CVar [[r.EyeAdaptationQuality:2]]
[2019.05.12-19.06.51:800][  0]LogConfig: Setting CVar [[r.BloomQuality:5]]
[2019.05.12-19.06.51:800][  0]LogConfig: Setting CVar [[r.FastBlurThreshold:100]]
[2019.05.12-19.06.51:800][  0]LogConfig: Setting CVar [[r.Upscale.Quality:3]]
[2019.05.12-19.06.51:800][  0]LogConfig: Setting CVar [[r.Tonemapper.GrainQuantization:1]]
[2019.05.12-19.06.51:800][  0]LogConfig: Setting CVar [[r.LightShaftQuality:1]]
[2019.05.12-19.06.51:800][  0]LogConfig: Setting CVar [[r.Filter.SizeScale:1]]
[2019.05.12-19.06.51:800][  0]LogConfig: Setting CVar [[r.Tonemapper.Quality:5]]
[2019.05.12-19.06.51:800][  0]LogConfig: Setting CVar [[r.DOF.Gather.AccumulatorQuality:1        ; higher gathering accumulator quality]]
[2019.05.12-19.06.51:800][  0]LogConfig: Setting CVar [[r.DOF.Gather.PostfilterMethod:1          ; Median3x3 postfilering method]]
[2019.05.12-19.06.51:800][  0]LogConfig: Setting CVar [[r.DOF.Gather.EnableBokehSettings:0       ; no bokeh simulation when gathering]]
[2019.05.12-19.06.51:800][  0]LogConfig: Setting CVar [[r.DOF.Gather.RingCount:4                 ; medium number of samples when gathering]]
[2019.05.12-19.06.51:800][  0]LogConfig: Setting CVar [[r.DOF.Scatter.ForegroundCompositing:1    ; additive foreground scattering]]
[2019.05.12-19.06.51:800][  0]LogConfig: Setting CVar [[r.DOF.Scatter.BackgroundCompositing:2    ; additive background scattering]]
[2019.05.12-19.06.51:800][  0]LogConfig: Setting CVar [[r.DOF.Scatter.EnableBokehSettings:1      ; bokeh simulation when scattering]]
[2019.05.12-19.06.51:800][  0]LogConfig: Setting CVar [[r.DOF.Scatter.MaxSpriteRatio:0.1         ; only a maximum of 10% of scattered bokeh]]
[2019.05.12-19.06.51:800][  0]LogConfig: Setting CVar [[r.DOF.Recombine.Quality:1                ; cheap slight out of focus]]
[2019.05.12-19.06.51:800][  0]LogConfig: Setting CVar [[r.DOF.Recombine.EnableBokehSettings:0    ; no bokeh simulation on slight out of focus]]
[2019.05.12-19.06.51:800][  0]LogConfig: Setting CVar [[r.DOF.TemporalAAQuality:1                ; more stable temporal accumulation]]
[2019.05.12-19.06.51:800][  0]LogConfig: Setting CVar [[r.DOF.Kernel.MaxForegroundRadius:0.025]]
[2019.05.12-19.06.51:800][  0]LogConfig: Setting CVar [[r.DOF.Kernel.MaxBackgroundRadius:0.025]]
[2019.05.12-19.06.51:800][  0]LogConfig: Applying CVar settings from Section [TextureQuality@3] File [C:/Users/Andrew/Documents/NYU/Spring 2019/Level Design/Final/Saved/Config/Windows/Scalability.ini]
[2019.05.12-19.06.51:800][  0]LogConfig: Setting CVar [[r.Streaming.MipBias:0]]
[2019.05.12-19.06.51:800][  0]LogConfig: Setting CVar [[r.Streaming.AmortizeCPUToGPUCopy:0]]
[2019.05.12-19.06.51:800][  0]LogConfig: Setting CVar [[r.Streaming.MaxNumTexturesToStreamPerFrame:0]]
[2019.05.12-19.06.51:800][  0]LogConfig: Setting CVar [[r.Streaming.Boost:1]]
[2019.05.12-19.06.51:800][  0]LogConfig: Setting CVar [[r.MaxAnisotropy:8]]
[2019.05.12-19.06.51:800][  0]LogConfig: Setting CVar [[r.Streaming.LimitPoolSizeToVRAM:0]]
[2019.05.12-19.06.51:800][  0]LogConfig: Setting CVar [[r.Streaming.PoolSize:1000]]
[2019.05.12-19.06.51:800][  0]LogConfig: Setting CVar [[r.Streaming.MaxEffectiveScreenSize:0]]
[2019.05.12-19.06.51:800][  0]LogConfig: Applying CVar settings from Section [EffectsQuality@3] File [C:/Users/Andrew/Documents/NYU/Spring 2019/Level Design/Final/Saved/Config/Windows/Scalability.ini]
[2019.05.12-19.06.51:800][  0]LogConfig: Setting CVar [[r.TranslucencyLightingVolumeDim:64]]
[2019.05.12-19.06.51:800][  0]LogConfig: Setting CVar [[r.RefractionQuality:2]]
[2019.05.12-19.06.51:800][  0]LogConfig: Setting CVar [[r.SSR.Quality:3]]
[2019.05.12-19.06.51:800][  0]LogConfig: Setting CVar [[r.SceneColorFormat:4]]
[2019.05.12-19.06.51:800][  0]LogConfig: Setting CVar [[r.DetailMode:2]]
[2019.05.12-19.06.51:800][  0]LogConfig: Setting CVar [[r.TranslucencyVolumeBlur:1]]
[2019.05.12-19.06.51:800][  0]LogConfig: Setting CVar [[r.MaterialQualityLevel:1 ; High quality]]
[2019.05.12-19.06.51:800][  0]LogConfig: Setting CVar [[r.SSS.Scale:1]]
[2019.05.12-19.06.51:800][  0]LogConfig: Setting CVar [[r.SSS.SampleSet:2]]
[2019.05.12-19.06.51:800][  0]LogConfig: Setting CVar [[r.SSS.Quality:1]]
[2019.05.12-19.06.51:800][  0]LogConfig: Setting CVar [[r.SSS.HalfRes:1]]
[2019.05.12-19.06.51:800][  0]LogConfig: Setting CVar [[r.EmitterSpawnRateScale:1.0]]
[2019.05.12-19.06.51:800][  0]LogConfig: Setting CVar [[r.ParticleLightQuality:2]]
[2019.05.12-19.06.51:800][  0]LogConfig: Applying CVar settings from Section [FoliageQuality@3] File [C:/Users/Andrew/Documents/NYU/Spring 2019/Level Design/Final/Saved/Config/Windows/Scalability.ini]
[2019.05.12-19.06.51:800][  0]LogConfig: Setting CVar [[foliage.DensityScale:1.0]]
[2019.05.12-19.06.51:800][  0]LogConfig: Setting CVar [[grass.DensityScale:1.0]]
[2019.05.12-19.06.51:800][  0]LogInit: Selected Device Profile: [Windows]
[2019.05.12-19.06.51:800][  0]LogInit: Applying CVar settings loaded from the selected device profile: [Windows]
[2019.05.12-19.06.51:816][  0]LogHAL: Display: Platform has ~ 16 GB [17101139968 / 17179869184 / 16], which maps to Larger [LargestMinGB=32, LargerMinGB=12, DefaultMinGB=8, SmallerMinGB=6, SmallestMinGB=0)
[2019.05.12-19.06.51:816][  0]LogConfig: Setting CVar [[r.Vulkan.UseRealUBs:1]]
[2019.05.12-19.06.51:816][  0]LogInit: Going up to parent DeviceProfile []
[2019.05.12-19.06.51:816][  0]LogConfig: Applying CVar settings from Section [ViewDistanceQuality@3] File [C:/Users/Andrew/Documents/NYU/Spring 2019/Level Design/Final/Saved/Config/Windows/Scalability.ini]
[2019.05.12-19.06.51:816][  0]LogConfig: Setting CVar [[r.SkeletalMeshLODBias:0]]
[2019.05.12-19.06.51:816][  0]LogConfig: Setting CVar [[r.ViewDistanceScale:1.0]]
[2019.05.12-19.06.51:816][  0]LogConfig: Applying CVar settings from Section [AntiAliasingQuality@3] File [C:/Users/Andrew/Documents/NYU/Spring 2019/Level Design/Final/Saved/Config/Windows/Scalability.ini]
[2019.05.12-19.06.51:816][  0]LogConfig: Setting CVar [[r.PostProcessAAQuality:4]]
[2019.05.12-19.06.51:816][  0]LogConfig: Applying CVar settings from Section [ShadowQuality@3] File [C:/Users/Andrew/Documents/NYU/Spring 2019/Level Design/Final/Saved/Config/Windows/Scalability.ini]
[2019.05.12-19.06.51:816][  0]LogConfig: Setting CVar [[r.LightFunctionQuality:1]]
[2019.05.12-19.06.51:816][  0]LogConfig: Setting CVar [[r.ShadowQuality:5]]
[2019.05.12-19.06.51:816][  0]LogConfig: Setting CVar [[r.Shadow.CSM.MaxCascades:10]]
[2019.05.12-19.06.51:816][  0]LogConfig: Setting CVar [[r.Shadow.MaxResolution:2048]]
[2019.05.12-19.06.51:816][  0]LogConfig: Setting CVar [[r.Shadow.MaxCSMResolution:2048]]
[2019.05.12-19.06.51:816][  0]LogConfig: Setting CVar [[r.Shadow.RadiusThreshold:0.01]]
[2019.05.12-19.06.51:816][  0]LogConfig: Setting CVar [[r.Shadow.DistanceScale:1.0]]
[2019.05.12-19.06.51:816][  0]LogConfig: Setting CVar [[r.Shadow.CSM.TransitionScale:1.0]]
[2019.05.12-19.06.51:816][  0]LogConfig: Setting CVar [[r.Shadow.PreShadowResolutionFactor:1.0]]
[2019.05.12-19.06.51:816][  0]LogConfig: Setting CVar [[r.DistanceFieldShadowing:1]]
[2019.05.12-19.06.51:816][  0]LogConfig: Setting CVar [[r.DistanceFieldAO:1]]
[2019.05.12-19.06.51:816][  0]LogConfig: Setting CVar [[r.AOQuality:2]]
[2019.05.12-19.06.51:816][  0]LogConfig: Setting CVar [[r.VolumetricFog:1]]
[2019.05.12-19.06.51:816][  0]LogConfig: Setting CVar [[r.VolumetricFog.GridPixelSize:8]]
[2019.05.12-19.06.51:816][  0]LogConfig: Setting CVar [[r.VolumetricFog.GridSizeZ:128]]
[2019.05.12-19.06.51:816][  0]LogConfig: Setting CVar [[r.VolumetricFog.HistoryMissSupersampleCount:4]]
[2019.05.12-19.06.51:816][  0]LogConfig: Setting CVar [[r.LightMaxDrawDistanceScale:1]]
[2019.05.12-19.06.51:816][  0]LogConfig: Setting CVar [[r.CapsuleShadows:1]]
[2019.05.12-19.06.51:816][  0]LogConfig: Applying CVar settings from Section [PostProcessQuality@3] File [C:/Users/Andrew/Documents/NYU/Spring 2019/Level Design/Final/Saved/Config/Windows/Scalability.ini]
[2019.05.12-19.06.51:816][  0]LogConfig: Setting CVar [[r.MotionBlurQuality:4]]
[2019.05.12-19.06.51:816][  0]LogConfig: Setting CVar [[r.AmbientOcclusionMipLevelFactor:0.4]]
[2019.05.12-19.06.51:816][  0]LogConfig: Setting CVar [[r.AmbientOcclusionMaxQuality:100]]
[2019.05.12-19.06.51:816][  0]LogConfig: Setting CVar [[r.AmbientOcclusionLevels:-1]]
[2019.05.12-19.06.51:816][  0]LogConfig: Setting CVar [[r.AmbientOcclusionRadiusScale:1.0]]
[2019.05.12-19.06.51:816][  0]LogConfig: Setting CVar [[r.DepthOfFieldQuality:2]]
[2019.05.12-19.06.51:816][  0]LogConfig: Setting CVar [[r.RenderTargetPoolMin:400]]
[2019.05.12-19.06.51:816][  0]LogConfig: Setting CVar [[r.LensFlareQuality:2]]
[2019.05.12-19.06.51:816][  0]LogConfig: Setting CVar [[r.SceneColorFringeQuality:1]]
[2019.05.12-19.06.51:816][  0]LogConfig: Setting CVar [[r.EyeAdaptationQuality:2]]
[2019.05.12-19.06.51:816][  0]LogConfig: Setting CVar [[r.BloomQuality:5]]
[2019.05.12-19.06.51:816][  0]LogConfig: Setting CVar [[r.FastBlurThreshold:100]]
[2019.05.12-19.06.51:816][  0]LogConfig: Setting CVar [[r.Upscale.Quality:3]]
[2019.05.12-19.06.51:816][  0]LogConfig: Setting CVar [[r.Tonemapper.GrainQuantization:1]]
[2019.05.12-19.06.51:816][  0]LogConfig: Setting CVar [[r.LightShaftQuality:1]]
[2019.05.12-19.06.51:816][  0]LogConfig: Setting CVar [[r.Filter.SizeScale:1]]
[2019.05.12-19.06.51:816][  0]LogConfig: Setting CVar [[r.Tonemapper.Quality:5]]
[2019.05.12-19.06.51:816][  0]LogConfig: Setting CVar [[r.DOF.Gather.AccumulatorQuality:1        ; higher gathering accumulator quality]]
[2019.05.12-19.06.51:816][  0]LogConfig: Setting CVar [[r.DOF.Gather.PostfilterMethod:1          ; Median3x3 postfilering method]]
[2019.05.12-19.06.51:816][  0]LogConfig: Setting CVar [[r.DOF.Gather.EnableBokehSettings:0       ; no bokeh simulation when gathering]]
[2019.05.12-19.06.51:816][  0]LogConfig: Setting CVar [[r.DOF.Gather.RingCount:4                 ; medium number of samples when gathering]]
[2019.05.12-19.06.51:816][  0]LogConfig: Setting CVar [[r.DOF.Scatter.ForegroundCompositing:1    ; additive foreground scattering]]
[2019.05.12-19.06.51:816][  0]LogConfig: Setting CVar [[r.DOF.Scatter.BackgroundCompositing:2    ; additive background scattering]]
[2019.05.12-19.06.51:816][  0]LogConfig: Setting CVar [[r.DOF.Scatter.EnableBokehSettings:1      ; bokeh simulation when scattering]]
[2019.05.12-19.06.51:816][  0]LogConfig: Setting CVar [[r.DOF.Scatter.MaxSpriteRatio:0.1         ; only a maximum of 10% of scattered bokeh]]
[2019.05.12-19.06.51:816][  0]LogConfig: Setting CVar [[r.DOF.Recombine.Quality:1                ; cheap slight out of focus]]
[2019.05.12-19.06.51:816][  0]LogConfig: Setting CVar [[r.DOF.Recombine.EnableBokehSettings:0    ; no bokeh simulation on slight out of focus]]
[2019.05.12-19.06.51:817][  0]LogConfig: Setting CVar [[r.DOF.TemporalAAQuality:1                ; more stable temporal accumulation]]
[2019.05.12-19.06.51:817][  0]LogConfig: Setting CVar [[r.DOF.Kernel.MaxForegroundRadius:0.025]]
[2019.05.12-19.06.51:817][  0]LogConfig: Setting CVar [[r.DOF.Kernel.MaxBackgroundRadius:0.025]]
[2019.05.12-19.06.51:817][  0]LogConfig: Applying CVar settings from Section [TextureQuality@3] File [C:/Users/Andrew/Documents/NYU/Spring 2019/Level Design/Final/Saved/Config/Windows/Scalability.ini]
[2019.05.12-19.06.51:817][  0]LogConfig: Setting CVar [[r.Streaming.MipBias:0]]
[2019.05.12-19.06.51:817][  0]LogConfig: Setting CVar [[r.Streaming.AmortizeCPUToGPUCopy:0]]
[2019.05.12-19.06.51:817][  0]LogConfig: Setting CVar [[r.Streaming.MaxNumTexturesToStreamPerFrame:0]]
[2019.05.12-19.06.51:817][  0]LogConfig: Setting CVar [[r.Streaming.Boost:1]]
[2019.05.12-19.06.51:817][  0]LogConfig: Setting CVar [[r.MaxAnisotropy:8]]
[2019.05.12-19.06.51:817][  0]LogConfig: Setting CVar [[r.Streaming.LimitPoolSizeToVRAM:0]]
[2019.05.12-19.06.51:817][  0]LogConfig: Setting CVar [[r.Streaming.PoolSize:1000]]
[2019.05.12-19.06.51:817][  0]LogConfig: Setting CVar [[r.Streaming.MaxEffectiveScreenSize:0]]
[2019.05.12-19.06.51:817][  0]LogConfig: Applying CVar settings from Section [EffectsQuality@3] File [C:/Users/Andrew/Documents/NYU/Spring 2019/Level Design/Final/Saved/Config/Windows/Scalability.ini]
[2019.05.12-19.06.51:817][  0]LogConfig: Setting CVar [[r.TranslucencyLightingVolumeDim:64]]
[2019.05.12-19.06.51:817][  0]LogConfig: Setting CVar [[r.RefractionQuality:2]]
[2019.05.12-19.06.51:817][  0]LogConfig: Setting CVar [[r.SSR.Quality:3]]
[2019.05.12-19.06.51:817][  0]LogConfig: Setting CVar [[r.SceneColorFormat:4]]
[2019.05.12-19.06.51:817][  0]LogConfig: Setting CVar [[r.DetailMode:2]]
[2019.05.12-19.06.51:817][  0]LogConfig: Setting CVar [[r.TranslucencyVolumeBlur:1]]
[2019.05.12-19.06.51:817][  0]LogConfig: Setting CVar [[r.MaterialQualityLevel:1 ; High quality]]
[2019.05.12-19.06.51:817][  0]LogConfig: Setting CVar [[r.SSS.Scale:1]]
[2019.05.12-19.06.51:817][  0]LogConfig: Setting CVar [[r.SSS.SampleSet:2]]
[2019.05.12-19.06.51:817][  0]LogConfig: Setting CVar [[r.SSS.Quality:1]]
[2019.05.12-19.06.51:817][  0]LogConfig: Setting CVar [[r.SSS.HalfRes:1]]
[2019.05.12-19.06.51:817][  0]LogConfig: Setting CVar [[r.EmitterSpawnRateScale:1.0]]
[2019.05.12-19.06.51:817][  0]LogConfig: Setting CVar [[r.ParticleLightQuality:2]]
[2019.05.12-19.06.51:817][  0]LogConfig: Applying CVar settings from Section [FoliageQuality@3] File [C:/Users/Andrew/Documents/NYU/Spring 2019/Level Design/Final/Saved/Config/Windows/Scalability.ini]
[2019.05.12-19.06.51:817][  0]LogConfig: Setting CVar [[foliage.DensityScale:1.0]]
[2019.05.12-19.06.51:817][  0]LogConfig: Setting CVar [[grass.DensityScale:1.0]]
[2019.05.12-19.06.51:817][  0]LogConfig: Applying CVar settings from Section [Startup] File [../../../Engine/Config/ConsoleVariables.ini]
[2019.05.12-19.06.51:817][  0]LogConfig: Setting CVar [[net.UseAdaptiveNetUpdateFrequency:0]]
[2019.05.12-19.06.51:817][  0]LogConfig: Applying CVar settings from Section [ConsoleVariables] File [C:/Users/Andrew/Documents/NYU/Spring 2019/Level Design/Final/Saved/Config/Windows/Engine.ini]
[2019.05.12-19.06.51:817][  0]LogInit: Computer: DESKTOP-7LSPA9C
[2019.05.12-19.06.51:817][  0]LogInit: User: Andrew
[2019.05.12-19.06.51:817][  0]LogInit: CPU Page size=4096, Cores=4
[2019.05.12-19.06.51:817][  0]LogInit: High frequency timer resolution =2.062501 MHz
[2019.05.12-19.06.51:817][  0]LogMemory: Memory total: Physical=15.9GB (16GB approx)
[2019.05.12-19.06.51:817][  0]LogMemory: Platform Memory Stats for Windows
[2019.05.12-19.06.51:817][  0]LogMemory: Process Physical Memory: 103.30 MB used, 103.30 MB peak
[2019.05.12-19.06.51:817][  0]LogMemory: Process Virtual Memory: 89.52 MB used, 89.52 MB peak
[2019.05.12-19.06.51:817][  0]LogMemory: Physical Memory: 10381.95 MB used,  5926.97 MB free, 16308.92 MB total
[2019.05.12-19.06.51:817][  0]LogMemory: Virtual Memory: 4646.35 MB used,  134213080.00 MB free, 134217728.00 MB total
[2019.05.12-19.06.51:837][  0]LogInit: Using OS detected language (en-US).
[2019.05.12-19.06.51:837][  0]LogInit: Using OS detected locale (en-US).
[2019.05.12-19.06.51:837][  0]LogTextLocalizationManager: No specific localization for 'en-US' exists, so the 'en' localization will be used.
[2019.05.12-19.06.52:217][  0]LogStreaming: Display: Took  0.381s to InitEngineTextLocalization.
[2019.05.12-19.06.52:217][  0]LogInit: Setting process to per monitor DPI aware
[2019.05.12-19.06.52:262][  0]LogSlate: New Slate User Created.  User Index 0, Is Virtual User: 0
[2019.05.12-19.06.52:262][  0]LogSlate: Slate User Registered.  User Index 0, Is Virtual User: 0
[2019.05.12-19.06.52:501][  0]LogHMD: Failed to initialize OpenVR with code 110
[2019.05.12-19.06.52:501][  0]LogD3D11RHI: D3D11 adapters:
[2019.05.12-19.06.52:587][  0]LogD3D11RHI:    0. 'NVIDIA GeForce GTX 1060' (Feature Level 11_0)
[2019.05.12-19.06.52:587][  0]LogD3D11RHI:       6054/0/8154 MB DedicatedVideo/DedicatedSystem/SharedSystem, Outputs:1, VendorId:0x10de
[2019.05.12-19.06.52:596][  0]LogD3D11RHI:    1. 'Intel(R) UHD Graphics 620' (Feature Level 11_0)
[2019.05.12-19.06.52:596][  0]LogD3D11RHI:       128/0/8154 MB DedicatedVideo/DedicatedSystem/SharedSystem, Outputs:0, VendorId:0x8086
[2019.05.12-19.06.52:598][  0]LogD3D11RHI:    2. 'Microsoft Basic Render Driver' (Feature Level 11_0)
[2019.05.12-19.06.52:598][  0]LogD3D11RHI:       0/0/8154 MB DedicatedVideo/DedicatedSystem/SharedSystem, Outputs:0, VendorId:0x1414
[2019.05.12-19.06.52:598][  0]LogD3D11RHI: Chosen D3D11 Adapter: 0
[2019.05.12-19.06.52:630][  0]LogD3D11RHI: Creating new Direct3DDevice
[2019.05.12-19.06.52:630][  0]LogD3D11RHI:     GPU DeviceId: 0x1c20 (for the marketing name, search the web for "GPU Device Id")
[2019.05.12-19.06.52:630][  0]LogWindows: EnumDisplayDevices:
[2019.05.12-19.06.52:630][  0]LogWindows:    0. 'Intel(R) UHD Graphics 620' (P:1 D:1)
[2019.05.12-19.06.52:631][  0]LogWindows:    1. 'Intel(R) UHD Graphics 620' (P:0 D:0)
[2019.05.12-19.06.52:631][  0]LogWindows:    2. 'Intel(R) UHD Graphics 620' (P:0 D:0)
[2019.05.12-19.06.52:631][  0]LogWindows: DebugString: PrimaryIsNotTheChoosenAdapter PrimaryIsNotTheChoosenAdapter PrimaryIsNotTheChoosenAdapter FoundDriverCount:0 
[2019.05.12-19.06.52:631][  0]LogD3D11RHI:     Adapter Name: NVIDIA GeForce GTX 1060
[2019.05.12-19.06.52:631][  0]LogD3D11RHI:   Driver Version: Unknown (internal:Unknown, unified:Unknown)
[2019.05.12-19.06.52:631][  0]LogD3D11RHI:      Driver Date: Unknown
[2019.05.12-19.06.52:631][  0]LogRHI: Texture pool is 4237 MB (70% of 6054 MB)
[2019.05.12-19.06.52:678][  0]LogD3D11RHI: Async texture creation enabled
[2019.05.12-19.06.52:690][  0]LogD3D11RHI: GPU Timing Frequency: 1000.000000 (Debug: 2 1)
[2019.05.12-19.06.52:980][  0]LogTemp: Display: Loaded TP AllDesktopTargetPlatform
[2019.05.12-19.06.52:993][  0]LogTemp: Display: Loaded TP MacClientTargetPlatform
[2019.05.12-19.06.53:005][  0]LogTemp: Display: Loaded TP MacNoEditorTargetPlatform
[2019.05.12-19.06.53:017][  0]LogTemp: Display: Loaded TP MacServerTargetPlatform
[2019.05.12-19.06.53:029][  0]LogTemp: Display: Loaded TP MacTargetPlatform
[2019.05.12-19.06.53:041][  0]LogTemp: Display: Loaded TP WindowsClientTargetPlatform
[2019.05.12-19.06.53:053][  0]LogTemp: Display: Loaded TP WindowsNoEditorTargetPlatform
[2019.05.12-19.06.53:065][  0]LogTemp: Display: Loaded TP WindowsServerTargetPlatform
[2019.05.12-19.06.53:071][  0]LogTemp: Display: Loaded TP WindowsTargetPlatform
[2019.05.12-19.06.53:136][  0]LogTemp: Display: Loaded TP AndroidTargetPlatform
[2019.05.12-19.06.53:136][  0]LogTemp: Display: Loaded TP AndroidTargetPlatform
[2019.05.12-19.06.53:136][  0]LogTemp: Display: Loaded TP AndroidTargetPlatform
[2019.05.12-19.06.53:136][  0]LogTemp: Display: Loaded TP AndroidTargetPlatform
[2019.05.12-19.06.53:136][  0]LogTemp: Display: Loaded TP AndroidTargetPlatform
[2019.05.12-19.06.53:136][  0]LogTemp: Display: Loaded TP AndroidTargetPlatform
[2019.05.12-19.06.53:136][  0]LogTemp: Display: Loaded TP AndroidTargetPlatform
[2019.05.12-19.06.53:136][  0]LogTemp: Display: Loaded TP AndroidTargetPlatform
[2019.05.12-19.06.53:136][  0]LogTemp: Display: Loaded TP AndroidTargetPlatform
[2019.05.12-19.06.53:136][  0]LogTemp: Display: Loaded TP AndroidTargetPlatform
[2019.05.12-19.06.53:136][  0]LogTemp: Display: Loaded TP AndroidTargetPlatform
[2019.05.12-19.06.53:136][  0]LogTemp: Display: Loaded TP AndroidTargetPlatform
[2019.05.12-19.06.53:136][  0]LogTemp: Display: Loaded TP AndroidTargetPlatform
[2019.05.12-19.06.53:136][  0]LogTemp: Display: Loaded TP AndroidTargetPlatform
[2019.05.12-19.06.53:136][  0]LogTemp: Display: Loaded TP AndroidTargetPlatform
[2019.05.12-19.06.53:137][  0]LogTemp: Display: Loaded TP AndroidTargetPlatform
[2019.05.12-19.06.53:137][  0]LogTemp: Display: Loaded TP AndroidTargetPlatform
[2019.05.12-19.06.53:137][  0]LogTemp: Display: Loaded TP AndroidTargetPlatform
[2019.05.12-19.06.53:138][  0]LogTemp: Display: Loaded TP HTML5TargetPlatform
[2019.05.12-19.06.53:195][  0]LogTemp: Display: Loaded TP IOSTargetPlatform
[2019.05.12-19.06.53:195][  0]LogTemp: Display: Loaded TP IOSTargetPlatform
[2019.05.12-19.06.53:215][  0]LogTemp: Display: Loaded TP TVOSTargetPlatform
[2019.05.12-19.06.53:215][  0]LogTemp: Display: Loaded TP TVOSTargetPlatform
[2019.05.12-19.06.53:227][  0]LogTemp: Display: Loaded TP LinuxClientTargetPlatform
[2019.05.12-19.06.53:239][  0]LogTemp: Display: Loaded TP LinuxNoEditorTargetPlatform
[2019.05.12-19.06.53:251][  0]LogTemp: Display: Loaded TP LinuxServerTargetPlatform
[2019.05.12-19.06.53:262][  0]LogTemp: Display: Loaded TP LinuxTargetPlatform
[2019.05.12-19.06.53:301][  0]LogTemp: Display: Loaded TP LuminTargetPlatform
[2019.05.12-19.06.53:301][  0]LogTemp: Display: Loaded TP LuminTargetPlatform
[2019.05.12-19.06.53:301][  0]LogTargetPlatformManager: Display: Building Assets For Windows
[2019.05.12-19.06.53:353][  0]LogShaderCompilers: Guid format shader working directory is -29 characters bigger than the processId version (../../../../../../Users/Andrew/Documents/NYU/Spring 2019/Level Design/Final/Intermediate/Shaders/WorkingDirectory/22316/).
[2019.05.12-19.06.53:353][  0]LogShaderCompilers: Cleaned the shader compiler working directory 'C:/Users/Andrew/AppData/Local/Temp/UnrealShaderWorkingDir/89FD331844AF604770305D863154DA4E/'.
[2019.05.12-19.06.53:355][  0]LogXGEController: Cannot use XGE Controller as Incredibuild is not installed on this machine.
[2019.05.12-19.06.53:355][  0]LogShaderCompilers: Cannot use XGE Shader Compiler as Incredibuild is not installed on this machine.
[2019.05.12-19.06.53:355][  0]LogShaderCompilers: Display: Using Local Shader Compiler.
[2019.05.12-19.06.53:839][  0]LogDerivedDataCache: Display: Max Cache Size: 512 MB
[2019.05.12-19.06.53:889][  0]LogDerivedDataCache: Loaded boot cache 0.05s 71MB C:/Users/Andrew/AppData/Local/UnrealEngine/4.21/DerivedDataCache/Boot.ddc.
[2019.05.12-19.06.53:889][  0]LogDerivedDataCache: Display: Loaded Boot cache: C:/Users/Andrew/AppData/Local/UnrealEngine/4.21/DerivedDataCache/Boot.ddc
[2019.05.12-19.06.53:890][  0]LogDerivedDataCache: FDerivedDataBackendGraph:  Pak pak cache file ../../../../../../Users/Andrew/Documents/NYU/Spring 2019/Level Design/Final/DerivedDataCache/DDC.ddp not found, will not use a pak cache.
[2019.05.12-19.06.53:890][  0]LogDerivedDataCache: Unable to find inner node Pak for hierarchical cache Hierarchy.
[2019.05.12-19.06.53:890][  0]LogDerivedDataCache: FDerivedDataBackendGraph:  CompressedPak pak cache file ../../../../../../Users/Andrew/Documents/NYU/Spring 2019/Level Design/Final/DerivedDataCache/Compressed.ddp not found, will not use a pak cache.
[2019.05.12-19.06.53:890][  0]LogDerivedDataCache: Unable to find inner node CompressedPak for hierarchical cache Hierarchy.
[2019.05.12-19.06.53:904][  0]LogDerivedDataCache: Display: Pak cache opened for reading ../../../Engine/DerivedDataCache/Compressed.ddp.
[2019.05.12-19.06.53:904][  0]LogDerivedDataCache: FDerivedDataBackendGraph:  EnterprisePak pak cache file ../../../Enterprise/DerivedDataCache/Compressed.ddp not found, will not use a pak cache.
[2019.05.12-19.06.53:904][  0]LogDerivedDataCache: Unable to find inner node EnterprisePak for hierarchical cache Hierarchy.
[2019.05.12-19.06.53:916][  0]LogDerivedDataCache: Using Local data cache path C:/Users/Andrew/AppData/Local/UnrealEngine/Common/DerivedDataCache: Writable
[2019.05.12-19.06.53:916][  0]LogDerivedDataCache: Shared data cache path not found in *engine.ini, will not use an Shared cache.
[2019.05.12-19.06.53:916][  0]LogDerivedDataCache: Unable to find inner node Shared for hierarchical cache Hierarchy.
[2019.05.12-19.06.53:940][  0]LogMaterial: Verifying Global Shaders for PCD3D_SM5
[2019.05.12-19.06.53:942][  0]LogSlate: Using FreeType 2.6.0
[2019.05.12-19.06.53:942][  0]LogSlate: SlateFontServices - WITH_FREETYPE: 1, WITH_HARFBUZZ: 1
[2019.05.12-19.06.54:027][  0]LogAssetRegistry: FAssetRegistry took 0.0316 seconds to start up
[2019.05.12-19.06.54:335][  0]LogInit: Selected Device Profile: [Windows]
[2019.05.12-19.06.54:484][  0]LogSimplygon: Simplygon DLL not present - disabling.
[2019.05.12-19.06.54:488][  0]LogMeshReduction: Using SimplygonSwarm for distributed automatic mesh merging
[2019.05.12-19.06.54:488][  0]LogMeshReduction: Using ProxyLODMeshReduction for automatic mesh merging
[2019.05.12-19.06.54:488][  0]LogMeshReduction: Using QuadricMeshReduction for automatic static mesh reduction
[2019.05.12-19.06.54:488][  0]LogMeshReduction: No automatic skeletal mesh reduction module available
[2019.05.12-19.06.54:502][  0]LogNetVersion: week02_graybox_hw 1.0.0, NetCL: 4541578, EngineNetVer: 5, GameNetVer: 0 (Checksum: 777331979)
[2019.05.12-19.06.55:053][  0]LogPackageLocalizationCache: Processed 11 localized package path(s) for 2 prioritized culture(s) in 0.120916 seconds
[2019.05.12-19.06.55:061][  0]LogUObjectArray: 39775 objects as part of root set at end of initial load.
[2019.05.12-19.06.55:061][  0]LogUObjectAllocator: 6914656 out of 0 bytes used by permanent object pool.
[2019.05.12-19.06.55:061][  0]LogUObjectArray: CloseDisregardForGC: 0/0 objects in disregard for GC pool
[2019.05.12-19.06.55:833][  0]LogTcpMessaging: Initializing TcpMessaging bridge
[2019.05.12-19.06.55:847][  0]LogUdpMessaging: Initializing bridge on interface 0.0.0.0:0 to multicast group 230.0.0.1:6666.
[2019.05.12-19.06.56:455][  0]SourceControl: Source control is disabled
[2019.05.12-19.06.56:455][  0]SourceControl: Source control is disabled
[2019.05.12-19.06.56:456][  0]SourceControl: Source control is disabled
[2019.05.12-19.06.56:457][  0]SourceControl: Source control is disabled
[2019.05.12-19.06.56:617][  0]LogAndroidPermission: UAndroidPermissionCallbackProxy::GetInstance
[2019.05.12-19.06.56:677][  0]LogOcInput: OculusInput pre-init called
[2019.05.12-19.06.56:810][  0]LogEngine: Initializing Engine...
[2019.05.12-19.06.56:810][  0]LogHMD: Failed to initialize OpenVR with code 110
[2019.05.12-19.06.56:812][  0]LogStats: UGameplayTagsManager::ConstructGameplayTagTree: ImportINI prefixes -  0.000 s
[2019.05.12-19.06.56:812][  0]LogStats: UGameplayTagsManager::ConstructGameplayTagTree: Construct from data asset -  0.000 s
[2019.05.12-19.06.56:812][  0]LogStats: UGameplayTagsManager::ConstructGameplayTagTree: ImportINI -  0.000 s
[2019.05.12-19.06.56:812][  0]LogStats: UGameplayTagsManager::ConstructGameplayTagTree: GameplayTagTreeChangedEvent.Broadcast -  0.000 s
[2019.05.12-19.06.57:028][  0]LogInit: Initializing FReadOnlyCVARCache
[2019.05.12-19.06.57:041][  0]LogAIModule: Creating AISystem for world Untitled
[2019.05.12-19.06.57:112][  0]LogInit: XAudio2 using 'Speakers (Realtek High Definition Audio(SST))' : 2 channels at 48 kHz using 32 bits per sample (channel mask 0x3)
[2019.05.12-19.06.57:132][  0]LogInit: FAudioDevice initialized.
[2019.05.12-19.06.57:132][  0]LogNetVersion: Set ProjectVersion to 1.0.0.0. Version Checksum will be recalculated on next use.
[2019.05.12-19.06.57:187][  0]LogDerivedDataCache: Saved boot cache 0.06s 71MB C:/Users/Andrew/AppData/Local/UnrealEngine/4.21/DerivedDataCache/Boot.ddc.
[2019.05.12-19.06.57:198][  0]LogInit: Texture streaming: Enabled
[2019.05.12-19.06.57:215][  0]LogEngineSessionManager: EngineSessionManager initialized
[2019.05.12-19.06.57:230][  0]LogInit: Transaction tracking system initialized
[2019.05.12-19.06.57:250][  0]BlueprintLog: New page: Editor Load
[2019.05.12-19.06.57:318][  0]LocalizationService: Localization service is disabled
[2019.05.12-19.06.57:770][  0]LogFileCache: Scanning file cache for directory 'C:/Users/Andrew/Documents/NYU/Spring 2019/Level Design/Final/Content/' took 0.02s
[2019.05.12-19.06.57:770][  0]LogCook: Display: Max memory allowance for cook 16384mb min free memory 0mb
[2019.05.12-19.06.57:770][  0]LogCook: Display: Mobile HDR setting 1
[2019.05.12-19.06.57:770][  0]LogGameplayTags: Display: UGameplayTagsManager::DoneAddingNativeTags. DelegateIsBound: 0
[2019.05.12-19.06.57:770][  0]LogStats: UGameplayTagsManager::ConstructGameplayTagTree: ImportINI prefixes -  0.000 s
[2019.05.12-19.06.57:770][  0]LogStats: UGameplayTagsManager::ConstructGameplayTagTree: Construct from data asset -  0.000 s
[2019.05.12-19.06.57:770][  0]LogStats: UGameplayTagsManager::ConstructGameplayTagTree: ImportINI -  0.000 s
[2019.05.12-19.06.57:770][  0]LogStats: UGameplayTagsManager::ConstructGameplayTagTree: GameplayTagTreeChangedEvent.Broadcast -  0.000 s
[2019.05.12-19.06.57:892][  0]SourceControl: Source control is disabled
[2019.05.12-19.06.57:893][  0]Cmd: MAP LOAD FILE="../../../Engine/Content/Maps/Templates/Template_Default.umap" TEMPLATE=1 SHOWPROGRESS=1 FEATURELEVEL=3
[2019.05.12-19.06.57:893][  0]LightingResults: New page: Lighting Build
[2019.05.12-19.06.57:895][  0]MapCheck: New page: Map Check
[2019.05.12-19.06.57:895][  0]LightingResults: New page: Lighting Build
[2019.05.12-19.06.58:051][  0]LogAIModule: Creating AISystem for world Untitled_1
[2019.05.12-19.06.58:060][  0]LogEditorServer: Finished looking for orphan Actors (0.000 secs)
[2019.05.12-19.06.58:082][  0]Cmd: MAP CHECKDEP NOCLEARLOG
[2019.05.12-19.06.58:082][  0]MapCheck: Map check complete: 0 Error(s), 0 Warning(s), took 0.13ms to complete.
[2019.05.12-19.06.58:082][  0]LogFileHelpers: Loading map 'Template_Default' took 0.189
[2019.05.12-19.06.58:217][  0]LogSlate: Updating window title bar state: overlay mode, drag disabled, window buttons hidden, title bar hidden
[2019.05.12-19.06.58:226][  0]LogSlate: Updating window title bar state: overlay mode, drag disabled, window buttons hidden, title bar hidden
[2019.05.12-19.06.58:234][  0]LogSlate: Updating window title bar state: overlay mode, drag disabled, window buttons hidden, title bar hidden
[2019.05.12-19.06.58:241][  0]LogSlate: Updating window title bar state: overlay mode, drag disabled, window buttons hidden, title bar hidden
[2019.05.12-19.06.58:257][  0]LogCollectionManager: Loaded 0 collections in 0.001504 seconds
[2019.05.12-19.06.58:302][  0]LogFileCache: Scanning file cache for directory 'C:/Users/Andrew/Documents/NYU/Spring 2019/Level Design/Final/Saved/Collections/' took 0.01s
[2019.05.12-19.06.58:302][  0]LogFileCache: Scanning file cache for directory 'C:/Users/Andrew/Documents/NYU/Spring 2019/Level Design/Final/Content/Developers/Andrew/Collections/' took 0.01s
[2019.05.12-19.06.58:302][  0]LogFileCache: Scanning file cache for directory 'C:/Users/Andrew/Documents/NYU/Spring 2019/Level Design/Final/Content/Collections/' took 0.00s
[2019.05.12-19.06.58:302][  0]LogCollectionManager: Rebuilt the GUID cache for 0 collections in 0.000000 seconds
[2019.05.12-19.06.58:312][  0]LogContentBrowser: Native class hierarchy populated in 0.0090 seconds. Added 2651 classes and 620 folders.
[2019.05.12-19.06.58:328][  0]LogContentBrowser: Native class hierarchy updated for 'WidgetCarousel' in 0.0003 seconds. Added 0 classes and 0 folders.
[2019.05.12-19.06.58:341][  0]LogPakFile: Registered encryption key '00000000000000000000000000000000': 0 pak files mounted, 0 remain pending
[2019.05.12-19.06.58:348][  0]LogPakFile: Registered encryption key '00000000000000000000000000000000': 0 pak files mounted, 0 remain pending
[2019.05.12-19.06.58:362][  0]LogPakFile: Registered encryption key '00000000000000000000000000000000': 0 pak files mounted, 0 remain pending
[2019.05.12-19.06.58:369][  0]LogPakFile: Registered encryption key '00000000000000000000000000000000': 0 pak files mounted, 0 remain pending
[2019.05.12-19.06.58:375][  0]LogPakFile: Registered encryption key '00000000000000000000000000000000': 0 pak files mounted, 0 remain pending
[2019.05.12-19.06.58:381][  0]LogPakFile: Registered encryption key '00000000000000000000000000000000': 0 pak files mounted, 0 remain pending
[2019.05.12-19.06.58:387][  0]LogPakFile: Registered encryption key '00000000000000000000000000000000': 0 pak files mounted, 0 remain pending
[2019.05.12-19.06.58:392][  0]LogPakFile: Registered encryption key '00000000000000000000000000000000': 0 pak files mounted, 0 remain pending
[2019.05.12-19.06.58:398][  0]LogPakFile: Registered encryption key '00000000000000000000000000000000': 0 pak files mounted, 0 remain pending
[2019.05.12-19.06.58:406][  0]LogPakFile: Registered encryption key '00000000000000000000000000000000': 0 pak files mounted, 0 remain pending
[2019.05.12-19.06.58:413][  0]LogPakFile: Registered encryption key '00000000000000000000000000000000': 0 pak files mounted, 0 remain pending
[2019.05.12-19.06.58:419][  0]LogPakFile: Registered encryption key '00000000000000000000000000000000': 0 pak files mounted, 0 remain pending
[2019.05.12-19.06.58:424][  0]LogPakFile: Registered encryption key '00000000000000000000000000000000': 0 pak files mounted, 0 remain pending
[2019.05.12-19.06.58:429][  0]LogPakFile: Registered encryption key '00000000000000000000000000000000': 0 pak files mounted, 0 remain pending
[2019.05.12-19.06.58:435][  0]LogPakFile: Registered encryption key '00000000000000000000000000000000': 0 pak files mounted, 0 remain pending
[2019.05.12-19.06.58:440][  0]LogPakFile: Registered encryption key '00000000000000000000000000000000': 0 pak files mounted, 0 remain pending
[2019.05.12-19.06.58:459][  0]LogPakFile: Registered encryption key '00000000000000000000000000000000': 0 pak files mounted, 0 remain pending
[2019.05.12-19.06.58:464][  0]LogPakFile: Registered encryption key '00000000000000000000000000000000': 0 pak files mounted, 0 remain pending
[2019.05.12-19.06.58:470][  0]LogPakFile: Registered encryption key '00000000000000000000000000000000': 0 pak files mounted, 0 remain pending
[2019.05.12-19.06.58:476][  0]LogPakFile: Registered encryption key '00000000000000000000000000000000': 0 pak files mounted, 0 remain pending
[2019.05.12-19.06.58:500][  0]LogPakFile: Registered encryption key '00000000000000000000000000000000': 0 pak files mounted, 0 remain pending
[2019.05.12-19.06.58:507][  0]LogPakFile: Registered encryption key '00000000000000000000000000000000': 0 pak files mounted, 0 remain pending
[2019.05.12-19.06.58:513][  0]LogPakFile: Registered encryption key '00000000000000000000000000000000': 0 pak files mounted, 0 remain pending
[2019.05.12-19.06.58:521][  0]LogPakFile: Registered encryption key '00000000000000000000000000000000': 0 pak files mounted, 0 remain pending
[2019.05.12-19.06.58:527][  0]LogPakFile: Registered encryption key '00000000000000000000000000000000': 0 pak files mounted, 0 remain pending
[2019.05.12-19.06.58:532][  0]LogPakFile: Registered encryption key '00000000000000000000000000000000': 0 pak files mounted, 0 remain pending
[2019.05.12-19.06.58:665][  0]LogContentBrowser: Native class hierarchy updated for 'AddContentDialog' in 0.0002 seconds. Added 0 classes and 0 folders.
[2019.05.12-19.06.58:681][  0]LogContentBrowser: Native class hierarchy updated for 'SceneOutliner' in 0.0003 seconds. Added 1 classes and 2 folders.
[2019.05.12-19.06.58:848][  0]LogSlate: Took 0.000195 seconds to synchronously load lazily loaded font '../../../Engine/Content/Slate/Fonts/Roboto-Regular.ttf' (155K)
[2019.05.12-19.06.58:851][  0]LogSlate: Took 0.000199 seconds to synchronously load lazily loaded font '../../../Engine/Content/Slate/Fonts/Roboto-Bold.ttf' (160K)
[2019.05.12-19.06.58:873][  0]LogSlate: Took 0.009087 seconds to synchronously load lazily loaded font '../../../Engine/Content/Editor/Slate/Fonts/FontAwesome.ttf' (139K)
[2019.05.12-19.06.59:056][  0]LogRenderer: Reallocating scene render targets to support 1060x596 Format 10 NumSamples 1 (Frame:1).
[2019.05.12-19.06.59:372][  0]LogContentBrowser: Native class hierarchy updated for 'HierarchicalLODOutliner' in 0.0003 seconds. Added 0 classes and 0 folders.
[2019.05.12-19.06.59:372][  0]LogLoad: (Engine Initialization) Total time: 9.21 seconds
[2019.05.12-19.06.59:372][  0]LogLoad: (Engine Initialization) Total Blueprint compile time: 0.00 seconds
[2019.05.12-19.06.59:391][  0]LogWindowsTextInputMethodSystem: Display: IME system now deactivated.
[2019.05.12-19.06.59:452][  0]LogContentStreaming: Texture pool size now 1000 MB
[2019.05.12-19.06.59:480][  1]LogAssetRegistry: Asset discovery search completed in 5.4750 seconds
[2019.05.12-19.06.59:481][  1]LogCollectionManager: Rebuilt the object cache for 0 collections in 0.000000 seconds (found 0 objects)
[2019.05.12-19.06.59:481][  1]LogCollectionManager: Fixed up redirectors for 0 collections in 0.000042 seconds (updated 0 objects)
[2019.05.12-19.07.03:482][236]LogSlate: Took 0.008886 seconds to synchronously load lazily loaded font '../../../Engine/Content/Slate/Fonts/Roboto-Light.ttf' (167K)
[2019.05.12-19.07.03:498][237]LogSlate: FSceneViewport::OnFocusLost() reason 0
[2019.05.12-19.07.07:388][453]LogSlate: Took 0.000225 seconds to synchronously load lazily loaded font '../../../Engine/Content/Slate/Fonts/Roboto-Light.ttf' (167K)
[2019.05.12-19.07.10:295][453]LogAIModule: Creating AISystem for world park_midterm_greybox
[2019.05.12-19.07.10:370][453]LogAssetEditorManager: Opening Asset editor for World /Game/park_midterm_greybox.park_midterm_greybox
[2019.05.12-19.07.10:404][453]Cmd: MAP LOAD FILE="../../../../../../Users/Andrew/Documents/NYU/Spring 2019/Level Design/Final/Content/park_midterm_greybox.umap" TEMPLATE=0 SHOWPROGRESS=1 FEATURELEVEL=3
[2019.05.12-19.07.10:405][453]LightingResults: New page: Lighting Build
[2019.05.12-19.07.10:405][453]LoadErrors: New page: Loading map: park_midterm_greybox.umap
[2019.05.12-19.07.10:406][453]MapCheck: New page: Map Check
[2019.05.12-19.07.10:406][453]LightingResults: New page: Lighting Build
[2019.05.12-19.07.10:587][453]LogEditorServer: Finished looking for orphan Actors (0.000 secs)
[2019.05.12-19.07.10:644][453]Cmd: MAP CHECKDEP NOCLEARLOG
[2019.05.12-19.07.10:644][453]MapCheck: Map check complete: 0 Error(s), 0 Warning(s), took 0.312ms to complete.
[2019.05.12-19.07.10:644][453]LogFileHelpers: Loading map 'park_midterm_greybox' took 0.241
[2019.05.12-19.07.32:734][652]LogEditorViewport: Clicking on Actor (LMB): StaticMeshActor (SM_BlockMeshPrototypeModules_SM_Block_Floor256)
[2019.05.12-19.07.34:190][699]LogEditorViewport: Clicking on Actor (LMB): StaticMeshActor (SM_BlockMeshPrototypeModules_SM_Block_Floor262)
[2019.05.12-19.07.46:047][290]LogEditorViewport: Clicking on Actor (LMB): StaticMeshActor (SM_BlockMeshPrototypeModules_SM_Block_Floor256)
[2019.05.12-19.07.54:711][721]LogEditorViewport: Clicking on Actor (LMB): StaticMeshActor (SM_BlockMeshPrototypeModules_SM_Block_Wall250x309)
[2019.05.12-19.07.58:684][923]LogEditorViewport: Clicking on Actor (LMB): StaticMeshActor (SM_BlockMeshPrototypeModules_SM_Block_Wall250x332)
[2019.05.12-19.08.06:564][289]LogEditorViewport: Clicking on Actor (LMB): StaticMeshActor (SM_BlockMeshPrototypeModules_SM_Block_Wall250x329)
[2019.05.12-19.08.26:068][331]LogEditorViewport: Clicking on Actor (LMB): StaticMeshActor (SM_BlockMeshPrototypeModules_SM_Block_Wall250x328)
[2019.05.12-19.08.26:707][353]LogEditorViewport: Clicking on Actor (LMB): StaticMeshActor (SM_BlockMeshPrototypeModules_SM_Block_Wall250x327)
[2019.05.12-19.08.27:241][380]LogEditorViewport: Clicking on Actor (LMB): StaticMeshActor (SM_BlockMeshPrototypeModules_SM_Block_Wall250x326)
[2019.05.12-19.08.36:690][861]Cmd: TRANSACTION UNDO
[2019.05.12-19.08.36:690][861]LogEditorTransaction: Undo Clicking on Actors
[2019.05.12-19.08.37:172][882]Cmd: TRANSACTION UNDO
[2019.05.12-19.08.37:173][882]LogEditorTransaction: Undo Clicking on Actors
[2019.05.12-19.08.37:532][899]Cmd: TRANSACTION UNDO
[2019.05.12-19.08.37:532][899]LogEditorTransaction: Undo Clicking on Actors
[2019.05.12-19.08.38:015][921]Cmd: TRANSACTION UNDO
[2019.05.12-19.08.38:015][921]LogEditorTransaction: Undo Move Actors
[2019.05.12-19.08.38:737][950]LogEditorViewport: Clicking on Actor (LMB): StaticMeshActor (SM_BlockMeshPrototypeModules_SM_Block_Wall250x401)
[2019.05.12-19.08.43:554][168]LogEditorViewport: Clicking on Actor (LMB): StaticMeshActor (SM_BlockMeshPrototypeModules_SM_Block_Wall250x422)
[2019.05.12-19.08.49:215][454]LogEditorViewport: Clicking on Actor (LMB): StaticMeshActor (SM_BlockMeshPrototypeModules_SM_Block_Wall250x400)
[2019.05.12-19.08.51:939][572]LogEditorViewport: Clicking on Actor (LMB): StaticMeshActor (SM_BlockMeshPrototypeModules_SM_Block_Wall250x422)
[2019.05.12-19.08.52:496][592]LogEditorViewport: Clicking on Actor (LMB): StaticMeshActor (wall_pass_2_polySurface66)
[2019.05.12-19.08.53:070][622]LogEditorViewport: Clicking on Actor (LMB): StaticMeshActor (SM_BlockMeshPrototypeModules_SM_Block_Wall250x422)
[2019.05.12-19.09.02:628][165]LogSlate: Took 0.018972 seconds to synchronously load lazily loaded font '../../../Engine/Content/Slate/Fonts/Roboto-Italic.ttf' (157K)
[2019.05.12-19.09.03:855][237]LogSlate: FSceneViewport::OnFocusLost() reason 0
[2019.05.12-19.09.10:985][660]LogEditorViewport: Clicking on Actor (LMB): StaticMeshActor (SM_BlockMeshPrototypeModules_SM_Block_Floor252)
[2019.05.12-19.09.11:540][688]LogEditorViewport: Clicking on Actor (LMB): StaticMeshActor (SM_BlockMeshPrototypeModules_SM_Block_Wall250x422)
[2019.05.12-19.09.17:740][  3]Cmd: TRANSACTION UNDO
[2019.05.12-19.09.17:740][  3]LogEditorTransaction: Undo Clicking on Actors
[2019.05.12-19.09.18:655][ 43]LogEditorViewport: Clicking on Actor (LMB): StaticMeshActor (SM_BlockMeshPrototypeModules_SM_Block_Wall250x422)
[2019.05.12-19.09.28:966][600]LogEditorViewport: Clicking on Actor (LMB): StaticMeshActor (SM_BlockMeshPrototypeModules_SM_Block_Wall250x421)
[2019.05.12-19.09.29:717][634]Cmd: DELETE
[2019.05.12-19.09.29:718][634]Cmd: ACTOR DELETE
[2019.05.12-19.09.29:768][634]LogEditorActor: Deleted Actor: StaticMeshActor
[2019.05.12-19.09.29:793][634]LogEditorActor: Deleted 1 Actors (0.065 secs)
[2019.05.12-19.09.30:087][639]LogEditorViewport: Clicking on Actor (LMB): StaticMeshActor (SM_BlockMeshPrototypeModules_SM_Block_Wall250x420)
[2019.05.12-19.09.30:224][642]Cmd: DELETE
[2019.05.12-19.09.30:224][642]Cmd: ACTOR DELETE
[2019.05.12-19.09.30:268][642]LogEditorActor: Deleted Actor: StaticMeshActor
[2019.05.12-19.09.30:290][642]LogEditorActor: Deleted 1 Actors (0.065 secs)
[2019.05.12-19.09.30:745][668]LogEditorViewport: Clicking on Actor (LMB): StaticMeshActor (SM_BlockMeshPrototypeModules_SM_Block_Wall250x419)
[2019.05.12-19.09.30:850][670]Cmd: DELETE
[2019.05.12-19.09.30:850][670]Cmd: ACTOR DELETE
[2019.05.12-19.09.30:891][670]LogEditorActor: Deleted Actor: StaticMeshActor
[2019.05.12-19.09.30:913][670]LogEditorActor: Deleted 1 Actors (0.063 secs)
[2019.05.12-19.09.31:242][688]LogEditorViewport: Clicking on Actor (LMB): StaticMeshActor (SM_BlockMeshPrototypeModules_SM_Block_Wall250x417)
[2019.05.12-19.09.31:362][691]Cmd: DELETE
[2019.05.12-19.09.31:362][691]Cmd: ACTOR DELETE
[2019.05.12-19.09.31:400][691]LogEditorActor: Deleted Actor: StaticMeshActor
[2019.05.12-19.09.31:422][691]LogEditorActor: Deleted 1 Actors (0.061 secs)
[2019.05.12-19.09.31:808][713]LogEditorViewport: Clicking on Actor (LMB): StaticMeshActor (SM_BlockMeshPrototypeModules_SM_Block_Wall250x418)
[2019.05.12-19.09.31:897][714]Cmd: DELETE
[2019.05.12-19.09.31:897][714]Cmd: ACTOR DELETE
[2019.05.12-19.09.31:935][714]LogEditorActor: Deleted Actor: StaticMeshActor
[2019.05.12-19.09.31:957][714]LogEditorActor: Deleted 1 Actors (0.059 secs)
[2019.05.12-19.09.32:944][768]LogEditorViewport: Clicking on Actor (LMB): StaticMeshActor (SM_BlockMeshPrototypeModules_SM_Block_Wall250x358)
[2019.05.12-19.09.33:095][773]Cmd: DELETE
[2019.05.12-19.09.33:095][773]Cmd: ACTOR DELETE
[2019.05.12-19.09.33:138][773]LogEditorActor: Deleted Actor: StaticMeshActor
[2019.05.12-19.09.33:161][773]LogEditorActor: Deleted 1 Actors (0.066 secs)
[2019.05.12-19.09.33:371][784]LogEditorViewport: Clicking on Actor (LMB): StaticMeshActor (SM_BlockMeshPrototypeModules_SM_Block_Wall250x350)
[2019.05.12-19.09.33:489][787]Cmd: DELETE
[2019.05.12-19.09.33:489][787]Cmd: ACTOR DELETE
[2019.05.12-19.09.33:531][787]LogEditorActor: Deleted Actor: StaticMeshActor
[2019.05.12-19.09.33:553][787]LogEditorActor: Deleted 1 Actors (0.064 secs)
[2019.05.12-19.09.33:760][798]LogEditorViewport: Clicking on Actor (LMB): StaticMeshActor (SM_BlockMeshPrototypeModules_SM_Block_Wall250x332)
[2019.05.12-19.09.33:802][798]Cmd: DELETE
[2019.05.12-19.09.33:802][798]Cmd: ACTOR DELETE
[2019.05.12-19.09.33:832][798]LogEditorActor: Deleted Actor: StaticMeshActor
[2019.05.12-19.09.33:853][798]LogEditorActor: Deleted 1 Actors (0.052 secs)
[2019.05.12-19.09.38:504][ 52]LogEditorViewport: Clicking on Actor (LMB): StaticMeshActor (SM_BlockMeshPrototypeModules_SM_Block_Wall250x422)
[2019.05.12-19.09.40:780][160]Cmd: TRANSACTION UNDO
[2019.05.12-19.09.40:781][160]LogEditorTransaction: Undo Move Actors
[2019.05.12-19.09.41:370][189]Cmd: EDIT COPY
[2019.05.12-19.09.41:592][200]Cmd: EDIT PASTE
[2019.05.12-19.09.51:153][736]Cmd: EDIT COPY
[2019.05.12-19.09.51:381][748]Cmd: EDIT PASTE
[2019.05.12-19.10.04:105][440]Cmd: EDIT COPY
[2019.05.12-19.10.04:300][451]Cmd: EDIT PASTE
[2019.05.12-19.10.17:580][185]Cmd: EDIT COPY
[2019.05.12-19.10.17:798][197]Cmd: EDIT PASTE
[2019.05.12-19.10.32:368][998]Cmd: EDIT COPY
[2019.05.12-19.10.32:622][  5]Cmd: EDIT PASTE
[2019.05.12-19.10.40:918][463]Cmd: EDIT COPY
[2019.05.12-19.10.41:108][473]Cmd: EDIT PASTE
[2019.05.12-19.10.49:650][924]LogEditorViewport: Clicking on Actor (LMB): StaticMeshActor (SM_BlockMeshPrototypeModules_SM_Block_Floor256)
[2019.05.12-19.10.57:435][356]LogEditorViewport: Clicking on Actor (LMB): StaticMeshActor (SM_BlockMeshPrototypeModules_SM_Block_Wall250x329)
[2019.05.12-19.10.58:075][390]Cmd: DELETE
[2019.05.12-19.10.58:075][390]Cmd: ACTOR DELETE
[2019.05.12-19.10.58:111][390]LogEditorActor: Deleted Actor: StaticMeshActor
[2019.05.12-19.10.58:133][390]LogEditorActor: Deleted 1 Actors (0.057 secs)
[2019.05.12-19.10.58:506][411]LogEditorViewport: Clicking on Actor (LMB): StaticMeshActor (SM_BlockMeshPrototypeModules_SM_Block_Wall250x328)
[2019.05.12-19.10.58:591][412]Cmd: DELETE
[2019.05.12-19.10.58:592][412]Cmd: ACTOR DELETE
[2019.05.12-19.10.58:629][412]LogEditorActor: Deleted Actor: StaticMeshActor
[2019.05.12-19.10.58:652][412]LogEditorActor: Deleted 1 Actors (0.060 secs)
[2019.05.12-19.10.58:941][428]LogEditorViewport: Clicking on Actor (LMB): StaticMeshActor (SM_BlockMeshPrototypeModules_SM_Block_Wall250x327)
[2019.05.12-19.10.59:032][429]Cmd: DELETE
[2019.05.12-19.10.59:032][429]Cmd: ACTOR DELETE
[2019.05.12-19.10.59:073][429]LogEditorActor: Deleted Actor: StaticMeshActor
[2019.05.12-19.10.59:096][429]LogEditorActor: Deleted 1 Actors (0.064 secs)
[2019.05.12-19.10.59:324][441]LogEditorViewport: Clicking on Actor (LMB): StaticMeshActor (SM_BlockMeshPrototypeModules_SM_Block_Wall250x326)
[2019.05.12-19.10.59:426][443]Cmd: DELETE
[2019.05.12-19.10.59:426][443]Cmd: ACTOR DELETE
[2019.05.12-19.10.59:464][443]LogEditorActor: Deleted Actor: StaticMeshActor
[2019.05.12-19.10.59:487][443]LogEditorActor: Deleted 1 Actors (0.061 secs)
[2019.05.12-19.11.00:523][501]LogEditorViewport: Clicking on Actor (LMB): StaticMeshActor (SM_BlockMeshPrototypeModules_SM_Block_Wall250x321)
[2019.05.12-19.11.00:658][504]Cmd: DELETE
[2019.05.12-19.11.00:658][504]Cmd: ACTOR DELETE
[2019.05.12-19.11.00:695][504]LogEditorActor: Deleted Actor: StaticMeshActor
[2019.05.12-19.11.00:720][504]LogEditorActor: Deleted 1 Actors (0.062 secs)
[2019.05.12-19.11.01:029][521]LogEditorViewport: Clicking on Actor (LMB): StaticMeshActor (SM_BlockMeshPrototypeModules_SM_Block_Wall250x322)
[2019.05.12-19.11.01:130][522]Cmd: DELETE
[2019.05.12-19.11.01:130][522]Cmd: ACTOR DELETE
[2019.05.12-19.11.01:171][522]LogEditorActor: Deleted Actor: StaticMeshActor
[2019.05.12-19.11.01:192][522]LogEditorActor: Deleted 1 Actors (0.062 secs)
[2019.05.12-19.11.01:405][533]LogEditorViewport: Clicking on Actor (LMB): StaticMeshActor (SM_BlockMeshPrototypeModules_SM_Block_Wall250x323)
[2019.05.12-19.11.01:547][537]Cmd: DELETE
[2019.05.12-19.11.01:547][537]Cmd: ACTOR DELETE
[2019.05.12-19.11.01:586][537]LogEditorActor: Deleted Actor: StaticMeshActor
[2019.05.12-19.11.01:611][537]LogEditorActor: Deleted 1 Actors (0.063 secs)
[2019.05.12-19.11.01:842][549]LogEditorViewport: Clicking on Actor (LMB): StaticMeshActor (SM_BlockMeshPrototypeModules_SM_Block_Wall250x324)
[2019.05.12-19.11.02:141][562]Cmd: DELETE
[2019.05.12-19.11.02:142][562]Cmd: ACTOR DELETE
[2019.05.12-19.11.02:179][562]LogEditorActor: Deleted Actor: StaticMeshActor
[2019.05.12-19.11.02:202][562]LogEditorActor: Deleted 1 Actors (0.061 secs)
[2019.05.12-19.11.02:608][585]LogEditorViewport: Clicking on Actor (LMB): StaticMeshActor (SM_BlockMeshPrototypeModules_SM_Block_Wall250x325)
[2019.05.12-19.11.02:818][593]Cmd: DELETE
[2019.05.12-19.11.02:818][593]Cmd: ACTOR DELETE
[2019.05.12-19.11.02:854][593]LogEditorActor: Deleted Actor: StaticMeshActor
[2019.05.12-19.11.02:877][593]LogEditorActor: Deleted 1 Actors (0.058 secs)
[2019.05.12-19.11.05:506][723]LogEditorViewport: Clicking on Actor (LMB): StaticMeshActor (SM_BlockMeshPrototypeModules_SM_Block_Wall250x422)
[2019.05.12-19.11.06:123][748]Cmd: EDIT COPY
[2019.05.12-19.11.06:345][760]Cmd: EDIT PASTE
[2019.05.12-19.11.14:536][154]Cmd: TRANSACTION UNDO
[2019.05.12-19.11.14:536][154]LogEditorTransaction: Undo Move Actors
[2019.05.12-19.11.28:695][830]Cmd: EDIT COPY
[2019.05.12-19.11.28:897][835]Cmd: EDIT PASTE
[2019.05.12-19.11.44:218][590]Cmd: EDIT COPY
[2019.05.12-19.11.44:452][600]Cmd: EDIT PASTE
[2019.05.12-19.11.47:524][751]Cmd: TRANSACTION UNDO
[2019.05.12-19.11.47:524][751]LogEditorTransaction: Undo Move Actors
[2019.05.12-19.12.02:150][509]Cmd: EDIT COPY
[2019.05.12-19.12.02:604][535]Cmd: EDIT PASTE
[2019.05.12-19.12.15:890][201]Cmd: EDIT COPY
[2019.05.12-19.12.16:118][207]Cmd: EDIT PASTE
[2019.05.12-19.12.27:248][760]Cmd: EDIT COPY
[2019.05.12-19.12.27:454][765]Cmd: EDIT PASTE
[2019.05.12-19.12.36:734][227]Cmd: EDIT COPY
[2019.05.12-19.12.36:961][233]Cmd: EDIT PASTE
[2019.05.12-19.12.51:468][923]LogEditorViewport: Clicking on Actor (LMB): StaticMeshActor (SM_BlockMeshPrototypeModules_SM_Block_Wall250x544)
[2019.05.12-19.12.54:347][ 74]LogEditorViewport: Clicking on Actor (LMB): StaticMeshActor (SM_BlockMeshPrototypeModules_SM_Block_Wall250x545)
[2019.05.12-19.12.57:469][231]LogEditorViewport: Clicking on Actor (LMB): StaticMeshActor (SM_BlockMeshPrototypeModules_SM_Block_Wall250x546)
[2019.05.12-19.13.00:960][425]LogEditorViewport: Clicking on Actor (LMB): StaticMeshActor (wall_pass_2_polySurface53)
[2019.05.12-19.13.03:245][529]LogEditorViewport: Clicking on Actor (LMB): StaticMeshActor (SM_BlockMeshPrototypeModules_SM_Block_Wall250x359)
[2019.05.12-19.13.04:785][591]Cmd: DELETE
[2019.05.12-19.13.04:785][591]Cmd: ACTOR DELETE
[2019.05.12-19.13.04:819][591]LogEditorActor: Deleted Actor: StaticMeshActor
[2019.05.12-19.13.04:840][591]LogEditorActor: Deleted 1 Actors (0.056 secs)
[2019.05.12-19.13.07:556][732]LogEditorViewport: Clicking on Actor (LMB): StaticMeshActor (SM_BlockMeshPrototypeModules_SM_Block_Wall250x546)
[2019.05.12-19.13.08:484][769]Cmd: EDIT COPY
[2019.05.12-19.13.08:755][785]Cmd: EDIT PASTE
[2019.05.12-19.13.21:047][460]LogEditorViewport: Clicking on Actor (LMB): StaticMeshActor (wall_pass_2_polySurface53)
[2019.05.12-19.13.39:142][410]LogEditorViewport: Clicking on Actor (LMB): StaticMeshActor (SM_BlockMeshPrototypeModules_SM_Block_Floor262)
[2019.05.12-19.15.29:250][902]LogEditorViewport: Clicking on Actor (LMB): StaticMeshActor (SM_BlockMeshPrototypeModules_SM_Block_Wall250x430)
[2019.05.12-19.15.31:067][  0]Cmd: EDIT COPY
[2019.05.12-19.15.31:356][ 16]Cmd: EDIT PASTE
[2019.05.12-19.16.07:364][957]LogEditorViewport: Clicking on Actor (LMB): StaticMeshActor (SM_BlockMeshPrototypeModules_SM_Block_Wall250x308)
[2019.05.12-19.16.20:625][640]LogEditorViewport: Clicking on Actor (LMB): StaticMeshActor (wall_pass_2_polySurface52)
[2019.05.12-19.16.22:192][707]LogEditorViewport: Clicking on Actor (LMB): StaticMeshActor (wall_pass_2_polySurface53)
[2019.05.12-19.16.33:617][275]LogEditorViewport: Clicking on Actor (LMB): StaticMeshActor (wall_pass_2_polySurface52)
[2019.05.12-19.16.38:426][508]LogEditorViewport: Clicking on Actor (LMB): StaticMeshActor (wall_pass_2_polySurface53)
[2019.05.12-19.16.44:864][825]LogEditorViewport: Clicking on Actor (LMB): StaticMeshActor (wall_pass_1_group14)
[2019.05.12-19.16.47:805][961]Cmd: EDIT COPY
[2019.05.12-19.16.48:025][969]Cmd: EDIT PASTE
[2019.05.12-19.17.08:920][ 73]LogEditorViewport: Clicking on Actor (LMB): StaticMeshActor (wall_pass_2_polySurface73)
[2019.05.12-19.17.10:698][145]LogEditorViewport: Clicking on Actor (LMB): StaticMeshActor (wall_pass_2_polySurface71)
[2019.05.12-19.17.11:790][186]Cmd: EDIT COPY
[2019.05.12-19.17.12:267][198]Cmd: EDIT PASTE
[2019.05.12-19.17.35:006][410]LogEditorViewport: Clicking on Actor (LMB): StaticMeshActor (wall_pass_2_polySurface29)
[2019.05.12-19.17.53:448][387]LogEditorViewport: Clicking on Actor (LMB): StaticMeshActor (wall_pass_2_pCube33)
[2019.05.12-19.17.56:766][553]LogEditorViewport: Clicking on Actor (LMB): StaticMeshActor (SM_BlockMeshPrototypeModules_SM_Block_Floor262)
[2019.05.12-19.18.07:945][112]LogEditorViewport: Clicking on Actor (LMB): StaticMeshActor (SM_BlockMeshPrototypeModules_SM_Block_Wall250x547)
[2019.05.12-19.18.10:271][216]Cmd: DELETE
[2019.05.12-19.18.10:271][216]Cmd: ACTOR DELETE
[2019.05.12-19.18.10:311][216]LogEditorActor: Deleted Actor: StaticMeshActor
[2019.05.12-19.18.10:335][216]LogEditorActor: Deleted 1 Actors (0.064 secs)
[2019.05.12-19.18.13:478][383]LogEditorViewport: Clicking on Actor (LMB): StaticMeshActor (SM_BlockMeshPrototypeModules_SM_Block_Wall250x546)
[2019.05.12-19.18.14:133][416]Cmd: DELETE
[2019.05.12-19.18.14:133][416]Cmd: ACTOR DELETE
[2019.05.12-19.18.14:165][416]LogEditorActor: Deleted Actor: StaticMeshActor
[2019.05.12-19.18.14:185][416]LogEditorActor: Deleted 1 Actors (0.053 secs)
[2019.05.12-19.18.24:478][946]LogEditorViewport: Clicking on Actor (LMB): StaticMeshActor (SM_BlockMeshPrototypeModules_SM_Block_Floor289)
[2019.05.12-19.18.25:449][987]LogEditorViewport: Clicking on Actor (LMB): StaticMeshActor (SM_BlockMeshPrototypeModules_SM_Block_Floor290)
[2019.05.12-19.18.26:572][ 50]Cmd: EDIT COPY
[2019.05.12-19.18.26:916][ 69]Cmd: EDIT PASTE
[2019.05.12-19.18.41:242][802]LogEditorViewport: Clicking on Actor (LMB): StaticMeshActor (wall_pass_2_polySurface76)
[2019.05.12-19.18.43:595][936]LogEditorViewport: Clicking on Actor (LMB): StaticMeshActor (SM_BlockMeshPrototypeModules_SM_Block_Floor291)
[2019.05.12-19.18.46:456][ 77]LogEditorViewport: Clicking on Actor (LMB): StaticMeshActor (wall_pass_2_pCube32)
[2019.05.12-19.18.49:079][191]LogEditorViewport: Clicking on Actor (LMB): StaticMeshActor (wall_pass_2_polySurface76)
[2019.05.12-19.18.58:240][648]LogEditorViewport: Clicking on Actor (LMB): StaticMeshActor (wall_pass_2_polySurface54)
[2019.05.12-19.19.02:213][846]LogEditorViewport: Clicking on Actor (LMB): StaticMeshActor (wall_pass_2_pCube33)
[2019.05.12-19.19.14:193][463]LogEditorViewport: Clicking on Actor (LMB): StaticMeshActor (SM_BlockMeshPrototypeModules_SM_Block_Floor262)
[2019.05.12-19.19.14:490][472]LogEditorViewport: Clicking on Actor (LMB): StaticMeshActor (SM_BlockMeshPrototypeModules_SM_Block_Floor262)
[2019.05.12-19.19.24:812][980]LogEditorViewport: Clicking on Actor (LMB): StaticMeshActor (modern_staircase_2)
[2019.05.12-19.19.35:763][501]LogEditorViewport: Clicking on Actor (LMB): StaticMeshActor (wall_pass_2_polySurface52)
[2019.05.12-19.19.54:585][449]LogEditorViewport: Clicking on Actor (LMB): StaticMeshActor (wall_pass_2_polySurface53)
[2019.05.12-19.20.04:310][966]LogEditorViewport: Clicking on Actor (LMB): StaticMeshActor (wall_pass_2_polySurface54)
[2019.05.12-19.20.09:652][260]Cmd: DELETE
[2019.05.12-19.20.09:652][260]Cmd: ACTOR DELETE
[2019.05.12-19.20.09:685][260]LogEditorActor: Deleted Actor: StaticMeshActor
[2019.05.12-19.20.09:708][260]LogEditorActor: Deleted 1 Actors (0.055 secs)
[2019.05.12-19.20.11:044][319]LogEditorViewport: Clicking on Actor (LMB): StaticMeshActor (wall_pass_2_polySurface55)
[2019.05.12-19.20.19:524][778]LogEditorViewport: Clicking on Actor (LMB): StaticMeshActor (wall_pass_2_polySurface56)
[2019.05.12-19.20.25:067][ 72]LogEditorViewport: Clicking on Actor (LMB): StaticMeshActor (wall_pass_2_polySurface57)
[2019.05.12-19.20.29:018][254]Cmd: TRANSACTION UNDO
[2019.05.12-19.20.29:018][254]LogEditorTransaction: Undo Move Actors
[2019.05.12-19.20.41:767][839]LogEditorViewport: Clicking on Actor (LMB): StaticMeshActor (wall_pass_2_polySurface52)
[2019.05.12-19.20.44:769][970]LogEditorViewport: Clicking on Actor (LMB): StaticMeshActor (wall_pass_2_polySurface53)
[2019.05.12-19.20.50:713][269]LogEditorViewport: Clicking on Actor (LMB): StaticMeshActor (wall_pass_2_polySurface55)
[2019.05.12-19.20.55:577][504]LogEditorViewport: Clicking on Actor (LMB): StaticMeshActor (wall_pass_2_polySurface56)
[2019.05.12-19.20.58:500][660]LogEditorViewport: Clicking on Actor (LMB): StaticMeshActor (wall_pass_2_polySurface57)
[2019.05.12-19.21.05:128][993]LogEditorViewport: Clicking on Actor (LMB): StaticMeshActor (wall_pass_2_polySurface58)
[2019.05.12-19.21.10:635][269]LogEditorViewport: Clicking on Actor (LMB): StaticMeshActor (wall_pass_2_polySurface59)
[2019.05.12-19.21.51:621][244]LogEditorViewport: Clicking on Actor (LMB): StaticMeshActor (wall_pass_2_polySurface55)
[2019.05.12-19.21.52:264][268]LogEditorViewport: Clicking on Actor (LMB): StaticMeshActor (wall_pass_2_polySurface56)
[2019.05.12-19.21.54:146][345]LogEditorViewport: Clicking on Actor (LMB): StaticMeshActor (wall_pass_2_polySurface58)
[2019.05.12-19.21.56:084][425]LogEditorViewport: Clicking on Actor (LMB): StaticMeshActor (wall_pass_2_polySurface57)
[2019.05.12-19.21.57:252][467]LogEditorViewport: Clicking on Actor (LMB): StaticMeshActor (wall_pass_2_polySurface55)
[2019.05.12-19.21.59:596][576]LogEditorViewport: Clicking on Actor (LMB): StaticMeshActor (wall_pass_2_polySurface56)
[2019.05.12-19.22.03:225][766]LogEditorViewport: Clicking on Actor (LMB): StaticMeshActor (wall_pass_2_polySurface57)
[2019.05.12-19.22.05:514][889]Cmd: TRANSACTION UNDO
[2019.05.12-19.22.05:515][889]LogEditorTransaction: Undo Move Actors
[2019.05.12-19.22.09:158][ 53]LogEditorViewport: Clicking on Actor (LMB): StaticMeshActor (wall_pass_2_polySurface58)
[2019.05.12-19.22.15:686][404]LogEditorViewport: Clicking on Actor (LMB): StaticMeshActor (wall_pass_2_polySurface59)
[2019.05.12-19.22.21:371][698]LogEditorViewport: Clicking on Actor (LMB): StaticMeshActor (SM_BlockMeshPrototypeModules_SM_Block_Floor252)
[2019.05.12-19.22.31:897][235]LogEditorViewport: Clicking on Actor (LMB): StaticMeshActor (wall_pass_2_polySurface53)
[2019.05.12-19.22.32:452][263]LogEditorViewport: Clicking on Actor (LMB): StaticMeshActor (wall_pass_2_polySurface55)
[2019.05.12-19.22.35:000][379]LogEditorViewport: Clicking on Actor (LMB): StaticMeshActor (wall_pass_2_polySurface52)
[2019.05.12-19.22.36:964][477]LogEditorViewport: Clicking on Actor (LMB): StaticMeshActor (wall_pass_2_polySurface53)
[2019.05.12-19.22.40:937][692]LogEditorViewport: Clicking on Actor (LMB): StaticMeshActor (wall_pass_2_polySurface55)
[2019.05.12-19.22.46:417][978]LogEditorViewport: Clicking on Actor (LMB): StaticMeshActor (wall_pass_2_polySurface56)
[2019.05.12-19.22.49:084][109]LogEditorViewport: Clicking on Actor (LMB): StaticMeshActor (wall_pass_2_polySurface57)
[2019.05.12-19.22.52:670][309]LogEditorViewport: Clicking on Actor (LMB): StaticMeshActor (wall_pass_2_polySurface58)
[2019.05.12-19.22.57:453][558]LogEditorViewport: Clicking on Actor (LMB): StaticMeshActor (wall_pass_2_polySurface59)
[2019.05.12-19.23.08:469][158]Cmd: EDIT COPY
[2019.05.12-19.23.08:714][171]Cmd: EDIT PASTE
[2019.05.12-19.23.37:139][699]LogEditorViewport: Clicking on Actor (LMB): StaticMeshActor (SM_BlockMeshPrototypeModules_SM_Block_Wall250x314)
[2019.05.12-19.23.41:564][902]LogEditorViewport: Clicking on Actor (LMB): StaticMeshActor (SM_BlockMeshPrototypeModules_SM_Block_Wall250x431)
[2019.05.12-19.23.54:219][541]LogEditorViewport: Clicking on Actor (LMB): StaticMeshActor (SM_BlockMeshPrototypeModules_SM_Block_Wall250x541)
[2019.05.12-19.24.02:584][965]LogEditorViewport: Clicking on Actor (LMB): StaticMeshActor (wall_pass_2_polySurface58)
[2019.05.12-19.24.03:549][  5]LogEditorViewport: Clicking on Actor (LMB): StaticMeshActor (SM_BlockMeshPrototypeModules_SM_Block_Wall250x542)
[2019.05.12-19.24.07:712][234]LogEditorViewport: Clicking on Actor (LMB): StaticMeshActor (SM_BlockMeshPrototypeModules_SM_Block_Wall250x543)
[2019.05.12-19.24.14:213][560]LogEditorViewport: Clicking on Actor (LMB): StaticMeshActor (SM_BlockMeshPrototypeModules_SM_Block_Wall250x544)
[2019.05.12-19.24.19:261][800]LogEditorViewport: Clicking on Actor (LMB): StaticMeshActor (SM_BlockMeshPrototypeModules_SM_Block_Wall250x545)
[2019.05.12-19.24.23:884][ 40]Cmd: EDIT COPY
[2019.05.12-19.24.24:128][ 53]Cmd: EDIT PASTE
[2019.05.12-19.24.33:855][553]Cmd: EDIT COPY
[2019.05.12-19.24.34:085][565]Cmd: EDIT PASTE
[2019.05.12-19.24.56:371][789]LogEditorViewport: Clicking on Actor (LMB): StaticMeshActor (SM_BlockMeshPrototypeModules_SM_Block_Floor256)
[2019.05.12-19.26.17:388][989]LogSavePackage: Moving '../../../../../../Users/Andrew/Documents/NYU/Spring 2019/Level Design/Final/Saved/park_midterm_greybox_Auto128787A9D448EB876AB756FBCF49D1564.tmp' to '../../../../../../Users/Andrew/Documents/NYU/Spring 2019/Level Design/Final/Saved/Autosaves/Game/park_midterm_greybox_Auto1.umap'
[2019.05.12-19.26.17:395][989]LogFileHelpers: Editor autosave (incl. sublevels) for '/Game/park_midterm_greybox' took 1.328
[2019.05.12-19.26.17:395][989]LogFileHelpers: Editor autosave (incl. sublevels) for all levels took 1.328
[2019.05.12-19.27.11:455][965]LogSlate: FSceneViewport::OnFocusLost() reason 2
[2019.05.12-19.27.12:988][ 48]LogSlate: FSceneViewport::OnFocusLost() reason 2
[2019.05.12-19.27.13:748][ 90]LogSlate: FSceneViewport::OnFocusLost() reason 2
[2019.05.12-19.48.05:601][959]LogFactory: FactoryCreateFile: StaticMesh with FbxFactory (0 0 C:\Users\Andrew\Downloads\corridorDoor.fbx)
[2019.05.12-19.48.05:632][959]LogFbx: Loading FBX Scene from C:\Users\Andrew\Downloads\corridorDoor.fbx
[2019.05.12-19.48.05:644][959]LogFbx: FBX Scene Loaded Succesfully
[2019.05.12-19.48.05:668][959]LogSlate: FSceneViewport::OnFocusLost() reason 2
[2019.05.12-19.48.08:324][959]LogSlate: Window 'FBX Import Options' being destroyed
[2019.05.12-19.48.39:042][650]LogFactory: FactoryCreateFile: StaticMesh with FbxFactory (0 0 C:\Users\Andrew\Downloads\corridorDoor.fbx)
[2019.05.12-19.48.39:080][650]LogFbx: Loading FBX Scene from C:\Users\Andrew\Downloads\corridorDoor.fbx
[2019.05.12-19.48.39:085][650]LogFbx: FBX Scene Loaded Succesfully
[2019.05.12-19.48.40:295][650]LogSlate: Window 'FBX Import Options' being destroyed
[2019.05.12-19.48.40:458][650]LogMaterial: Display: Missing cached shader map for material lambert1, compiling. 
[2019.05.12-19.48.40:513][650]LogShaderCompilers: Display: Shaders left to compile 22
[2019.05.12-19.48.40:513][650]LogShaderCompilers: Display: Shaders left to compile 12
[2019.05.12-19.48.40:513][650]LogShaderCompilers: Display: Shaders left to compile 2
[2019.05.12-19.48.40:513][650]LogFbx: Warning: Triangulating static mesh pCube62
[2019.05.12-19.48.40:538][650]LogStaticMesh: Building static mesh corridorDoor_pCube62...
[2019.05.12-19.48.40:545][650]LogStaticMesh: Built static mesh [0.01s] /Game/Premade_SM/final_sm/corridor_door/corridorDoor_pCube62.corridorDoor_pCube62
[2019.05.12-19.48.40:560][650]LogFbx: Warning: Triangulating static mesh pCube63
[2019.05.12-19.48.40:570][650]LogStaticMesh: Building static mesh corridorDoor_pCube63...
[2019.05.12-19.48.40:573][650]LogStaticMesh: Built static mesh [0.00s] /Game/Premade_SM/final_sm/corridor_door/corridorDoor_pCube63.corridorDoor_pCube63
[2019.05.12-19.48.40:590][650]FBXImport: Warning: No smoothing group information was found in this FBX scene.  Please make sure to enable the 'Export Smoothing Groups' option in the FBX Exporter plug-in before exporting the file.  Even for tools that don't support smoothing groups, the FBX Exporter will generate appropriate smoothing data at export-time so that correct vertex normals can be inferred while importing. 
[2019.05.12-19.48.42:616][743]LogSlate: Window 'Message Log' being destroyed
[2019.05.12-19.48.42:623][743]LogSlate: Window 'Message Log' being destroyed
[2019.05.12-19.48.46:314][826]LogSlate: Window 'Delete Assets' being destroyed
[2019.05.12-19.49.06:276][853]LogEditorViewport: Clicking on Actor (LMB): StaticMeshActor (Cylinder442)
[2019.05.12-19.49.09:122][ 13]LogEditorViewport: Clicking on Actor (LMB): StaticMeshActor (wall_pass_2_polySurface23)
[2019.05.12-19.49.12:752][208]LogEditorViewport: Clicking on Actor (LMB): StaticMeshActor (wall_pass_2_pCube59)
[2019.05.12-19.49.14:762][307]LogEditorViewport: Clicking on Actor (LMB): StaticMeshActor (SM_BlockMeshPrototypeModules_SM_Block_Cube109)
[2019.05.12-19.49.18:104][480]LogEditorViewport: Clicking on Actor (LMB): StaticMeshActor (SM_BlockMeshPrototypeModules_SM_Block_Cube108)
[2019.05.12-19.49.19:921][572]LogEditorViewport: Clicking on Actor (LMB): StaticMeshActor (SM_BlockMeshPrototypeModules_SM_Block_Floor252)
[2019.05.12-19.49.21:720][657]LogSlate: FSceneViewport::OnFocusLost() reason 0
[2019.05.12-19.49.22:730][714]LogActorFactory: Actor Factory created corridorDoor_pCube62
[2019.05.12-19.49.22:732][714]LogActorFactory: Actor Factory created corridorDoor_pCube63
[2019.05.12-19.49.23:997][775]LogActorFactory: Actor Factory created corridorDoor_pCube62
[2019.05.12-19.49.23:999][775]LogActorFactory: Actor Factory created corridorDoor_pCube63
[2019.05.12-19.49.24:560][799]LogActorFactory: Actor Factory created corridorDoor_pCube62
[2019.05.12-19.49.24:580][799]LogActorFactory: Actor Factory created corridorDoor_pCube63
[2019.05.12-19.49.42:953][779]Cmd: DELETE
[2019.05.12-19.49.42:953][779]Cmd: ACTOR DELETE
[2019.05.12-19.49.43:004][779]LogEditorActor: Deleted Actor: StaticMeshActor
[2019.05.12-19.49.43:005][779]LogEditorActor: Deleted Actor: StaticMeshActor
[2019.05.12-19.49.43:033][779]LogEditorActor: Deleted 2 Actors (0.079 secs)
[2019.05.12-19.50.10:366][925]LogSavePackage: Moving '../../../../../../Users/Andrew/Documents/NYU/Spring 2019/Level Design/Final/Saved/park_midterm_greybox_Auto2046054F34E50B559ABA20C981C13C049.tmp' to '../../../../../../Users/Andrew/Documents/NYU/Spring 2019/Level Design/Final/Saved/Autosaves/Game/park_midterm_greybox_Auto2.umap'
[2019.05.12-19.50.10:374][925]LogFileHelpers: Editor autosave (incl. sublevels) for '/Game/park_midterm_greybox' took 1.401
[2019.05.12-19.50.10:374][925]LogFileHelpers: Editor autosave (incl. sublevels) for all levels took 1.401
[2019.05.12-19.50.10:383][925]OBJ SavePackage: Generating thumbnails for [1] asset(s) in package [/Game/Premade_SM/final_sm/corridor_door/corridorDoor_pCube62] ([1] browsable assets)...
[2019.05.12-19.50.10:406][925]OBJ SavePackage:     Rendered thumbnail for [StaticMesh /Game/Premade_SM/final_sm/corridor_door/corridorDoor_pCube62.corridorDoor_pCube62]
[2019.05.12-19.50.10:406][925]OBJ SavePackage: Finished generating thumbnails for package [/Game/Premade_SM/final_sm/corridor_door/corridorDoor_pCube62]
[2019.05.12-19.50.10:438][925]LogSavePackage: Moving '../../../../../../Users/Andrew/Documents/NYU/Spring 2019/Level Design/Final/Saved/corridorDoor_pCube62_Auto23776EAE24FFE81A3C0D0FA9EDE741F95.tmp' to '../../../../../../Users/Andrew/Documents/NYU/Spring 2019/Level Design/Final/Saved/Autosaves/Game/Premade_SM/final_sm/corridor_door/corridorDoor_pCube62_Auto2.uasset'
[2019.05.12-19.50.10:441][925]OBJ SavePackage: Generating thumbnails for [1] asset(s) in package [/Game/Premade_SM/final_sm/corridor_door/corridorDoor_pCube63] ([1] browsable assets)...
[2019.05.12-19.50.10:459][925]OBJ SavePackage:     Rendered thumbnail for [StaticMesh /Game/Premade_SM/final_sm/corridor_door/corridorDoor_pCube63.corridorDoor_pCube63]
[2019.05.12-19.50.10:459][925]OBJ SavePackage: Finished generating thumbnails for package [/Game/Premade_SM/final_sm/corridor_door/corridorDoor_pCube63]
[2019.05.12-19.50.10:490][925]LogSavePackage: Moving '../../../../../../Users/Andrew/Documents/NYU/Spring 2019/Level Design/Final/Saved/corridorDoor_pCube63_Auto27AC2123146E75E829577ADAF28F4757C.tmp' to '../../../../../../Users/Andrew/Documents/NYU/Spring 2019/Level Design/Final/Saved/Autosaves/Game/Premade_SM/final_sm/corridor_door/corridorDoor_pCube63_Auto2.uasset'
[2019.05.12-19.50.10:491][925]LogFileHelpers: Auto-saving content packages took 0.110
[2019.05.12-19.50.32:419][ 64]LogSlate: FSceneViewport::OnFocusLost() reason 0
[2019.05.12-19.50.36:173][188]LogSlate: Window 'Delete Assets' being destroyed
[2019.05.12-19.50.39:904][326]LogFactory: FactoryCreateFile: StaticMesh with FbxFactory (0 0 C:\Users\Andrew\Downloads\corridorDoor.fbx)
[2019.05.12-19.50.39:950][326]LogFbx: Loading FBX Scene from C:\Users\Andrew\Downloads\corridorDoor.fbx
[2019.05.12-19.50.39:956][326]LogFbx: FBX Scene Loaded Succesfully
[2019.05.12-19.50.41:451][326]LogSlate: Window 'FBX Import Options' being destroyed
[2019.05.12-19.50.41:486][326]LogMaterial: Display: Missing cached shader map for material lambert1, compiling. 
[2019.05.12-19.50.41:510][326]LogShaderCompilers: Display: Shaders left to compile 22
[2019.05.12-19.50.41:510][326]LogShaderCompilers: Display: Shaders left to compile 12
[2019.05.12-19.50.41:510][326]LogShaderCompilers: Display: Shaders left to compile 2
[2019.05.12-19.50.41:510][326]LogFbx: Warning: Triangulating static mesh pCube62
[2019.05.12-19.50.41:532][326]LogStaticMesh: Building static mesh corridorDoor_pCube62...
[2019.05.12-19.50.41:533][326]LogStaticMesh: Built static mesh [0.00s] /Game/Premade_SM/final_sm/corridor_door/corridorDoor_pCube62.corridorDoor_pCube62
[2019.05.12-19.50.41:544][326]LogFbx: Warning: Triangulating static mesh pCube63
[2019.05.12-19.50.41:554][326]LogStaticMesh: Building static mesh corridorDoor_pCube63...
[2019.05.12-19.50.41:557][326]LogStaticMesh: Built static mesh [0.00s] /Game/Premade_SM/final_sm/corridor_door/corridorDoor_pCube63.corridorDoor_pCube63
[2019.05.12-19.50.41:576][326]FBXImport: Warning: No smoothing group information was found in this FBX scene.  Please make sure to enable the 'Export Smoothing Groups' option in the FBX Exporter plug-in before exporting the file.  Even for tools that don't support smoothing groups, the FBX Exporter will generate appropriate smoothing data at export-time so that correct vertex normals can be inferred while importing. 
[2019.05.12-19.50.43:186][387]LogSlate: Window 'Message Log' being destroyed
[2019.05.12-19.50.43:201][387]LogSlate: Window 'Message Log' being destroyed
[2019.05.12-19.50.45:934][454]LogSlate: Window 'Delete Assets' being destroyed
[2019.05.12-19.50.47:770][514]LogActorFactory: Actor Factory created corridorDoor_pCube62
[2019.05.12-19.50.47:773][514]LogActorFactory: Actor Factory created corridorDoor_pCube63
[2019.05.12-19.50.50:419][651]LogActorFactory: Actor Factory created corridorDoor_pCube62
[2019.05.12-19.50.50:435][651]LogActorFactory: Actor Factory created corridorDoor_pCube63
[2019.05.12-19.51.10:178][787]LogEditorViewport: Clicking on Actor (LMB): StaticMeshActor (SM_BlockMeshPrototypeModules_SM_Block_Floor252)
[2019.05.12-19.51.13:592][985]LogEditorViewport: Clicking on Actor (LMB): StaticMeshActor (corridorDoor_pCube62)
[2019.05.12-19.51.14:926][ 55]LogEditorViewport: Clicking on Actor (LMB): StaticMeshActor (corridorDoor_pCube63)
[2019.05.12-19.51.16:792][139]LogEditorViewport: Clicking on Actor (LMB): StaticMeshActor (wall_pass_2_pCube59)
[2019.05.12-19.51.22:778][468]LogEditorViewport: Clicking on Actor (LMB): StaticMeshActor (SM_BlockMeshPrototypeModules_SM_Block_Cube109)
[2019.05.12-19.51.24:848][587]LogEditorViewport: Clicking on Actor (LMB): StaticMeshActor (corridorDoor_pCube62)
[2019.05.12-19.51.25:724][635]LogEditorViewport: Clicking on Actor (LMB): StaticMeshActor (corridorDoor_pCube63)
[2019.05.12-19.51.26:138][656]LogEditorViewport: Clicking on Actor (LMB): StaticMeshActor (corridorDoor_pCube62)
[2019.05.12-19.51.27:734][742]LogSlate: FSceneViewport::OnFocusLost() reason 2
[2019.05.12-19.51.31:854][982]LogEditorViewport: Clicking on Actor (LMB): StaticMeshActor (SM_BlockMeshPrototypeModules_SM_Block_Floor252)
[2019.05.12-19.51.33:724][ 77]LogEditorViewport: Clicking on Actor (LMB): StaticMeshActor (SM_BlockMeshPrototypeModules_SM_Block_Floor252)
[2019.05.12-19.51.42:561][523]LogEditorViewport: Clicking on Actor (LMB): StaticMeshActor (SM_BlockMeshPrototypeModules_SM_Block_Floor262)
[2019.05.12-19.51.46:020][694]Cmd: DELETE
[2019.05.12-19.51.46:020][694]Cmd: ACTOR DELETE
[2019.05.12-19.51.46:065][694]LogEditorActor: Deleted Actor: StaticMeshActor
[2019.05.12-19.51.46:092][694]LogEditorActor: Deleted 1 Actors (0.072 secs)
[2019.05.12-19.52.01:075][506]LogSlate: FSceneViewport::OnFocusLost() reason 2
[2019.05.12-19.52.02:300][506]LogSavePackage: Moving '../../../../../../Users/Andrew/Documents/NYU/Spring 2019/Level Design/Final/Saved/park_midterm_greybox55436FDC424FD1A2C72F4BA91092BD82.tmp' to '../../../../../../Users/Andrew/Documents/NYU/Spring 2019/Level Design/Final/Content/park_midterm_greybox.umap'
[2019.05.12-19.52.03:220][506]LogSavePackage: Moving '../../../../../../Users/Andrew/Documents/NYU/Spring 2019/Level Design/Final/Saved/park_midterm_greybox_BuiltDataBBC3B897424A5D6383E76CAE4971CDB0.tmp' to '../../../../../../Users/Andrew/Documents/NYU/Spring 2019/Level Design/Final/Content/park_midterm_greybox_BuiltData.uasset'
[2019.05.12-19.52.04:584][577]LogSlate: FSceneViewport::OnFocusLost() reason 0
