Log file open, 05/20/19 02:42:53
LogWindows: Failed to load 'aqProf.dll' (GetLastError=126)
LogWindows: File 'aqProf.dll' does not exist
LogWindows: Failed to load 'VtuneApi.dll' (GetLastError=126)
LogWindows: File 'VtuneApi.dll' does not exist
LogWindows: Failed to load 'VtuneApi32e.dll' (GetLastError=126)
LogWindows: File 'VtuneApi32e.dll' does not exist
LogConsoleResponse: Display: Failed to find resolution value strings in scalability ini. Falling back to default.
LogInit: Display: Running engine for game: week02_graybox_hw
LogPakFile: Registered encryption key '00000000000000000000000000000000': 0 pak files mounted, 0 remain pending
LogPlatformFile: Not using cached read wrapper
LogTaskGraph: Started task graph with 5 named threads and 23 total threads with 3 sets of task threads.
LogStats: Stats thread started at 0.324434
LogD3D11RHI: Loaded GFSDK_Aftermath_Lib.x64.dll
LogICUInternationalization: ICU TimeZone Detection - Raw Offset: -5:00, Platform Override: ''
LogPluginManager: Mounting plugin Paper2D
LogPluginManager: Mounting plugin AISupport
LogPluginManager: Mounting plugin LightPropagationVolume
LogPluginManager: Mounting plugin ActorLayerUtilities
LogPluginManager: Mounting plugin CLionSourceCodeAccess
LogPluginManager: Mounting plugin CodeLiteSourceCodeAccess
LogPluginManager: Mounting plugin GitSourceControl
LogPluginManager: Mounting plugin KDevelopSourceCodeAccess
LogPluginManager: Mounting plugin NullSourceCodeAccess
LogPluginManager: Mounting plugin PerforceSourceControl
LogPluginManager: Mounting plugin SubversionSourceControl
LogPluginManager: Mounting plugin UObjectPlugin
LogPluginManager: Mounting plugin VisualStudioCodeSourceCodeAccess
LogPluginManager: Mounting plugin VisualStudioSourceCodeAccess
LogPluginManager: Mounting plugin XCodeSourceCodeAccess
LogPluginManager: Mounting plugin AssetManagerEditor
LogPluginManager: Mounting plugin CryptoKeys
LogPluginManager: Mounting plugin DataValidation
LogPluginManager: Mounting plugin FacialAnimation
LogPluginManager: Mounting plugin GameplayTagsEditor
LogPluginManager: Mounting plugin MacGraphicsSwitching
LogPluginManager: Mounting plugin MeshEditor
LogPluginManager: Mounting plugin MobileLauncherProfileWizard
LogPluginManager: Mounting plugin PluginBrowser
LogPluginManager: Mounting plugin SpeedTreeImporter
LogPluginManager: Mounting plugin DatasmithContent
LogPluginManager: Mounting plugin VariantManagerContent
LogPluginManager: Mounting plugin AlembicImporter
LogPluginManager: Mounting plugin AppleImageUtils
LogPluginManager: Mounting plugin AppleVision
LogPluginManager: Mounting plugin BackChannel
LogPluginManager: Mounting plugin CharacterAI
LogPluginManager: Mounting plugin GeometryCache
LogPluginManager: Mounting plugin HTML5Networking
LogPluginManager: Mounting plugin ProxyLODPlugin
LogPluginManager: Mounting plugin MagicLeap
LogPluginManager: Mounting plugin MagicLeapMedia
LogPluginManager: Mounting plugin AndroidMedia
LogPluginManager: Mounting plugin AvfMedia
LogPluginManager: Mounting plugin ImgMedia
LogPluginManager: Mounting plugin LinearTimecode
LogPluginManager: Mounting plugin MediaCompositing
LogPluginManager: Mounting plugin MediaPlayerEditor
LogPluginManager: Mounting plugin WebMMedia
LogPluginManager: Mounting plugin WmfMedia
LogPluginManager: Mounting plugin TcpMessaging
LogPluginManager: Mounting plugin UdpMessaging
LogPluginManager: Mounting plugin ActorSequence
LogPluginManager: Mounting plugin LevelSequenceEditor
LogPluginManager: Mounting plugin MatineeToLevelSequence
LogPluginManager: Mounting plugin NetcodeUnitTest
LogPluginManager: Mounting plugin NUTUnrealEngine4
LogPluginManager: Mounting plugin OnlineSubsystemGooglePlay
LogPluginManager: Mounting plugin OnlineSubsystemIOS
LogPluginManager: Mounting plugin OnlineSubsystem
LogPluginManager: Mounting plugin OnlineSubsystemNull
LogPluginManager: Mounting plugin OnlineSubsystemUtils
LogPluginManager: Mounting plugin LauncherChunkInstaller
LogPluginManager: Mounting plugin AndroidDeviceProfileSelector
LogPluginManager: Mounting plugin AndroidMoviePlayer
LogPluginManager: Mounting plugin AndroidPermission
LogPluginManager: Mounting plugin AppleMoviePlayer
LogPluginManager: Mounting plugin ArchVisCharacter
LogPluginManager: Mounting plugin AudioCapture
LogPluginManager: Mounting plugin CableComponent
LogPluginManager: Mounting plugin CustomMeshComponent
LogPluginManager: Mounting plugin EditableMesh
LogPluginManager: Mounting plugin ExampleDeviceProfileSelector
LogPluginManager: Mounting plugin Firebase
LogPluginManager: Mounting plugin GoogleCloudMessaging
LogPluginManager: Mounting plugin IOSDeviceProfileSelector
LogPluginManager: Mounting plugin LinuxDeviceProfileSelector
LogPluginManager: Mounting plugin LocationServicesBPLibrary
LogPluginManager: Mounting plugin MobilePatchingUtils
LogPluginManager: Mounting plugin OculusVR
LogPluginManager: Mounting plugin PhysXVehicles
LogPluginManager: Mounting plugin ProceduralMeshComponent
LogPluginManager: Mounting plugin RuntimePhysXCooking
LogPluginManager: Mounting plugin SteamVR
LogPluginManager: Mounting plugin WebMMoviePlayer
LogPluginManager: Mounting plugin WindowsMoviePlayer
LogStreaming: Display: Took  0.187s to configure plugins.
LogInit: Using libcurl 7.55.1-DEV
LogInit:  - built for x86_64-pc-win32
LogInit:  - supports SSL with OpenSSL/1.0.2h
LogInit:  - supports HTTP deflate (compression) using libz 1.2.8
LogInit:  - other features:
LogInit:      CURL_VERSION_SSL
LogInit:      CURL_VERSION_LIBZ
LogInit:      CURL_VERSION_IPV6
LogInit:      CURL_VERSION_ASYNCHDNS
LogInit:      CURL_VERSION_LARGEFILE
LogInit:      CURL_VERSION_IDN
LogInit:  CurlRequestOptions (configurable via config and command line):
LogInit:  - bVerifyPeer = true  - Libcurl will verify peer certificate
LogInit:  - bUseHttpProxy = false  - Libcurl will NOT use HTTP proxy
LogInit:  - bDontReuseConnections = false  - Libcurl will reuse connections
LogInit:  - MaxHostConnections = 16  - Libcurl will limit the number of connections to a host
LogInit:  - LocalHostAddr = Default
LogInit:  - BufferSize = 65536
LogInit: WinSock: version 1.1 (2.2), MaxSocks=32767, MaxUdp=65467
LogInit: Build: ++UE4+Release-4.21-CL-4753647
LogInit: Engine Version: 4.21.2-4753647+++UE4+Release-4.21
LogInit: Compatible Engine Version: 4.21.0-4541578+++UE4+Release-4.21
LogInit: Net CL: 4541578
LogInit: OS: Windows 10 (), CPU: Intel(R) Core(TM) i7-8650U CPU @ 1.90GHz, GPU: Intel(R) UHD Graphics 620
LogInit: Compiled (64-bit): Jan 19 2019 02:07:31
LogInit: Compiled with Visual C++: 19.13.26129.00
LogInit: Build Configuration: Development
LogInit: Branch Name: ++UE4+Release-4.21
LogInit: Command Line:  -EpicPortal -epicusername=sushismooth -epicuserid=9425f773d0b4462d8d4a4e9a78349542 -epiclocale=en-US
LogInit: Base Directory: C:/Program Files/Epic Games/UE_4.21/Engine/Binaries/Win64/
LogInit: Installed Engine Build: 1
LogDevObjectVersion: Number of dev versions registered: 22
LogDevObjectVersion:   Dev-Blueprints (B0D832E4-1F89-4F0D-ACCF-7EB736FD4AA2): 10
LogDevObjectVersion:   Dev-Build (E1C64328-A22C-4D53-A36C-8E866417BD8C): 0
LogDevObjectVersion:   Dev-Core (375EC13C-06E4-48FB-B500-84F0262A717E): 2
LogDevObjectVersion:   Dev-Editor (E4B068ED-F494-42E9-A231-DA0B2E46BB41): 26
LogDevObjectVersion:   Dev-Framework (CFFC743F-43B0-4480-9391-14DF171D2073): 34
LogDevObjectVersion:   Dev-Mobile (B02B49B5-BB20-44E9-A304-32B752E40360): 2
LogDevObjectVersion:   Dev-Networking (A4E4105C-59A1-49B5-A7C5-40C4547EDFEE): 0
LogDevObjectVersion:   Dev-Online (39C831C9-5AE6-47DC-9A44-9C173E1C8E7C): 0
LogDevObjectVersion:   Dev-Physics (78F01B33-EBEA-4F98-B9B4-84EACCB95AA2): 0
LogDevObjectVersion:   Dev-Platform (6631380F-2D4D-43E0-8009-CF276956A95A): 0
LogDevObjectVersion:   Dev-Rendering (12F88B9F-8875-4AFC-A67C-D90C383ABD29): 27
LogDevObjectVersion:   Dev-Sequencer (7B5AE74C-D270-4C10-A958-57980B212A5A): 9
LogDevObjectVersion:   Dev-VR (D7296918-1DD6-4BDD-9DE2-64A83CC13884): 2
LogDevObjectVersion:   Dev-LoadTimes (C2A15278-BFE7-4AFE-6C17-90FF531DF755): 1
LogDevObjectVersion:   Private-Geometry (6EACA3D4-40EC-4CC1-B786-8BED09428FC5): 3
LogDevObjectVersion:   Dev-AnimPhys (29E575DD-E0A3-4627-9D10-D276232CDCEA): 17
LogDevObjectVersion:   Dev-Anim (AF43A65D-7FD3-4947-9873-3E8ED9C1BB05): 2
LogDevObjectVersion:   Dev-ReflectionCapture (6B266CEC-1EC7-4B8F-A30B-E4D90942FC07): 1
LogDevObjectVersion:   Dev-Automation (0DF73D61-A23F-47EA-B727-89E90C41499A): 1
LogDevObjectVersion:   FortniteMain (601D1886-AC64-4F84-AA16-D3DE0DEAC7D6): 17
LogDevObjectVersion:   Dev-Enterprise (9DFFBCD6-494F-0158-E221-12823C92A888): 4
LogDevObjectVersion:   Dev-Niagara (F2AED0AC-9AFE-416F-8664-AA7FFA26D6FC): 1
LogStreaming: Display: Took  0.002s to delete old logs.
LogInit: Presizing for max 8388607 objects, including 0 objects not considered by GC, pre-allocating 0 bytes for permanent pool.
LogInit: Object subsystem initialized
LogConfig: Setting CVar [[con.DebugEarlyDefault:1]]
LogConfig: Setting CVar [[r.setres:1280x720]]
[2019.05.20-06.42.53:735][  0]LogConfig: Setting CVar [[r.VSync:0]]
[2019.05.20-06.42.53:735][  0]LogConfig: Setting CVar [[r.RHICmdBypass:0]]
[2019.05.20-06.42.53:735][  0]LogConfig: Applying CVar settings from Section [/Script/Engine.RendererSettings] File [C:/Users/Andrew/Documents/NYU/Spring 2019/Level Design/Final/Saved/Config/Windows/Engine.ini]
[2019.05.20-06.42.53:735][  0]LogConfig: Setting CVar [[r.GPUCrashDebugging:0]]
[2019.05.20-06.42.53:735][  0]LogConfig: Setting CVar [[r.MobileHDR:1]]
[2019.05.20-06.42.53:735][  0]LogConfig: Setting CVar [[r.Mobile.DisableVertexFog:1]]
[2019.05.20-06.42.53:735][  0]LogConfig: Setting CVar [[r.Shadow.CSM.MaxMobileCascades:2]]
[2019.05.20-06.42.53:735][  0]LogConfig: Setting CVar [[r.MobileMSAA:1]]
[2019.05.20-06.42.53:735][  0]LogConfig: Setting CVar [[r.Mobile.UseLegacyShadingModel:0]]
[2019.05.20-06.42.53:735][  0]LogConfig: Setting CVar [[r.Mobile.AllowDitheredLODTransition:0]]
[2019.05.20-06.42.53:735][  0]LogConfig: Setting CVar [[r.Mobile.AllowSoftwareOcclusion:0]]
[2019.05.20-06.42.53:736][  0]LogConfig: Setting CVar [[r.DiscardUnusedQuality:0]]
[2019.05.20-06.42.53:736][  0]LogConfig: Setting CVar [[r.AllowOcclusionQueries:1]]
[2019.05.20-06.42.53:736][  0]LogConfig: Setting CVar [[r.MinScreenRadiusForLights:0.030000]]
[2019.05.20-06.42.53:736][  0]LogConfig: Setting CVar [[r.MinScreenRadiusForDepthPrepass:0.030000]]
[2019.05.20-06.42.53:736][  0]LogConfig: Setting CVar [[r.MinScreenRadiusForCSMDepth:0.010000]]
[2019.05.20-06.42.53:736][  0]LogConfig: Setting CVar [[r.PrecomputedVisibilityWarning:0]]
[2019.05.20-06.42.53:736][  0]LogConfig: Setting CVar [[r.TextureStreaming:1]]
[2019.05.20-06.42.53:736][  0]LogConfig: Setting CVar [[Compat.UseDXT5NormalMaps:0]]
[2019.05.20-06.42.53:736][  0]LogConfig: Setting CVar [[r.ClearCoatNormal:0]]
[2019.05.20-06.42.53:736][  0]LogConfig: Setting CVar [[r.ReflectionCaptureResolution:128]]
[2019.05.20-06.42.53:736][  0]LogConfig: Setting CVar [[r.ReflectionEnvironmentLightmapMixBasedOnRoughness:1]]
[2019.05.20-06.42.53:736][  0]LogConfig: Setting CVar [[r.ForwardShading:0]]
[2019.05.20-06.42.53:736][  0]LogConfig: Setting CVar [[r.VertexFoggingForOpaque:1]]
[2019.05.20-06.42.53:736][  0]LogConfig: Setting CVar [[r.AllowStaticLighting:1]]
[2019.05.20-06.42.53:736][  0]LogConfig: Setting CVar [[r.NormalMapsForStaticLighting:0]]
[2019.05.20-06.42.53:736][  0]LogConfig: Setting CVar [[r.GenerateMeshDistanceFields:0]]
[2019.05.20-06.42.53:736][  0]LogConfig: Setting CVar [[r.DistanceFieldBuild.EightBit:0]]
[2019.05.20-06.42.53:736][  0]LogConfig: Setting CVar [[r.GenerateLandscapeGIData:0]]
[2019.05.20-06.42.53:736][  0]LogConfig: Setting CVar [[r.DistanceFieldBuild.Compress:0]]
[2019.05.20-06.42.53:737][  0]LogConfig: Setting CVar [[r.TessellationAdaptivePixelsPerTriangle:48.000000]]
[2019.05.20-06.42.53:737][  0]LogConfig: Setting CVar [[r.SeparateTranslucency:1]]
[2019.05.20-06.42.53:737][  0]LogConfig: Setting CVar [[r.TranslucentSortPolicy:0]]
[2019.05.20-06.42.53:737][  0]LogConfig: Setting CVar [[r.CustomDepth:1]]
[2019.05.20-06.42.53:737][  0]LogConfig: Setting CVar [[r.CustomDepthTemporalAAJitter:1]]
[2019.05.20-06.42.53:737][  0]LogConfig: Setting CVar [[r.PostProcessing.PropagateAlpha:0]]
[2019.05.20-06.42.53:737][  0]LogConfig: Setting CVar [[r.DOF.Algorithm:1]]
[2019.05.20-06.42.53:737][  0]LogConfig: Setting CVar [[r.DefaultFeature.Bloom:1]]
[2019.05.20-06.42.53:737][  0]LogConfig: Setting CVar [[r.DefaultFeature.AmbientOcclusion:1]]
[2019.05.20-06.42.53:737][  0]LogConfig: Setting CVar [[r.DefaultFeature.AmbientOcclusionStaticFraction:1]]
[2019.05.20-06.42.53:737][  0]LogConfig: Setting CVar [[r.DefaultFeature.AutoExposure:0]]
[2019.05.20-06.42.53:737][  0]LogConfig: Setting CVar [[r.DefaultFeature.AutoExposure.Method:0]]
[2019.05.20-06.42.53:737][  0]LogConfig: Setting CVar [[r.DefaultFeature.AutoExposure.ExtendDefaultLuminanceRange:0]]
[2019.05.20-06.42.53:737][  0]LogConfig: Setting CVar [[r.UsePreExposure:0]]
[2019.05.20-06.42.53:737][  0]LogConfig: Setting CVar [[r.DefaultFeature.MotionBlur:0]]
[2019.05.20-06.42.53:737][  0]LogConfig: Setting CVar [[r.DefaultFeature.LensFlare:0]]
[2019.05.20-06.42.53:737][  0]LogConfig: Setting CVar [[r.TemporalAA.Upsampling:0]]
[2019.05.20-06.42.53:738][  0]LogConfig: Setting CVar [[r.DefaultFeature.AntiAliasing:0]]
[2019.05.20-06.42.53:738][  0]LogConfig: Setting CVar [[r.DefaultFeature.LightUnits:1]]
[2019.05.20-06.42.53:738][  0]LogConfig: Setting CVar [[r.DefaultBackBufferPixelFormat:4]]
[2019.05.20-06.42.53:738][  0]LogConfig: Setting CVar [[r.Shadow.UnbuiltPreviewInGame:1]]
[2019.05.20-06.42.53:738][  0]LogConfig: Setting CVar [[r.StencilForLODDither:0]]
[2019.05.20-06.42.53:738][  0]LogConfig: Setting CVar [[r.EarlyZPass:3]]
[2019.05.20-06.42.53:738][  0]LogConfig: Setting CVar [[r.EarlyZPassMovable:1]]
[2019.05.20-06.42.53:738][  0]LogConfig: Setting CVar [[r.EarlyZPassOnlyMaterialMasking:0]]
[2019.05.20-06.42.53:738][  0]LogConfig: Setting CVar [[r.DBuffer:1]]
[2019.05.20-06.42.53:738][  0]LogConfig: Setting CVar [[r.ClearSceneMethod:1]]
[2019.05.20-06.42.53:738][  0]LogConfig: Setting CVar [[r.BasePassOutputsVelocity:0]]
[2019.05.20-06.42.53:738][  0]LogConfig: Setting CVar [[r.SelectiveBasePassOutputs:0]]
[2019.05.20-06.42.53:738][  0]LogConfig: Setting CVar [[fx.GPUSimulationTextureSizeX:1024]]
[2019.05.20-06.42.53:739][  0]LogConfig: Setting CVar [[fx.GPUSimulationTextureSizeY:1024]]
[2019.05.20-06.42.53:739][  0]LogConfig: Setting CVar [[r.AllowGlobalClipPlane:0]]
[2019.05.20-06.42.53:739][  0]LogConfig: Setting CVar [[r.GBufferFormat:1]]
[2019.05.20-06.42.53:739][  0]LogConfig: Setting CVar [[r.MorphTarget.Mode:1]]
[2019.05.20-06.42.53:739][  0]LogConfig: Setting CVar [[vr.InstancedStereo:0]]
[2019.05.20-06.42.53:739][  0]LogConfig: Setting CVar [[vr.MultiView:0]]
[2019.05.20-06.42.53:739][  0]LogConfig: Setting CVar [[vr.MobileMultiView:0]]
[2019.05.20-06.42.53:739][  0]LogConfig: Setting CVar [[vr.MobileMultiView.Direct:0]]
[2019.05.20-06.42.53:739][  0]LogConfig: Setting CVar [[vr.MonoscopicFarField:0]]
[2019.05.20-06.42.53:739][  0]LogConfig: Setting CVar [[vr.RoundRobinOcclusion:0]]
[2019.05.20-06.42.53:739][  0]LogConfig: Setting CVar [[vr.ODSCapture:0]]
[2019.05.20-06.42.53:739][  0]LogConfig: Setting CVar [[r.WireframeCullThreshold:5.000000]]
[2019.05.20-06.42.53:739][  0]LogConfig: Setting CVar [[r.SupportStationarySkylight:1]]
[2019.05.20-06.42.53:739][  0]LogConfig: Setting CVar [[r.SupportLowQualityLightmaps:1]]
[2019.05.20-06.42.53:739][  0]LogConfig: Setting CVar [[r.SupportPointLightWholeSceneShadows:1]]
[2019.05.20-06.42.53:739][  0]LogConfig: Setting CVar [[r.SupportAtmosphericFog:1]]
[2019.05.20-06.42.53:739][  0]LogConfig: Setting CVar [[r.SkinCache.CompileShaders:0]]
[2019.05.20-06.42.53:739][  0]LogConfig: Setting CVar [[r.Mobile.EnableStaticAndCSMShadowReceivers:1]]
[2019.05.20-06.42.53:740][  0]LogConfig: Setting CVar [[r.Mobile.EnableMovableLightCSMShaderCulling:1]]
[2019.05.20-06.42.53:740][  0]LogConfig: Setting CVar [[r.Mobile.AllowDistanceFieldShadows:1]]
[2019.05.20-06.42.53:740][  0]LogConfig: Setting CVar [[r.Mobile.AllowMovableDirectionalLights:1]]
[2019.05.20-06.42.53:740][  0]LogConfig: Setting CVar [[r.MobileNumDynamicPointLights:4]]
[2019.05.20-06.42.53:740][  0]LogConfig: Setting CVar [[r.MobileDynamicPointLightsUseStaticBranch:1]]
[2019.05.20-06.42.53:740][  0]LogConfig: Setting CVar [[r.SkinCache.SceneMemoryLimitInMB:128.000000]]
[2019.05.20-06.42.53:740][  0]LogConfig: Setting CVar [[r.GPUSkin.Limit2BoneInfluences:0]]
[2019.05.20-06.42.53:740][  0]LogConfig: Setting CVar [[r.SupportDepthOnlyIndexBuffers:1]]
[2019.05.20-06.42.53:740][  0]LogConfig: Setting CVar [[r.SupportReversedIndexBuffers:1]]
[2019.05.20-06.42.53:740][  0]LogConfig: Setting CVar [[r.SupportMaterialLayers:0]]
[2019.05.20-06.42.53:740][  0]LogConfig: Applying CVar settings from Section [/Script/Engine.RendererOverrideSettings] File [C:/Users/Andrew/Documents/NYU/Spring 2019/Level Design/Final/Saved/Config/Windows/Engine.ini]
[2019.05.20-06.42.53:740][  0]LogConfig: Applying CVar settings from Section [/Script/Engine.StreamingSettings] File [C:/Users/Andrew/Documents/NYU/Spring 2019/Level Design/Final/Saved/Config/Windows/Engine.ini]
[2019.05.20-06.42.53:740][  0]LogConfig: Setting CVar [[s.MinBulkDataSizeForAsyncLoading:131072]]
[2019.05.20-06.42.53:740][  0]LogConfig: Setting CVar [[s.AsyncLoadingThreadEnabled:0]]
[2019.05.20-06.42.53:740][  0]LogConfig: Setting CVar [[s.EventDrivenLoaderEnabled:1]]
[2019.05.20-06.42.53:740][  0]LogConfig: Setting CVar [[s.WarnIfTimeLimitExceeded:0]]
[2019.05.20-06.42.53:741][  0]LogConfig: Setting CVar [[s.TimeLimitExceededMultiplier:1.5]]
[2019.05.20-06.42.53:741][  0]LogConfig: Setting CVar [[s.TimeLimitExceededMinTime:0.005]]
[2019.05.20-06.42.53:741][  0]LogConfig: Setting CVar [[s.UseBackgroundLevelStreaming:1]]
[2019.05.20-06.42.53:741][  0]LogConfig: Setting CVar [[s.PriorityAsyncLoadingExtraTime:15.0]]
[2019.05.20-06.42.53:741][  0]LogConfig: Setting CVar [[s.LevelStreamingActorsUpdateTimeLimit:5.0]]
[2019.05.20-06.42.53:741][  0]LogConfig: Setting CVar [[s.PriorityLevelStreamingActorsUpdateExtraTime:5.0]]
[2019.05.20-06.42.53:741][  0]LogConfig: Setting CVar [[s.LevelStreamingComponentsRegistrationGranularity:10]]
[2019.05.20-06.42.53:741][  0]LogConfig: Setting CVar [[s.UnregisterComponentsTimeLimit:1.0]]
[2019.05.20-06.42.53:741][  0]LogConfig: Setting CVar [[s.LevelStreamingComponentsUnregistrationGranularity:5]]
[2019.05.20-06.42.53:741][  0]LogConfig: Applying CVar settings from Section [/Script/Engine.GarbageCollectionSettings] File [C:/Users/Andrew/Documents/NYU/Spring 2019/Level Design/Final/Saved/Config/Windows/Engine.ini]
[2019.05.20-06.42.53:741][  0]LogConfig: Setting CVar [[gc.MaxObjectsNotConsideredByGC:1]]
[2019.05.20-06.42.53:741][  0]LogConfig: Setting CVar [[gc.SizeOfPermanentObjectPool:0]]
[2019.05.20-06.42.53:741][  0]LogConfig: Setting CVar [[gc.FlushStreamingOnGC:0]]
[2019.05.20-06.42.53:741][  0]LogConfig: Setting CVar [[gc.NumRetriesBeforeForcingGC:10]]
[2019.05.20-06.42.53:741][  0]LogConfig: Setting CVar [[gc.AllowParallelGC:1]]
[2019.05.20-06.42.53:741][  0]LogConfig: Setting CVar [[gc.TimeBetweenPurgingPendingKillObjects:61.1]]
[2019.05.20-06.42.53:741][  0]LogConfig: Setting CVar [[gc.MaxObjectsInEditor:8388607]]
[2019.05.20-06.42.53:741][  0]LogConfig: Setting CVar [[gc.IncrementalBeginDestroyEnabled:1]]
[2019.05.20-06.42.53:742][  0]LogConfig: Setting CVar [[gc.CreateGCClusters:1]]
[2019.05.20-06.42.53:742][  0]LogConfig: Setting CVar [[gc.MergeGCClusters:0]]
[2019.05.20-06.42.53:742][  0]LogConfig: Setting CVar [[gc.MinGCClusterSize:5]]
[2019.05.20-06.42.53:742][  0]LogConfig: Setting CVar [[gc.ActorClusteringEnabled:0]]
[2019.05.20-06.42.53:742][  0]LogConfig: Setting CVar [[gc.BlueprintClusteringEnabled:0]]
[2019.05.20-06.42.53:742][  0]LogConfig: Setting CVar [[gc.UseDisregardForGCOnDedicatedServers:0]]
[2019.05.20-06.42.53:742][  0]LogConfig: Applying CVar settings from Section [/Script/Engine.NetworkSettings] File [C:/Users/Andrew/Documents/NYU/Spring 2019/Level Design/Final/Saved/Config/Windows/Engine.ini]
[2019.05.20-06.42.53:742][  0]LogConfig: Applying CVar settings from Section [/Script/UnrealEd.CookerSettings] File [C:/Users/Andrew/Documents/NYU/Spring 2019/Level Design/Final/Saved/Config/Windows/Engine.ini]
[2019.05.20-06.42.53:749][  0]LogConfig: Applying CVar settings from Section [ViewDistanceQuality@3] File [C:/Users/Andrew/Documents/NYU/Spring 2019/Level Design/Final/Saved/Config/Windows/Scalability.ini]
[2019.05.20-06.42.53:749][  0]LogConfig: Setting CVar [[r.SkeletalMeshLODBias:0]]
[2019.05.20-06.42.53:749][  0]LogConfig: Setting CVar [[r.ViewDistanceScale:1.0]]
[2019.05.20-06.42.53:749][  0]LogConfig: Applying CVar settings from Section [AntiAliasingQuality@3] File [C:/Users/Andrew/Documents/NYU/Spring 2019/Level Design/Final/Saved/Config/Windows/Scalability.ini]
[2019.05.20-06.42.53:749][  0]LogConfig: Setting CVar [[r.PostProcessAAQuality:4]]
[2019.05.20-06.42.53:749][  0]LogConfig: Applying CVar settings from Section [ShadowQuality@3] File [C:/Users/Andrew/Documents/NYU/Spring 2019/Level Design/Final/Saved/Config/Windows/Scalability.ini]
[2019.05.20-06.42.53:749][  0]LogConfig: Setting CVar [[r.LightFunctionQuality:1]]
[2019.05.20-06.42.53:750][  0]LogConfig: Setting CVar [[r.ShadowQuality:5]]
[2019.05.20-06.42.53:750][  0]LogConfig: Setting CVar [[r.Shadow.CSM.MaxCascades:10]]
[2019.05.20-06.42.53:750][  0]LogConfig: Setting CVar [[r.Shadow.MaxResolution:2048]]
[2019.05.20-06.42.53:750][  0]LogConfig: Setting CVar [[r.Shadow.MaxCSMResolution:2048]]
[2019.05.20-06.42.53:750][  0]LogConfig: Setting CVar [[r.Shadow.RadiusThreshold:0.01]]
[2019.05.20-06.42.53:750][  0]LogConfig: Setting CVar [[r.Shadow.DistanceScale:1.0]]
[2019.05.20-06.42.53:750][  0]LogConfig: Setting CVar [[r.Shadow.CSM.TransitionScale:1.0]]
[2019.05.20-06.42.53:750][  0]LogConfig: Setting CVar [[r.Shadow.PreShadowResolutionFactor:1.0]]
[2019.05.20-06.42.53:750][  0]LogConfig: Setting CVar [[r.DistanceFieldShadowing:1]]
[2019.05.20-06.42.53:750][  0]LogConfig: Setting CVar [[r.DistanceFieldAO:1]]
[2019.05.20-06.42.53:750][  0]LogConfig: Setting CVar [[r.AOQuality:2]]
[2019.05.20-06.42.53:750][  0]LogConfig: Setting CVar [[r.VolumetricFog:1]]
[2019.05.20-06.42.53:750][  0]LogConfig: Setting CVar [[r.VolumetricFog.GridPixelSize:8]]
[2019.05.20-06.42.53:750][  0]LogConfig: Setting CVar [[r.VolumetricFog.GridSizeZ:128]]
[2019.05.20-06.42.53:750][  0]LogConfig: Setting CVar [[r.VolumetricFog.HistoryMissSupersampleCount:4]]
[2019.05.20-06.42.53:750][  0]LogConfig: Setting CVar [[r.LightMaxDrawDistanceScale:1]]
[2019.05.20-06.42.53:750][  0]LogConfig: Setting CVar [[r.CapsuleShadows:1]]
[2019.05.20-06.42.53:750][  0]LogConfig: Applying CVar settings from Section [PostProcessQuality@3] File [C:/Users/Andrew/Documents/NYU/Spring 2019/Level Design/Final/Saved/Config/Windows/Scalability.ini]
[2019.05.20-06.42.53:750][  0]LogConfig: Setting CVar [[r.MotionBlurQuality:4]]
[2019.05.20-06.42.53:750][  0]LogConfig: Setting CVar [[r.AmbientOcclusionMipLevelFactor:0.4]]
[2019.05.20-06.42.53:750][  0]LogConfig: Setting CVar [[r.AmbientOcclusionMaxQuality:100]]
[2019.05.20-06.42.53:750][  0]LogConfig: Setting CVar [[r.AmbientOcclusionLevels:-1]]
[2019.05.20-06.42.53:750][  0]LogConfig: Setting CVar [[r.AmbientOcclusionRadiusScale:1.0]]
[2019.05.20-06.42.53:750][  0]LogConfig: Setting CVar [[r.DepthOfFieldQuality:2]]
[2019.05.20-06.42.53:750][  0]LogConfig: Setting CVar [[r.RenderTargetPoolMin:400]]
[2019.05.20-06.42.53:750][  0]LogConfig: Setting CVar [[r.LensFlareQuality:2]]
[2019.05.20-06.42.53:750][  0]LogConfig: Setting CVar [[r.SceneColorFringeQuality:1]]
[2019.05.20-06.42.53:750][  0]LogConfig: Setting CVar [[r.EyeAdaptationQuality:2]]
[2019.05.20-06.42.53:750][  0]LogConfig: Setting CVar [[r.BloomQuality:5]]
[2019.05.20-06.42.53:750][  0]LogConfig: Setting CVar [[r.FastBlurThreshold:100]]
[2019.05.20-06.42.53:750][  0]LogConfig: Setting CVar [[r.Upscale.Quality:3]]
[2019.05.20-06.42.53:750][  0]LogConfig: Setting CVar [[r.Tonemapper.GrainQuantization:1]]
[2019.05.20-06.42.53:750][  0]LogConfig: Setting CVar [[r.LightShaftQuality:1]]
[2019.05.20-06.42.53:750][  0]LogConfig: Setting CVar [[r.Filter.SizeScale:1]]
[2019.05.20-06.42.53:750][  0]LogConfig: Setting CVar [[r.Tonemapper.Quality:5]]
[2019.05.20-06.42.53:750][  0]LogConfig: Setting CVar [[r.DOF.Gather.AccumulatorQuality:1        ; higher gathering accumulator quality]]
[2019.05.20-06.42.53:750][  0]LogConfig: Setting CVar [[r.DOF.Gather.PostfilterMethod:1          ; Median3x3 postfilering method]]
[2019.05.20-06.42.53:750][  0]LogConfig: Setting CVar [[r.DOF.Gather.EnableBokehSettings:0       ; no bokeh simulation when gathering]]
[2019.05.20-06.42.53:750][  0]LogConfig: Setting CVar [[r.DOF.Gather.RingCount:4                 ; medium number of samples when gathering]]
[2019.05.20-06.42.53:750][  0]LogConfig: Setting CVar [[r.DOF.Scatter.ForegroundCompositing:1    ; additive foreground scattering]]
[2019.05.20-06.42.53:750][  0]LogConfig: Setting CVar [[r.DOF.Scatter.BackgroundCompositing:2    ; additive background scattering]]
[2019.05.20-06.42.53:751][  0]LogConfig: Setting CVar [[r.DOF.Scatter.EnableBokehSettings:1      ; bokeh simulation when scattering]]
[2019.05.20-06.42.53:751][  0]LogConfig: Setting CVar [[r.DOF.Scatter.MaxSpriteRatio:0.1         ; only a maximum of 10% of scattered bokeh]]
[2019.05.20-06.42.53:751][  0]LogConfig: Setting CVar [[r.DOF.Recombine.Quality:1                ; cheap slight out of focus]]
[2019.05.20-06.42.53:751][  0]LogConfig: Setting CVar [[r.DOF.Recombine.EnableBokehSettings:0    ; no bokeh simulation on slight out of focus]]
[2019.05.20-06.42.53:751][  0]LogConfig: Setting CVar [[r.DOF.TemporalAAQuality:1                ; more stable temporal accumulation]]
[2019.05.20-06.42.53:751][  0]LogConfig: Setting CVar [[r.DOF.Kernel.MaxForegroundRadius:0.025]]
[2019.05.20-06.42.53:751][  0]LogConfig: Setting CVar [[r.DOF.Kernel.MaxBackgroundRadius:0.025]]
[2019.05.20-06.42.53:751][  0]LogConfig: Applying CVar settings from Section [TextureQuality@3] File [C:/Users/Andrew/Documents/NYU/Spring 2019/Level Design/Final/Saved/Config/Windows/Scalability.ini]
[2019.05.20-06.42.53:751][  0]LogConfig: Setting CVar [[r.Streaming.MipBias:0]]
[2019.05.20-06.42.53:751][  0]LogConfig: Setting CVar [[r.Streaming.AmortizeCPUToGPUCopy:0]]
[2019.05.20-06.42.53:751][  0]LogConfig: Setting CVar [[r.Streaming.MaxNumTexturesToStreamPerFrame:0]]
[2019.05.20-06.42.53:751][  0]LogConfig: Setting CVar [[r.Streaming.Boost:1]]
[2019.05.20-06.42.53:751][  0]LogConfig: Setting CVar [[r.MaxAnisotropy:8]]
[2019.05.20-06.42.53:751][  0]LogConfig: Setting CVar [[r.Streaming.LimitPoolSizeToVRAM:0]]
[2019.05.20-06.42.53:751][  0]LogConfig: Setting CVar [[r.Streaming.PoolSize:1000]]
[2019.05.20-06.42.53:751][  0]LogConfig: Setting CVar [[r.Streaming.MaxEffectiveScreenSize:0]]
[2019.05.20-06.42.53:751][  0]LogConfig: Applying CVar settings from Section [EffectsQuality@3] File [C:/Users/Andrew/Documents/NYU/Spring 2019/Level Design/Final/Saved/Config/Windows/Scalability.ini]
[2019.05.20-06.42.53:751][  0]LogConfig: Setting CVar [[r.TranslucencyLightingVolumeDim:64]]
[2019.05.20-06.42.53:751][  0]LogConfig: Setting CVar [[r.RefractionQuality:2]]
[2019.05.20-06.42.53:751][  0]LogConfig: Setting CVar [[r.SSR.Quality:3]]
[2019.05.20-06.42.53:751][  0]LogConfig: Setting CVar [[r.SceneColorFormat:4]]
[2019.05.20-06.42.53:751][  0]LogConfig: Setting CVar [[r.DetailMode:2]]
[2019.05.20-06.42.53:751][  0]LogConfig: Setting CVar [[r.TranslucencyVolumeBlur:1]]
[2019.05.20-06.42.53:751][  0]LogConfig: Setting CVar [[r.MaterialQualityLevel:1 ; High quality]]
[2019.05.20-06.42.53:751][  0]LogConfig: Setting CVar [[r.SSS.Scale:1]]
[2019.05.20-06.42.53:751][  0]LogConfig: Setting CVar [[r.SSS.SampleSet:2]]
[2019.05.20-06.42.53:751][  0]LogConfig: Setting CVar [[r.SSS.Quality:1]]
[2019.05.20-06.42.53:751][  0]LogConfig: Setting CVar [[r.SSS.HalfRes:1]]
[2019.05.20-06.42.53:751][  0]LogConfig: Setting CVar [[r.EmitterSpawnRateScale:1.0]]
[2019.05.20-06.42.53:751][  0]LogConfig: Setting CVar [[r.ParticleLightQuality:2]]
[2019.05.20-06.42.53:751][  0]LogConfig: Applying CVar settings from Section [FoliageQuality@3] File [C:/Users/Andrew/Documents/NYU/Spring 2019/Level Design/Final/Saved/Config/Windows/Scalability.ini]
[2019.05.20-06.42.53:751][  0]LogConfig: Setting CVar [[foliage.DensityScale:1.0]]
[2019.05.20-06.42.53:751][  0]LogConfig: Setting CVar [[grass.DensityScale:1.0]]
[2019.05.20-06.42.53:751][  0]LogInit: Selected Device Profile: [Windows]
[2019.05.20-06.42.53:751][  0]LogInit: Applying CVar settings loaded from the selected device profile: [Windows]
[2019.05.20-06.42.53:784][  0]LogHAL: Display: Platform has ~ 16 GB [17101139968 / 17179869184 / 16], which maps to Larger [LargestMinGB=32, LargerMinGB=12, DefaultMinGB=8, SmallerMinGB=6, SmallestMinGB=0)
[2019.05.20-06.42.53:784][  0]LogConfig: Setting CVar [[r.Vulkan.UseRealUBs:1]]
[2019.05.20-06.42.53:784][  0]LogInit: Going up to parent DeviceProfile []
[2019.05.20-06.42.53:784][  0]LogConfig: Applying CVar settings from Section [ViewDistanceQuality@3] File [C:/Users/Andrew/Documents/NYU/Spring 2019/Level Design/Final/Saved/Config/Windows/Scalability.ini]
[2019.05.20-06.42.53:784][  0]LogConfig: Setting CVar [[r.SkeletalMeshLODBias:0]]
[2019.05.20-06.42.53:784][  0]LogConfig: Setting CVar [[r.ViewDistanceScale:1.0]]
[2019.05.20-06.42.53:784][  0]LogConfig: Applying CVar settings from Section [AntiAliasingQuality@3] File [C:/Users/Andrew/Documents/NYU/Spring 2019/Level Design/Final/Saved/Config/Windows/Scalability.ini]
[2019.05.20-06.42.53:784][  0]LogConfig: Setting CVar [[r.PostProcessAAQuality:4]]
[2019.05.20-06.42.53:784][  0]LogConfig: Applying CVar settings from Section [ShadowQuality@3] File [C:/Users/Andrew/Documents/NYU/Spring 2019/Level Design/Final/Saved/Config/Windows/Scalability.ini]
[2019.05.20-06.42.53:784][  0]LogConfig: Setting CVar [[r.LightFunctionQuality:1]]
[2019.05.20-06.42.53:784][  0]LogConfig: Setting CVar [[r.ShadowQuality:5]]
[2019.05.20-06.42.53:784][  0]LogConfig: Setting CVar [[r.Shadow.CSM.MaxCascades:10]]
[2019.05.20-06.42.53:785][  0]LogConfig: Setting CVar [[r.Shadow.MaxResolution:2048]]
[2019.05.20-06.42.53:785][  0]LogConfig: Setting CVar [[r.Shadow.MaxCSMResolution:2048]]
[2019.05.20-06.42.53:785][  0]LogConfig: Setting CVar [[r.Shadow.RadiusThreshold:0.01]]
[2019.05.20-06.42.53:785][  0]LogConfig: Setting CVar [[r.Shadow.DistanceScale:1.0]]
[2019.05.20-06.42.53:785][  0]LogConfig: Setting CVar [[r.Shadow.CSM.TransitionScale:1.0]]
[2019.05.20-06.42.53:785][  0]LogConfig: Setting CVar [[r.Shadow.PreShadowResolutionFactor:1.0]]
[2019.05.20-06.42.53:785][  0]LogConfig: Setting CVar [[r.DistanceFieldShadowing:1]]
[2019.05.20-06.42.53:785][  0]LogConfig: Setting CVar [[r.DistanceFieldAO:1]]
[2019.05.20-06.42.53:785][  0]LogConfig: Setting CVar [[r.AOQuality:2]]
[2019.05.20-06.42.53:785][  0]LogConfig: Setting CVar [[r.VolumetricFog:1]]
[2019.05.20-06.42.53:785][  0]LogConfig: Setting CVar [[r.VolumetricFog.GridPixelSize:8]]
[2019.05.20-06.42.53:785][  0]LogConfig: Setting CVar [[r.VolumetricFog.GridSizeZ:128]]
[2019.05.20-06.42.53:785][  0]LogConfig: Setting CVar [[r.VolumetricFog.HistoryMissSupersampleCount:4]]
[2019.05.20-06.42.53:785][  0]LogConfig: Setting CVar [[r.LightMaxDrawDistanceScale:1]]
[2019.05.20-06.42.53:785][  0]LogConfig: Setting CVar [[r.CapsuleShadows:1]]
[2019.05.20-06.42.53:785][  0]LogConfig: Applying CVar settings from Section [PostProcessQuality@3] File [C:/Users/Andrew/Documents/NYU/Spring 2019/Level Design/Final/Saved/Config/Windows/Scalability.ini]
[2019.05.20-06.42.53:785][  0]LogConfig: Setting CVar [[r.MotionBlurQuality:4]]
[2019.05.20-06.42.53:785][  0]LogConfig: Setting CVar [[r.AmbientOcclusionMipLevelFactor:0.4]]
[2019.05.20-06.42.53:785][  0]LogConfig: Setting CVar [[r.AmbientOcclusionMaxQuality:100]]
[2019.05.20-06.42.53:785][  0]LogConfig: Setting CVar [[r.AmbientOcclusionLevels:-1]]
[2019.05.20-06.42.53:785][  0]LogConfig: Setting CVar [[r.AmbientOcclusionRadiusScale:1.0]]
[2019.05.20-06.42.53:785][  0]LogConfig: Setting CVar [[r.DepthOfFieldQuality:2]]
[2019.05.20-06.42.53:785][  0]LogConfig: Setting CVar [[r.RenderTargetPoolMin:400]]
[2019.05.20-06.42.53:785][  0]LogConfig: Setting CVar [[r.LensFlareQuality:2]]
[2019.05.20-06.42.53:785][  0]LogConfig: Setting CVar [[r.SceneColorFringeQuality:1]]
[2019.05.20-06.42.53:785][  0]LogConfig: Setting CVar [[r.EyeAdaptationQuality:2]]
[2019.05.20-06.42.53:785][  0]LogConfig: Setting CVar [[r.BloomQuality:5]]
[2019.05.20-06.42.53:785][  0]LogConfig: Setting CVar [[r.FastBlurThreshold:100]]
[2019.05.20-06.42.53:785][  0]LogConfig: Setting CVar [[r.Upscale.Quality:3]]
[2019.05.20-06.42.53:786][  0]LogConfig: Setting CVar [[r.Tonemapper.GrainQuantization:1]]
[2019.05.20-06.42.53:786][  0]LogConfig: Setting CVar [[r.LightShaftQuality:1]]
[2019.05.20-06.42.53:786][  0]LogConfig: Setting CVar [[r.Filter.SizeScale:1]]
[2019.05.20-06.42.53:786][  0]LogConfig: Setting CVar [[r.Tonemapper.Quality:5]]
[2019.05.20-06.42.53:786][  0]LogConfig: Setting CVar [[r.DOF.Gather.AccumulatorQuality:1        ; higher gathering accumulator quality]]
[2019.05.20-06.42.53:786][  0]LogConfig: Setting CVar [[r.DOF.Gather.PostfilterMethod:1          ; Median3x3 postfilering method]]
[2019.05.20-06.42.53:786][  0]LogConfig: Setting CVar [[r.DOF.Gather.EnableBokehSettings:0       ; no bokeh simulation when gathering]]
[2019.05.20-06.42.53:786][  0]LogConfig: Setting CVar [[r.DOF.Gather.RingCount:4                 ; medium number of samples when gathering]]
[2019.05.20-06.42.53:786][  0]LogConfig: Setting CVar [[r.DOF.Scatter.ForegroundCompositing:1    ; additive foreground scattering]]
[2019.05.20-06.42.53:786][  0]LogConfig: Setting CVar [[r.DOF.Scatter.BackgroundCompositing:2    ; additive background scattering]]
[2019.05.20-06.42.53:786][  0]LogConfig: Setting CVar [[r.DOF.Scatter.EnableBokehSettings:1      ; bokeh simulation when scattering]]
[2019.05.20-06.42.53:786][  0]LogConfig: Setting CVar [[r.DOF.Scatter.MaxSpriteRatio:0.1         ; only a maximum of 10% of scattered bokeh]]
[2019.05.20-06.42.53:786][  0]LogConfig: Setting CVar [[r.DOF.Recombine.Quality:1                ; cheap slight out of focus]]
[2019.05.20-06.42.53:786][  0]LogConfig: Setting CVar [[r.DOF.Recombine.EnableBokehSettings:0    ; no bokeh simulation on slight out of focus]]
[2019.05.20-06.42.53:786][  0]LogConfig: Setting CVar [[r.DOF.TemporalAAQuality:1                ; more stable temporal accumulation]]
[2019.05.20-06.42.53:786][  0]LogConfig: Setting CVar [[r.DOF.Kernel.MaxForegroundRadius:0.025]]
[2019.05.20-06.42.53:786][  0]LogConfig: Setting CVar [[r.DOF.Kernel.MaxBackgroundRadius:0.025]]
[2019.05.20-06.42.53:786][  0]LogConfig: Applying CVar settings from Section [TextureQuality@3] File [C:/Users/Andrew/Documents/NYU/Spring 2019/Level Design/Final/Saved/Config/Windows/Scalability.ini]
[2019.05.20-06.42.53:786][  0]LogConfig: Setting CVar [[r.Streaming.MipBias:0]]
[2019.05.20-06.42.53:786][  0]LogConfig: Setting CVar [[r.Streaming.AmortizeCPUToGPUCopy:0]]
[2019.05.20-06.42.53:786][  0]LogConfig: Setting CVar [[r.Streaming.MaxNumTexturesToStreamPerFrame:0]]
[2019.05.20-06.42.53:786][  0]LogConfig: Setting CVar [[r.Streaming.Boost:1]]
[2019.05.20-06.42.53:786][  0]LogConfig: Setting CVar [[r.MaxAnisotropy:8]]
[2019.05.20-06.42.53:786][  0]LogConfig: Setting CVar [[r.Streaming.LimitPoolSizeToVRAM:0]]
[2019.05.20-06.42.53:786][  0]LogConfig: Setting CVar [[r.Streaming.PoolSize:1000]]
[2019.05.20-06.42.53:786][  0]LogConfig: Setting CVar [[r.Streaming.MaxEffectiveScreenSize:0]]
[2019.05.20-06.42.53:786][  0]LogConfig: Applying CVar settings from Section [EffectsQuality@3] File [C:/Users/Andrew/Documents/NYU/Spring 2019/Level Design/Final/Saved/Config/Windows/Scalability.ini]
[2019.05.20-06.42.53:786][  0]LogConfig: Setting CVar [[r.TranslucencyLightingVolumeDim:64]]
[2019.05.20-06.42.53:786][  0]LogConfig: Setting CVar [[r.RefractionQuality:2]]
[2019.05.20-06.42.53:786][  0]LogConfig: Setting CVar [[r.SSR.Quality:3]]
[2019.05.20-06.42.53:787][  0]LogConfig: Setting CVar [[r.SceneColorFormat:4]]
[2019.05.20-06.42.53:787][  0]LogConfig: Setting CVar [[r.DetailMode:2]]
[2019.05.20-06.42.53:787][  0]LogConfig: Setting CVar [[r.TranslucencyVolumeBlur:1]]
[2019.05.20-06.42.53:787][  0]LogConfig: Setting CVar [[r.MaterialQualityLevel:1 ; High quality]]
[2019.05.20-06.42.53:787][  0]LogConfig: Setting CVar [[r.SSS.Scale:1]]
[2019.05.20-06.42.53:787][  0]LogConfig: Setting CVar [[r.SSS.SampleSet:2]]
[2019.05.20-06.42.53:787][  0]LogConfig: Setting CVar [[r.SSS.Quality:1]]
[2019.05.20-06.42.53:787][  0]LogConfig: Setting CVar [[r.SSS.HalfRes:1]]
[2019.05.20-06.42.53:787][  0]LogConfig: Setting CVar [[r.EmitterSpawnRateScale:1.0]]
[2019.05.20-06.42.53:787][  0]LogConfig: Setting CVar [[r.ParticleLightQuality:2]]
[2019.05.20-06.42.53:787][  0]LogConfig: Applying CVar settings from Section [FoliageQuality@3] File [C:/Users/Andrew/Documents/NYU/Spring 2019/Level Design/Final/Saved/Config/Windows/Scalability.ini]
[2019.05.20-06.42.53:787][  0]LogConfig: Setting CVar [[foliage.DensityScale:1.0]]
[2019.05.20-06.42.53:787][  0]LogConfig: Setting CVar [[grass.DensityScale:1.0]]
[2019.05.20-06.42.53:787][  0]LogConfig: Applying CVar settings from Section [Startup] File [../../../Engine/Config/ConsoleVariables.ini]
[2019.05.20-06.42.53:787][  0]LogConfig: Setting CVar [[net.UseAdaptiveNetUpdateFrequency:0]]
[2019.05.20-06.42.53:787][  0]LogConfig: Applying CVar settings from Section [ConsoleVariables] File [C:/Users/Andrew/Documents/NYU/Spring 2019/Level Design/Final/Saved/Config/Windows/Engine.ini]
[2019.05.20-06.42.53:788][  0]LogInit: Computer: DESKTOP-7LSPA9C
[2019.05.20-06.42.53:788][  0]LogInit: User: Andrew
[2019.05.20-06.42.53:788][  0]LogInit: CPU Page size=4096, Cores=4
[2019.05.20-06.42.53:788][  0]LogInit: High frequency timer resolution =2.062501 MHz
[2019.05.20-06.42.53:788][  0]LogMemory: Memory total: Physical=15.9GB (16GB approx)
[2019.05.20-06.42.53:788][  0]LogMemory: Platform Memory Stats for Windows
[2019.05.20-06.42.53:788][  0]LogMemory: Process Physical Memory: 103.60 MB used, 103.60 MB peak
[2019.05.20-06.42.53:788][  0]LogMemory: Process Virtual Memory: 89.66 MB used, 89.66 MB peak
[2019.05.20-06.42.53:789][  0]LogMemory: Physical Memory: 7544.91 MB used,  8764.00 MB free, 16308.92 MB total
[2019.05.20-06.42.53:789][  0]LogMemory: Virtual Memory: 4646.35 MB used,  134213080.00 MB free, 134217728.00 MB total
[2019.05.20-06.42.53:820][  0]LogInit: Using OS detected language (en-US).
[2019.05.20-06.42.53:820][  0]LogInit: Using OS detected locale (en-US).
[2019.05.20-06.42.53:822][  0]LogTextLocalizationManager: No specific localization for 'en-US' exists, so the 'en' localization will be used.
[2019.05.20-06.42.54:407][  0]LogStreaming: Display: Took  0.586s to InitEngineTextLocalization.
[2019.05.20-06.42.54:407][  0]LogInit: Setting process to per monitor DPI aware
[2019.05.20-06.42.54:468][  0]LogSlate: New Slate User Created.  User Index 0, Is Virtual User: 0
[2019.05.20-06.42.54:468][  0]LogSlate: Slate User Registered.  User Index 0, Is Virtual User: 0
[2019.05.20-06.42.54:788][  0]LogHMD: Failed to initialize OpenVR with code 110
[2019.05.20-06.42.54:788][  0]LogD3D11RHI: D3D11 adapters:
[2019.05.20-06.42.54:802][  0]LogD3D11RHI:    0. 'Intel(R) UHD Graphics 620' (Feature Level 11_0)
[2019.05.20-06.42.54:802][  0]LogD3D11RHI:       128/0/8154 MB DedicatedVideo/DedicatedSystem/SharedSystem, Outputs:1, VendorId:0x8086
[2019.05.20-06.42.55:291][  0]LogD3D11RHI:    1. 'NVIDIA GeForce GTX 1060' (Feature Level 11_0)
[2019.05.20-06.42.55:291][  0]LogD3D11RHI:       6054/0/8154 MB DedicatedVideo/DedicatedSystem/SharedSystem, Outputs:0, VendorId:0x10de
[2019.05.20-06.42.55:294][  0]LogD3D11RHI:    2. 'Microsoft Basic Render Driver' (Feature Level 11_0)
[2019.05.20-06.42.55:294][  0]LogD3D11RHI:       0/0/8154 MB DedicatedVideo/DedicatedSystem/SharedSystem, Outputs:0, VendorId:0x1414
[2019.05.20-06.42.55:294][  0]LogD3D11RHI: Chosen D3D11 Adapter: 1
[2019.05.20-06.42.55:315][  0]LogD3D11RHI: Creating new Direct3DDevice
[2019.05.20-06.42.55:315][  0]LogD3D11RHI:     GPU DeviceId: 0x1c20 (for the marketing name, search the web for "GPU Device Id")
[2019.05.20-06.42.55:315][  0]LogWindows: EnumDisplayDevices:
[2019.05.20-06.42.55:315][  0]LogWindows:    0. 'Intel(R) UHD Graphics 620' (P:1 D:1)
[2019.05.20-06.42.55:316][  0]LogWindows:    1. 'Intel(R) UHD Graphics 620' (P:0 D:0)
[2019.05.20-06.42.55:316][  0]LogWindows:    2. 'Intel(R) UHD Graphics 620' (P:0 D:0)
[2019.05.20-06.42.55:316][  0]LogWindows: DebugString: PrimaryIsNotTheChoosenAdapter PrimaryIsNotTheChoosenAdapter PrimaryIsNotTheChoosenAdapter FoundDriverCount:0 
[2019.05.20-06.42.55:316][  0]LogD3D11RHI:     Adapter Name: NVIDIA GeForce GTX 1060
[2019.05.20-06.42.55:316][  0]LogD3D11RHI:   Driver Version: Unknown (internal:Unknown, unified:Unknown)
[2019.05.20-06.42.55:316][  0]LogD3D11RHI:      Driver Date: Unknown
[2019.05.20-06.42.55:316][  0]LogRHI: Texture pool is 4237 MB (70% of 6054 MB)
[2019.05.20-06.42.55:382][  0]LogD3D11RHI: Async texture creation enabled
[2019.05.20-06.42.55:396][  0]LogD3D11RHI: GPU Timing Frequency: 1000.000000 (Debug: 2 1)
[2019.05.20-06.42.55:803][  0]LogTemp: Display: Loaded TP AllDesktopTargetPlatform
[2019.05.20-06.42.55:824][  0]LogTemp: Display: Loaded TP MacClientTargetPlatform
[2019.05.20-06.42.55:848][  0]LogTemp: Display: Loaded TP MacNoEditorTargetPlatform
[2019.05.20-06.42.55:870][  0]LogTemp: Display: Loaded TP MacServerTargetPlatform
[2019.05.20-06.42.55:889][  0]LogTemp: Display: Loaded TP MacTargetPlatform
[2019.05.20-06.42.55:907][  0]LogTemp: Display: Loaded TP WindowsClientTargetPlatform
[2019.05.20-06.42.55:926][  0]LogTemp: Display: Loaded TP WindowsNoEditorTargetPlatform
[2019.05.20-06.42.55:948][  0]LogTemp: Display: Loaded TP WindowsServerTargetPlatform
[2019.05.20-06.42.55:959][  0]LogTemp: Display: Loaded TP WindowsTargetPlatform
[2019.05.20-06.42.56:108][  0]LogTemp: Display: Loaded TP AndroidTargetPlatform
[2019.05.20-06.42.56:108][  0]LogTemp: Display: Loaded TP AndroidTargetPlatform
[2019.05.20-06.42.56:108][  0]LogTemp: Display: Loaded TP AndroidTargetPlatform
[2019.05.20-06.42.56:108][  0]LogTemp: Display: Loaded TP AndroidTargetPlatform
[2019.05.20-06.42.56:108][  0]LogTemp: Display: Loaded TP AndroidTargetPlatform
[2019.05.20-06.42.56:108][  0]LogTemp: Display: Loaded TP AndroidTargetPlatform
[2019.05.20-06.42.56:108][  0]LogTemp: Display: Loaded TP AndroidTargetPlatform
[2019.05.20-06.42.56:108][  0]LogTemp: Display: Loaded TP AndroidTargetPlatform
[2019.05.20-06.42.56:108][  0]LogTemp: Display: Loaded TP AndroidTargetPlatform
[2019.05.20-06.42.56:108][  0]LogTemp: Display: Loaded TP AndroidTargetPlatform
[2019.05.20-06.42.56:108][  0]LogTemp: Display: Loaded TP AndroidTargetPlatform
[2019.05.20-06.42.56:108][  0]LogTemp: Display: Loaded TP AndroidTargetPlatform
[2019.05.20-06.42.56:108][  0]LogTemp: Display: Loaded TP AndroidTargetPlatform
[2019.05.20-06.42.56:108][  0]LogTemp: Display: Loaded TP AndroidTargetPlatform
[2019.05.20-06.42.56:108][  0]LogTemp: Display: Loaded TP AndroidTargetPlatform
[2019.05.20-06.42.56:108][  0]LogTemp: Display: Loaded TP AndroidTargetPlatform
[2019.05.20-06.42.56:108][  0]LogTemp: Display: Loaded TP AndroidTargetPlatform
[2019.05.20-06.42.56:108][  0]LogTemp: Display: Loaded TP AndroidTargetPlatform
[2019.05.20-06.42.56:109][  0]LogTemp: Display: Loaded TP HTML5TargetPlatform
[2019.05.20-06.42.56:199][  0]LogTemp: Display: Loaded TP IOSTargetPlatform
[2019.05.20-06.42.56:199][  0]LogTemp: Display: Loaded TP IOSTargetPlatform
[2019.05.20-06.42.56:257][  0]LogTemp: Display: Loaded TP TVOSTargetPlatform
[2019.05.20-06.42.56:257][  0]LogTemp: Display: Loaded TP TVOSTargetPlatform
[2019.05.20-06.42.56:284][  0]LogTemp: Display: Loaded TP LinuxClientTargetPlatform
[2019.05.20-06.42.56:301][  0]LogTemp: Display: Loaded TP LinuxNoEditorTargetPlatform
[2019.05.20-06.42.56:317][  0]LogTemp: Display: Loaded TP LinuxServerTargetPlatform
[2019.05.20-06.42.56:333][  0]LogTemp: Display: Loaded TP LinuxTargetPlatform
[2019.05.20-06.42.56:397][  0]LogTemp: Display: Loaded TP LuminTargetPlatform
[2019.05.20-06.42.56:397][  0]LogTemp: Display: Loaded TP LuminTargetPlatform
[2019.05.20-06.42.56:397][  0]LogTargetPlatformManager: Display: Building Assets For Windows
[2019.05.20-06.42.56:481][  0]LogShaderCompilers: Guid format shader working directory is -29 characters bigger than the processId version (../../../../../../Users/Andrew/Documents/NYU/Spring 2019/Level Design/Final/Intermediate/Shaders/WorkingDirectory/20604/).
[2019.05.20-06.42.56:481][  0]LogShaderCompilers: Cleaned the shader compiler working directory 'C:/Users/Andrew/AppData/Local/Temp/UnrealShaderWorkingDir/73AD86154C48ECB55A2FF9906D29F6A5/'.
[2019.05.20-06.42.56:484][  0]LogXGEController: Cannot use XGE Controller as Incredibuild is not installed on this machine.
[2019.05.20-06.42.56:484][  0]LogShaderCompilers: Cannot use XGE Shader Compiler as Incredibuild is not installed on this machine.
[2019.05.20-06.42.56:484][  0]LogShaderCompilers: Display: Using Local Shader Compiler.
[2019.05.20-06.42.57:230][  0]LogDerivedDataCache: Display: Max Cache Size: 512 MB
[2019.05.20-06.42.57:300][  0]LogDerivedDataCache: Loaded boot cache 0.07s 71MB C:/Users/Andrew/AppData/Local/UnrealEngine/4.21/DerivedDataCache/Boot.ddc.
[2019.05.20-06.42.57:300][  0]LogDerivedDataCache: Display: Loaded Boot cache: C:/Users/Andrew/AppData/Local/UnrealEngine/4.21/DerivedDataCache/Boot.ddc
[2019.05.20-06.42.57:300][  0]LogDerivedDataCache: FDerivedDataBackendGraph:  Pak pak cache file ../../../../../../Users/Andrew/Documents/NYU/Spring 2019/Level Design/Final/DerivedDataCache/DDC.ddp not found, will not use a pak cache.
[2019.05.20-06.42.57:300][  0]LogDerivedDataCache: Unable to find inner node Pak for hierarchical cache Hierarchy.
[2019.05.20-06.42.57:301][  0]LogDerivedDataCache: FDerivedDataBackendGraph:  CompressedPak pak cache file ../../../../../../Users/Andrew/Documents/NYU/Spring 2019/Level Design/Final/DerivedDataCache/Compressed.ddp not found, will not use a pak cache.
[2019.05.20-06.42.57:301][  0]LogDerivedDataCache: Unable to find inner node CompressedPak for hierarchical cache Hierarchy.
[2019.05.20-06.42.57:333][  0]LogDerivedDataCache: Display: Pak cache opened for reading ../../../Engine/DerivedDataCache/Compressed.ddp.
[2019.05.20-06.42.57:334][  0]LogDerivedDataCache: FDerivedDataBackendGraph:  EnterprisePak pak cache file ../../../Enterprise/DerivedDataCache/Compressed.ddp not found, will not use a pak cache.
[2019.05.20-06.42.57:334][  0]LogDerivedDataCache: Unable to find inner node EnterprisePak for hierarchical cache Hierarchy.
[2019.05.20-06.42.57:347][  0]LogDerivedDataCache: Using Local data cache path C:/Users/Andrew/AppData/Local/UnrealEngine/Common/DerivedDataCache: Writable
[2019.05.20-06.42.57:347][  0]LogDerivedDataCache: Shared data cache path not found in *engine.ini, will not use an Shared cache.
[2019.05.20-06.42.57:347][  0]LogDerivedDataCache: Unable to find inner node Shared for hierarchical cache Hierarchy.
[2019.05.20-06.42.57:400][  0]LogMaterial: Verifying Global Shaders for PCD3D_SM5
[2019.05.20-06.42.57:403][  0]LogSlate: Using FreeType 2.6.0
[2019.05.20-06.42.57:404][  0]LogSlate: SlateFontServices - WITH_FREETYPE: 1, WITH_HARFBUZZ: 1
[2019.05.20-06.42.57:531][  0]LogAssetRegistry: FAssetRegistry took 0.0387 seconds to start up
[2019.05.20-06.42.58:069][  0]LogInit: Selected Device Profile: [Windows]
[2019.05.20-06.42.58:308][  0]LogSimplygon: Simplygon DLL not present - disabling.
[2019.05.20-06.42.58:313][  0]LogMeshReduction: Using SimplygonSwarm for distributed automatic mesh merging
[2019.05.20-06.42.58:313][  0]LogMeshReduction: Using ProxyLODMeshReduction for automatic mesh merging
[2019.05.20-06.42.58:313][  0]LogMeshReduction: Using QuadricMeshReduction for automatic static mesh reduction
[2019.05.20-06.42.58:313][  0]LogMeshReduction: No automatic skeletal mesh reduction module available
[2019.05.20-06.42.58:333][  0]LogNetVersion: week02_graybox_hw 1.0.0, NetCL: 4541578, EngineNetVer: 5, GameNetVer: 0 (Checksum: 777331979)
[2019.05.20-06.42.59:182][  0]LogPackageLocalizationCache: Processed 11 localized package path(s) for 2 prioritized culture(s) in 0.191513 seconds
[2019.05.20-06.42.59:192][  0]LogUObjectArray: 39775 objects as part of root set at end of initial load.
[2019.05.20-06.42.59:192][  0]LogUObjectAllocator: 6914656 out of 0 bytes used by permanent object pool.
[2019.05.20-06.42.59:192][  0]LogUObjectArray: CloseDisregardForGC: 0/0 objects in disregard for GC pool
[2019.05.20-06.43.00:515][  0]LogTcpMessaging: Initializing TcpMessaging bridge
[2019.05.20-06.43.00:528][  0]LogUdpMessaging: Initializing bridge on interface 0.0.0.0:0 to multicast group 230.0.0.1:6666.
[2019.05.20-06.43.01:553][  0]SourceControl: Source control is disabled
[2019.05.20-06.43.01:553][  0]SourceControl: Source control is disabled
[2019.05.20-06.43.01:555][  0]SourceControl: Source control is disabled
[2019.05.20-06.43.01:556][  0]SourceControl: Source control is disabled
[2019.05.20-06.43.01:758][  0]LogAndroidPermission: UAndroidPermissionCallbackProxy::GetInstance
[2019.05.20-06.43.01:848][  0]LogOcInput: OculusInput pre-init called
[2019.05.20-06.43.02:023][  0]LogEngine: Initializing Engine...
[2019.05.20-06.43.02:025][  0]LogHMD: Failed to initialize OpenVR with code 110
[2019.05.20-06.43.02:026][  0]LogStats: UGameplayTagsManager::ConstructGameplayTagTree: ImportINI prefixes -  0.000 s
[2019.05.20-06.43.02:026][  0]LogStats: UGameplayTagsManager::ConstructGameplayTagTree: Construct from data asset -  0.000 s
[2019.05.20-06.43.02:027][  0]LogStats: UGameplayTagsManager::ConstructGameplayTagTree: ImportINI -  0.000 s
[2019.05.20-06.43.02:027][  0]LogStats: UGameplayTagsManager::ConstructGameplayTagTree: GameplayTagTreeChangedEvent.Broadcast -  0.000 s
[2019.05.20-06.43.02:389][  0]LogInit: Initializing FReadOnlyCVARCache
[2019.05.20-06.43.02:410][  0]LogAIModule: Creating AISystem for world Untitled
[2019.05.20-06.43.02:423][  0]LogInit: XAudio2 using 'Speakers (Realtek High Definition Audio(SST))' : 2 channels at 48 kHz using 32 bits per sample (channel mask 0x3)
[2019.05.20-06.43.03:132][  0]LogInit: FAudioDevice initialized.
[2019.05.20-06.43.03:133][  0]LogNetVersion: Set ProjectVersion to 1.0.0.0. Version Checksum will be recalculated on next use.
[2019.05.20-06.43.03:240][  0]LogDerivedDataCache: Saved boot cache 0.11s 71MB C:/Users/Andrew/AppData/Local/UnrealEngine/4.21/DerivedDataCache/Boot.ddc.
[2019.05.20-06.43.03:262][  0]LogInit: Texture streaming: Enabled
[2019.05.20-06.43.03:286][  0]LogEngineSessionManager: EngineSessionManager initialized
[2019.05.20-06.43.03:307][  0]LogInit: Transaction tracking system initialized
[2019.05.20-06.43.03:349][  0]BlueprintLog: New page: Editor Load
[2019.05.20-06.43.03:468][  0]LocalizationService: Localization service is disabled
[2019.05.20-06.43.04:254][  0]LogFileCache: Scanning file cache for directory 'C:/Users/Andrew/Documents/NYU/Spring 2019/Level Design/Final/Content/' took 0.02s
[2019.05.20-06.43.04:254][  0]LogCook: Display: Max memory allowance for cook 16384mb min free memory 0mb
[2019.05.20-06.43.04:254][  0]LogCook: Display: Mobile HDR setting 1
[2019.05.20-06.43.04:254][  0]LogGameplayTags: Display: UGameplayTagsManager::DoneAddingNativeTags. DelegateIsBound: 0
[2019.05.20-06.43.04:255][  0]LogStats: UGameplayTagsManager::ConstructGameplayTagTree: ImportINI prefixes -  0.000 s
[2019.05.20-06.43.04:255][  0]LogStats: UGameplayTagsManager::ConstructGameplayTagTree: Construct from data asset -  0.000 s
[2019.05.20-06.43.04:255][  0]LogStats: UGameplayTagsManager::ConstructGameplayTagTree: ImportINI -  0.000 s
[2019.05.20-06.43.04:255][  0]LogStats: UGameplayTagsManager::ConstructGameplayTagTree: GameplayTagTreeChangedEvent.Broadcast -  0.000 s
[2019.05.20-06.43.04:462][  0]SourceControl: Source control is disabled
[2019.05.20-06.43.04:462][  0]Cmd: MAP LOAD FILE="../../../Engine/Content/Maps/Templates/Template_Default.umap" TEMPLATE=1 SHOWPROGRESS=1 FEATURELEVEL=3
[2019.05.20-06.43.04:462][  0]LightingResults: New page: Lighting Build
[2019.05.20-06.43.04:467][  0]MapCheck: New page: Map Check
[2019.05.20-06.43.04:467][  0]LightingResults: New page: Lighting Build
[2019.05.20-06.43.04:743][  0]LogAIModule: Creating AISystem for world Untitled_1
[2019.05.20-06.43.04:754][  0]LogEditorServer: Finished looking for orphan Actors (0.000 secs)
[2019.05.20-06.43.04:789][  0]Cmd: MAP CHECKDEP NOCLEARLOG
[2019.05.20-06.43.04:789][  0]MapCheck: Map check complete: 0 Error(s), 0 Warning(s), took 0.192ms to complete.
[2019.05.20-06.43.04:789][  0]LogFileHelpers: Loading map 'Template_Default' took 0.328
[2019.05.20-06.43.04:990][  0]LogSlate: Updating window title bar state: overlay mode, drag disabled, window buttons hidden, title bar hidden
[2019.05.20-06.43.05:003][  0]LogSlate: Updating window title bar state: overlay mode, drag disabled, window buttons hidden, title bar hidden
[2019.05.20-06.43.05:014][  0]LogSlate: Updating window title bar state: overlay mode, drag disabled, window buttons hidden, title bar hidden
[2019.05.20-06.43.05:027][  0]LogSlate: Updating window title bar state: overlay mode, drag disabled, window buttons hidden, title bar hidden
[2019.05.20-06.43.05:050][  0]LogCollectionManager: Loaded 0 collections in 0.002517 seconds
[2019.05.20-06.43.05:095][  0]LogFileCache: Scanning file cache for directory 'C:/Users/Andrew/Documents/NYU/Spring 2019/Level Design/Final/Saved/Collections/' took 0.01s
[2019.05.20-06.43.05:096][  0]LogFileCache: Scanning file cache for directory 'C:/Users/Andrew/Documents/NYU/Spring 2019/Level Design/Final/Content/Developers/Andrew/Collections/' took 0.01s
[2019.05.20-06.43.05:096][  0]LogFileCache: Scanning file cache for directory 'C:/Users/Andrew/Documents/NYU/Spring 2019/Level Design/Final/Content/Collections/' took 0.00s
[2019.05.20-06.43.05:096][  0]LogCollectionManager: Rebuilt the GUID cache for 0 collections in 0.000000 seconds
[2019.05.20-06.43.05:112][  0]LogContentBrowser: Native class hierarchy populated in 0.0162 seconds. Added 2651 classes and 620 folders.
[2019.05.20-06.43.05:131][  0]LogContentBrowser: Native class hierarchy updated for 'WidgetCarousel' in 0.0005 seconds. Added 0 classes and 0 folders.
[2019.05.20-06.43.05:148][  0]LogPakFile: Registered encryption key '00000000000000000000000000000000': 0 pak files mounted, 0 remain pending
[2019.05.20-06.43.05:158][  0]LogPakFile: Registered encryption key '00000000000000000000000000000000': 0 pak files mounted, 0 remain pending
[2019.05.20-06.43.05:182][  0]LogPakFile: Registered encryption key '00000000000000000000000000000000': 0 pak files mounted, 0 remain pending
[2019.05.20-06.43.05:189][  0]LogPakFile: Registered encryption key '00000000000000000000000000000000': 0 pak files mounted, 0 remain pending
[2019.05.20-06.43.05:196][  0]LogPakFile: Registered encryption key '00000000000000000000000000000000': 0 pak files mounted, 0 remain pending
[2019.05.20-06.43.05:204][  0]LogPakFile: Registered encryption key '00000000000000000000000000000000': 0 pak files mounted, 0 remain pending
[2019.05.20-06.43.05:212][  0]LogPakFile: Registered encryption key '00000000000000000000000000000000': 0 pak files mounted, 0 remain pending
[2019.05.20-06.43.05:219][  0]LogPakFile: Registered encryption key '00000000000000000000000000000000': 0 pak files mounted, 0 remain pending
[2019.05.20-06.43.05:229][  0]LogPakFile: Registered encryption key '00000000000000000000000000000000': 0 pak files mounted, 0 remain pending
[2019.05.20-06.43.05:239][  0]LogPakFile: Registered encryption key '00000000000000000000000000000000': 0 pak files mounted, 0 remain pending
[2019.05.20-06.43.05:246][  0]LogPakFile: Registered encryption key '00000000000000000000000000000000': 0 pak files mounted, 0 remain pending
[2019.05.20-06.43.05:254][  0]LogPakFile: Registered encryption key '00000000000000000000000000000000': 0 pak files mounted, 0 remain pending
[2019.05.20-06.43.05:261][  0]LogPakFile: Registered encryption key '00000000000000000000000000000000': 0 pak files mounted, 0 remain pending
[2019.05.20-06.43.05:270][  0]LogPakFile: Registered encryption key '00000000000000000000000000000000': 0 pak files mounted, 0 remain pending
[2019.05.20-06.43.05:278][  0]LogPakFile: Registered encryption key '00000000000000000000000000000000': 0 pak files mounted, 0 remain pending
[2019.05.20-06.43.05:285][  0]LogPakFile: Registered encryption key '00000000000000000000000000000000': 0 pak files mounted, 0 remain pending
[2019.05.20-06.43.05:316][  0]LogPakFile: Registered encryption key '00000000000000000000000000000000': 0 pak files mounted, 0 remain pending
[2019.05.20-06.43.05:323][  0]LogPakFile: Registered encryption key '00000000000000000000000000000000': 0 pak files mounted, 0 remain pending
[2019.05.20-06.43.05:329][  0]LogPakFile: Registered encryption key '00000000000000000000000000000000': 0 pak files mounted, 0 remain pending
[2019.05.20-06.43.05:336][  0]LogPakFile: Registered encryption key '00000000000000000000000000000000': 0 pak files mounted, 0 remain pending
[2019.05.20-06.43.05:372][  0]LogPakFile: Registered encryption key '00000000000000000000000000000000': 0 pak files mounted, 0 remain pending
[2019.05.20-06.43.05:380][  0]LogPakFile: Registered encryption key '00000000000000000000000000000000': 0 pak files mounted, 0 remain pending
[2019.05.20-06.43.05:388][  0]LogPakFile: Registered encryption key '00000000000000000000000000000000': 0 pak files mounted, 0 remain pending
[2019.05.20-06.43.05:394][  0]LogPakFile: Registered encryption key '00000000000000000000000000000000': 0 pak files mounted, 0 remain pending
[2019.05.20-06.43.05:402][  0]LogPakFile: Registered encryption key '00000000000000000000000000000000': 0 pak files mounted, 0 remain pending
[2019.05.20-06.43.05:409][  0]LogPakFile: Registered encryption key '00000000000000000000000000000000': 0 pak files mounted, 0 remain pending
[2019.05.20-06.43.05:638][  0]LogContentBrowser: Native class hierarchy updated for 'AddContentDialog' in 0.0005 seconds. Added 0 classes and 0 folders.
[2019.05.20-06.43.05:653][  0]LogContentBrowser: Native class hierarchy updated for 'SceneOutliner' in 0.0004 seconds. Added 1 classes and 2 folders.
[2019.05.20-06.43.05:856][  0]LogSlate: Took 0.000299 seconds to synchronously load lazily loaded font '../../../Engine/Content/Slate/Fonts/Roboto-Regular.ttf' (155K)
[2019.05.20-06.43.05:860][  0]LogSlate: Took 0.000363 seconds to synchronously load lazily loaded font '../../../Engine/Content/Slate/Fonts/Roboto-Bold.ttf' (160K)
[2019.05.20-06.43.05:890][  0]LogSlate: Took 0.009296 seconds to synchronously load lazily loaded font '../../../Engine/Content/Editor/Slate/Fonts/FontAwesome.ttf' (139K)
[2019.05.20-06.43.06:117][  0]LogRenderer: Reallocating scene render targets to support 776x596 Format 10 NumSamples 1 (Frame:1).
[2019.05.20-06.43.06:385][  0]LogContentBrowser: Native class hierarchy updated for 'HierarchicalLODOutliner' in 0.0003 seconds. Added 0 classes and 0 folders.
[2019.05.20-06.43.06:385][  0]LogLoad: (Engine Initialization) Total time: 15.14 seconds
[2019.05.20-06.43.06:385][  0]LogLoad: (Engine Initialization) Total Blueprint compile time: 0.00 seconds
[2019.05.20-06.43.06:405][  0]LogWindowsTextInputMethodSystem: Display: IME system now deactivated.
[2019.05.20-06.43.06:475][  0]LogContentStreaming: Texture pool size now 1000 MB
[2019.05.20-06.43.13:265][380]LogAssetRegistry: Asset discovery search completed in 15.7560 seconds
[2019.05.20-06.43.13:267][380]LogCollectionManager: Rebuilt the object cache for 0 collections in 0.000000 seconds (found 0 objects)
[2019.05.20-06.43.13:267][380]LogCollectionManager: Fixed up redirectors for 0 collections in 0.000062 seconds (updated 0 objects)
[2019.05.20-06.44.08:198][645]LogSlate: FSceneViewport::OnFocusLost() reason 0
[2019.05.20-06.44.13:867][949]LogSlate: Took 0.015802 seconds to synchronously load lazily loaded font '../../../Engine/Content/Slate/Fonts/Roboto-Light.ttf' (167K)
[2019.05.20-06.44.16:962][110]LogSlate: Took 0.000284 seconds to synchronously load lazily loaded font '../../../Engine/Content/Slate/Fonts/Roboto-Light.ttf' (167K)
[2019.05.20-06.44.18:250][110]LogTexture: Display: Building textures: HQ_Lightmap1_4 (AutoDXT, 1024X1024)
[2019.05.20-06.44.18:250][110]LogTexture: Display: Building textures: HQ_Lightmap1_3 (AutoDXT, 1024X1024)
[2019.05.20-06.44.18:250][110]LogTexture: Display: Building textures: HQ_Lightmap1_1 (AutoDXT, 1024X1024)
[2019.05.20-06.44.18:250][110]LogTexture: Display: Building textures: HQ_Lightmap1_2 (AutoDXT, 1024X1024)
[2019.05.20-06.44.18:250][110]LogTexture: Display: Building textures: HQ_Lightmap1_5 (AutoDXT, 1024X1024)
[2019.05.20-06.44.18:250][110]LogTexture: Display: Building textures: HQ_Lightmap1_6 (AutoDXT, 1024X1024)
[2019.05.20-06.44.19:109][110]LogTexture: Display: Building textures: HQ_Lightmap1_7 (AutoDXT, 128X128)
[2019.05.20-06.44.19:109][110]LogTexture: Display: Building textures: LQ_Lightmap_1_1 (DXT1, 1024X1024)
[2019.05.20-06.44.19:519][110]LogTexture: Display: Building textures: LQ_Lightmap_1_2 (DXT1, 1024X1024)
[2019.05.20-06.44.19:519][110]LogStaticMesh: Building static mesh first_stair_case_polySurface86...
[2019.05.20-06.44.19:760][110]LogTexture: Display: Building textures: LQ_Lightmap_1_3 (DXT1, 1024X1024)
[2019.05.20-06.44.19:760][110]LogStaticMesh: Built static mesh [0.24s] /Game/Premade_SM/final_sm/first_staircase/first_stair_case_polySurface86.first_stair_case_polySurface86
[2019.05.20-06.44.19:970][110]LogTexture: Display: Building textures: LQ_Lightmap_1_4 (DXT1, 1024X1024)
[2019.05.20-06.44.20:399][110]LogTexture: Display: Building textures: LQ_Lightmap_1_5 (DXT1, 1024X1024)
[2019.05.20-06.44.20:605][110]LogTexture: Display: Building textures: LQ_Lightmap_1_6 (DXT1, 1024X1024)
[2019.05.20-06.44.21:120][110]LogTexture: Display: Building textures: LQ_Lightmap_1_7 (DXT1, 128X128)
[2019.05.20-06.44.21:120][110]LogTexture: Display: Building textures: SkyOcclusion1_1 (AutoDXT, 1024X512)
[2019.05.20-06.44.21:120][110]LogTexture: Display: Building textures: SkyOcclusion1_2 (AutoDXT, 1024X512)
[2019.05.20-06.44.21:120][110]LogTexture: Display: Building textures: SkyOcclusion1_3 (AutoDXT, 1024X512)
[2019.05.20-06.44.21:120][110]LogTexture: Display: Building textures: SkyOcclusion1_4 (AutoDXT, 1024X512)
[2019.05.20-06.44.21:399][110]LogTexture: Display: Building textures: SkyOcclusion1_5 (AutoDXT, 1024X512)
[2019.05.20-06.44.21:399][110]LogTexture: Display: Building textures: SkyOcclusion1_6 (AutoDXT, 1024X512)
[2019.05.20-06.44.21:402][110]LogTexture: Display: Building textures: SkyOcclusion1_7 (AutoDXT, 128X64)
[2019.05.20-06.44.21:808][110]LogTexture: Display: Building textures: ShadowMapTexture2D_0 (BGRA8, 512X512)
[2019.05.20-06.44.21:808][110]LogTexture: Display: Building textures: ShadowMapTexture2D_1 (BGRA8, 1024X1024)
[2019.05.20-06.44.21:808][110]LogTexture: Display: Building textures: ShadowMapTexture2D_2 (BGRA8, 1024X1024)
[2019.05.20-06.44.21:808][110]LogTexture: Display: Building textures: ShadowMapTexture2D_3 (G8, 1024X128)
[2019.05.20-06.44.21:808][110]LogTexture: Display: Building textures: ShadowMapTexture2D_4 (G8, 64X32)
[2019.05.20-06.44.23:193][110]LogMaterial: Display: Missing cached shader map for material wallDetails, compiling. 
[2019.05.20-06.44.23:317][110]LogShaderCompilers: Display: Shaders left to compile 31
[2019.05.20-06.44.23:317][110]LogShaderCompilers: Display: Shaders left to compile 21
[2019.05.20-06.44.23:318][110]LogShaderCompilers: Display: Shaders left to compile 11
[2019.05.20-06.44.23:318][110]LogShaderCompilers: Display: Shaders left to compile 1
[2019.05.20-06.44.23:434][110]LogAIModule: Creating AISystem for world park_midterm_greybox
[2019.05.20-06.44.23:458][110]LogMaterial: Warning: Material /Game/lambert1.lambert1 needed to have new flag set bUsedWithStaticLighting !
[2019.05.20-06.44.23:484][110]LogMaterial: Display: Missing cached shader map for material lambert1, compiling. 
[2019.05.20-06.44.23:529][110]MapCheck: Warning: lambert1 Material /Game/lambert1.lambert1 was missing the usage flag bUsedWithStaticLighting. If the material asset is not re-saved, it may not render correctly when run outside the editor. Fix
[2019.05.20-06.44.23:689][110]LogAssetEditorManager: Opening Asset editor for World /Game/park_midterm_greybox.park_midterm_greybox
[2019.05.20-06.44.23:811][110]Cmd: MAP LOAD FILE="../../../../../../Users/Andrew/Documents/NYU/Spring 2019/Level Design/Final/Content/park_midterm_greybox.umap" TEMPLATE=0 SHOWPROGRESS=1 FEATURELEVEL=3
[2019.05.20-06.44.23:811][110]LightingResults: New page: Lighting Build
[2019.05.20-06.44.23:813][110]LoadErrors: New page: Loading map: park_midterm_greybox.umap
[2019.05.20-06.44.23:815][110]MapCheck: New page: Map Check
[2019.05.20-06.44.23:815][110]LightingResults: New page: Lighting Build
[2019.05.20-06.44.24:283][110]LogShaderCompilers: Display: Shaders left to compile 31
[2019.05.20-06.44.24:284][110]LogEditorServer: Finished looking for orphan Actors (0.000 secs)
[2019.05.20-06.44.24:430][110]Cmd: MAP CHECKDEP NOCLEARLOG
[2019.05.20-06.44.24:431][110]MapCheck: Map check complete: 0 Error(s), 0 Warning(s), took 0.453ms to complete.
[2019.05.20-06.44.24:431][110]LogFileHelpers: Loading map 'park_midterm_greybox' took 0.623
[2019.05.20-06.44.27:023][233]LogShaderCompilers: Display: Shaders left to compile 21
[2019.05.20-06.44.27:089][237]LogShaderCompilers: Display: Shaders left to compile 11
[2019.05.20-06.44.28:411][316]LogShaderCompilers: Display: Shaders left to compile 1
[2019.05.20-06.44.33:718][613]LogSlate: Window 'Message Log' being destroyed
[2019.05.20-06.44.33:726][613]LogSlate: Window 'Message Log' being destroyed
[2019.05.20-06.44.50:351][394]LogEditorViewport: Clicking on Actor (LMB): StaticMeshActor (SM_BlockMeshPrototypeModules_SM_Block_Wall250x547)
[2019.05.20-06.44.52:310][470]LogEditorViewport: Clicking on Actor (LMB): StaticMeshActor (SM_BlockMeshPrototypeModules_SM_Block_Wall250x547)
[2019.05.20-06.44.59:740][774]LogEditorViewport: Clicking on Actor (LMB): StaticMeshActor (SM_BlockMeshPrototypeModules_SM_Block_Wall250x547)
[2019.05.20-06.45.00:416][808]Cmd: EDIT COPY
[2019.05.20-06.45.00:765][826]Cmd: EDIT PASTE
[2019.05.20-06.45.40:638][547]Cmd: TRANSACTION UNDO
[2019.05.20-06.45.40:638][547]LogEditorTransaction: Undo Move Actors
[2019.05.20-06.45.59:191][366]LogEditorViewport: Clicking on Actor (LMB): StaticMeshActor (SM_BlockMeshPrototypeModules_SM_Block_Wall250x547)
[2019.05.20-06.46.01:585][455]LogEditorViewport: Clicking on Actor (LMB): floor_1_circle_v2_C (floor_1_circle_v2)
[2019.05.20-06.46.07:494][685]LogEditorViewport: Clicking on Actor (LMB): StaticMeshActor (SM_BlockMeshPrototypeModules_SM_Block_Wall250x549)
[2019.05.20-06.46.13:220][948]LogSlate: FSceneViewport::OnFocusLost() reason 0
[2019.05.20-06.47.09:435][867]LogEditorViewport: Clicking on Actor (LMB): StaticMeshActor (SM_BlockMeshPrototypeModules_SM_Block_Wall250x548)
[2019.05.20-06.47.10:997][920]LogEditorViewport: Clicking on Actor (LMB): StaticMeshActor (SM_BlockMeshPrototypeModules_SM_Block_Wall250x430)
[2019.05.20-06.47.17:427][187]LogEditorViewport: Clicking on Actor (LMB): StaticMeshActor (SM_BlockMeshPrototypeModules_SM_Block_Wall250x429)
[2019.05.20-06.47.18:177][216]LogEditorViewport: Clicking on Actor (LMB): StaticMeshActor (SM_BlockMeshPrototypeModules_SM_Block_Wall250x430)
[2019.05.20-06.47.20:992][341]LogSlate: FSceneViewport::OnFocusLost() reason 2
[2019.05.20-06.47.23:456][461]LogEditorViewport: Clicking on Actor (LMB): StaticMeshActor (SM_BlockMeshPrototypeModules_SM_Block_Wall250x548)
[2019.05.20-06.47.25:828][554]LogSlate: FSceneViewport::OnFocusLost() reason 2
[2019.05.20-06.47.30:231][749]LogEditorViewport: Clicking on Actor (LMB): StaticMeshActor (SM_BlockMeshPrototypeModules_SM_Block_Wall250x311)
[2019.05.20-06.47.33:448][866]LogSlate: FSceneViewport::OnFocusLost() reason 2
[2019.05.20-06.47.37:016][ 27]LogEditorViewport: Clicking on Actor (LMB): StaticMeshActor (SM_BlockMeshPrototypeModules_SM_Block_Floor256)
[2019.05.20-06.47.48:008][459]LogEditorViewport: Clicking on Actor (LMB): StaticMeshActor (SM_BlockMeshPrototypeModules_SM_Block_Floor256)
[2019.05.20-06.47.48:912][494]LogEditorViewport: Clicking on Actor (LMB): floor_1_circle_v2_C (floor_1_circle_v2)
[2019.05.20-06.47.50:568][566]LogEditorViewport: Clicking on Actor (LMB): StaticMeshActor (SM_BlockMeshPrototypeModules_SM_Block_Floor256)
[2019.05.20-06.47.51:749][606]LogSlate: FSceneViewport::OnFocusLost() reason 2
[2019.05.20-06.47.59:348][935]LogSlate: FSceneViewport::OnFocusLost() reason 2
[2019.05.20-06.48.02:602][ 99]LogEditorViewport: Clicking on Actor (LMB): floor_1_circle_v2_C (floor_1_circle_v2)
[2019.05.20-06.48.03:216][115]LogEditorViewport: Clicking on Actor (LMB): StaticMeshActor (SM_BlockMeshPrototypeModules_SM_Block_Floor256)
[2019.05.20-06.48.05:790][211]Cmd: TRANSACTION UNDO
[2019.05.20-06.48.05:790][211]LogEditorTransaction: Undo Move Actors
[2019.05.20-06.48.13:182][537]Cmd: TRANSACTION UNDO
[2019.05.20-06.48.13:182][537]LogEditorTransaction: Undo Move Actors
[2019.05.20-06.48.18:850][785]LogEditorViewport: Clicking on Actor (LMB): StaticMeshActor (SM_BlockMeshPrototypeModules_SM_Block_Wall250x309)
[2019.05.20-06.48.20:671][860]Cmd: TRANSACTION UNDO
[2019.05.20-06.48.20:672][860]LogEditorTransaction: Undo Move Actors
[2019.05.20-06.48.21:996][905]LogEditorViewport: Clicking on Actor (LMB): StaticMeshActor (SM_BlockMeshPrototypeModules_SM_Block_Wall250x547)
[2019.05.20-06.48.24:317][996]Cmd: TRANSACTION UNDO
[2019.05.20-06.48.24:317][996]LogEditorTransaction: Undo Move Actors
[2019.05.20-06.48.25:088][ 23]LogEditorViewport: Clicking on Actor (LMB): StaticMeshActor (SM_BlockMeshPrototypeModules_SM_Block_Wall250x549)
[2019.05.20-06.48.27:152][102]Cmd: TRANSACTION UNDO
[2019.05.20-06.48.27:152][102]LogEditorTransaction: Undo Move Actors
[2019.05.20-06.48.48:954][234]LogEditorViewport: Clicking on Actor (LMB): StaticMeshActor (SM_BlockMeshPrototypeModules_SM_Block_Wall250x549)
[2019.05.20-06.48.49:488][258]Cmd: EDIT COPY
[2019.05.20-06.48.49:801][271]Cmd: EDIT PASTE
[2019.05.20-06.49.03:300][777]LogEditorViewport: Clicking on Actor (LMB): StaticMeshActor (SM_BlockMeshPrototypeModules_SM_Block_Wall250x549)
[2019.05.20-06.49.19:164][375]LogEditorViewport: Clicking on Actor (LMB): StaticMeshActor (SM_BlockMeshPrototypeModules_SM_Block_Wall250x547)
[2019.05.20-06.49.21:037][431]LogEditorViewport: Clicking on Actor (LMB): StaticMeshActor (SM_BlockMeshPrototypeModules_SM_Block_Wall250x320)
[2019.05.20-06.49.43:842][392]LogEditorViewport: Clicking on Actor (LMB): StaticMeshActor (first_stair_case_polySurface86)
[2019.05.20-06.49.53:815][763]LogEditorViewport: Clicking on Actor (LMB): StaticMeshActor (SM_BlockMeshPrototypeModules_SM_Block_Cube105)
[2019.05.20-06.49.55:395][832]LogEditorViewport: Clicking on Actor (LMB): StaticMeshActor (SM_BlockMeshPrototypeModules_SM_Block_Floor252)
[2019.05.20-06.49.56:696][872]LogEditorViewport: Clicking on Actor (LMB): StaticMeshActor (wall_pass_2_polySurface27)
[2019.05.20-06.50.13:276][561]LogEditorViewport: Clicking on Actor (LMB): StaticMeshActor (wall_pass_1_group13)
[2019.05.20-06.50.14:224][606]LogEditorViewport: Clicking on Actor (LMB): StaticMeshActor (wall_pass_2_polySurface31)
[2019.05.20-06.50.14:762][625]LogEditorViewport: Clicking on Actor (LMB): StaticMeshActor (SM_BlockMeshPrototypeModules_SM_Block_Cube109)
[2019.05.20-06.50.17:403][719]LogEditorViewport: Clicking on Actor (LMB): StaticMeshActor (SM_BlockMeshPrototypeModules_SM_Block_Floor252)
[2019.05.20-06.50.35:644][441]LogSlate: FSceneViewport::OnFocusLost() reason 0
[2019.05.20-06.50.41:400][669]LogSlate: FSceneViewport::OnFocusLost() reason 0
[2019.05.20-06.50.41:411][669]LogStaticMesh: Building static mesh wall_pass_2_pCube57...
[2019.05.20-06.50.41:479][669]LogStaticMesh: Built static mesh [0.07s] /Game/Premade_SM/final_sm/pass_2/wall_pass_2_pCube57.wall_pass_2_pCube57
[2019.05.20-06.50.41:527][669]LogActorFactory: Actor Factory created wall_pass_2_pCube57
[2019.05.20-06.50.44:762][794]LogActorFactory: Actor Factory created wall_pass_2_pCube57
[2019.05.20-06.50.53:110][ 81]Cmd: TRANSACTION UNDO
[2019.05.20-06.50.53:110][ 81]LogEditorTransaction: Undo Create Actors
[2019.05.20-06.50.54:662][125]LogSlate: FSceneViewport::OnFocusLost() reason 0
[2019.05.20-06.50.57:652][242]LogActorFactory: Actor Factory created wall_pass_2_pCube26
[2019.05.20-06.50.57:655][242]LogActorFactory: Actor Factory created wall_pass_2_pCube28
[2019.05.20-06.50.57:658][242]LogActorFactory: Actor Factory created wall_pass_2_pCube51
[2019.05.20-06.50.57:660][242]LogActorFactory: Actor Factory created wall_pass_2_pCube56
[2019.05.20-06.50.57:662][242]LogActorFactory: Actor Factory created wall_pass_2_pCube57
[2019.05.20-06.51.01:703][367]LogActorFactory: Actor Factory created wall_pass_2_pCube26
[2019.05.20-06.51.01:733][367]LogActorFactory: Actor Factory created wall_pass_2_pCube28
[2019.05.20-06.51.01:761][367]LogActorFactory: Actor Factory created wall_pass_2_pCube51
[2019.05.20-06.51.01:786][367]LogActorFactory: Actor Factory created wall_pass_2_pCube56
[2019.05.20-06.51.01:816][367]LogActorFactory: Actor Factory created wall_pass_2_pCube57
[2019.05.20-06.51.02:452][378]Cmd: DELETE
[2019.05.20-06.51.02:452][378]Cmd: ACTOR DELETE
[2019.05.20-06.51.02:535][378]LogEditorActor: Deleted Actor: StaticMeshActor
[2019.05.20-06.51.02:536][378]LogEditorActor: Deleted Actor: StaticMeshActor
[2019.05.20-06.51.02:536][378]LogEditorActor: Deleted Actor: StaticMeshActor
[2019.05.20-06.51.02:536][378]LogEditorActor: Deleted Actor: StaticMeshActor
[2019.05.20-06.51.02:536][378]LogEditorActor: Deleted Actor: StaticMeshActor
[2019.05.20-06.51.02:576][378]LogEditorActor: Deleted 5 Actors (0.123 secs)
[2019.05.20-06.51.03:480][413]LogEditorViewport: Clicking on Actor (LMB): StaticMeshActor (wall_pass_2_pCube53)
[2019.05.20-06.51.05:134][481]LogSlate: FSceneViewport::OnFocusLost() reason 0
[2019.05.20-06.51.06:457][539]LogActorFactory: Actor Factory created wall_pass_2_pCube57
[2019.05.20-06.51.06:460][539]LogActorFactory: Actor Factory created wall_pass_2_pCube56
[2019.05.20-06.51.07:536][573]LogActorFactory: Actor Factory created wall_pass_2_pCube57
[2019.05.20-06.51.07:577][573]LogActorFactory: Actor Factory created wall_pass_2_pCube56
[2019.05.20-06.51.07:986][577]LogEditorViewport: Clicking on Actor (LMB): StaticMeshActor (SM_BlockMeshPrototypeModules_SM_Block_Floor252)
[2019.05.20-06.51.08:542][595]LogEditorViewport: Clicking on Actor (LMB): StaticMeshActor (wall_pass_2_pCube60)
[2019.05.20-06.51.17:847][940]Cmd: DELETE
[2019.05.20-06.51.17:847][940]Cmd: ACTOR DELETE
[2019.05.20-06.51.17:987][940]LogEditorActor: Deleted Actor: StaticMeshActor
[2019.05.20-06.51.18:052][940]LogEditorActor: Deleted 1 Actors (0.204 secs)
[2019.05.20-06.51.18:701][971]LogEditorViewport: Clicking on Actor (LMB): StaticMeshActor (wall_pass_2_pCube61)
[2019.05.20-06.51.41:302][857]Cmd: EDIT COPY
[2019.05.20-06.51.41:569][863]Cmd: EDIT PASTE
[2019.05.20-06.51.48:429][157]LogEditorViewport: Clicking on Actor (LMB): StaticMeshActor (SM_BlockMeshPrototypeModules_SM_Block_Floor252)
[2019.05.20-06.51.49:121][181]LogEditorViewport: Clicking on Actor (LMB): StaticMeshActor (wall_pass_2_pCube62)
[2019.05.20-06.52.05:386][848]LogEditorViewport: Clicking on Actor (LMB): StaticMeshActor (SM_BlockMeshPrototypeModules_SM_Block_Floor252)
[2019.05.20-06.52.16:868][286]LogEditorViewport: Clicking on Actor (LMB): StaticMeshActor (wall_pass_2_pCube27)
[2019.05.20-06.52.17:916][330]LogEditorViewport: Clicking on Actor (LMB): StaticMeshActor (SM_BlockMeshPrototypeModules_SM_Block_Floor252)
[2019.05.20-06.52.20:669][421]LogSlate: FSceneViewport::OnFocusLost() reason 0
[2019.05.20-06.52.21:584][451]LogActorFactory: Actor Factory created wall_pass_2_pCube28
[2019.05.20-06.52.21:586][451]LogActorFactory: Actor Factory created wall_pass_2_pCube26
[2019.05.20-06.52.22:472][478]LogActorFactory: Actor Factory created wall_pass_2_pCube28
[2019.05.20-06.52.22:506][478]LogActorFactory: Actor Factory created wall_pass_2_pCube26
[2019.05.20-06.52.23:277][500]LogEditorViewport: Clicking on Actor (LMB): StaticMeshActor (wall_pass_2_pCube39)
[2019.05.20-06.52.23:822][518]LogEditorViewport: Clicking on Actor (context menu): StaticMeshActor (SM_BlockMeshPrototypeModules_SM_Block_Floor252)
[2019.05.20-06.52.23:934][518]LogSlate: FSceneViewport::OnFocusLost() reason 2
[2019.05.20-06.52.24:398][534]LogEditorViewport: Clicking on Actor (LMB): StaticMeshActor (wall_pass_2_pCube39)
[2019.05.20-06.52.26:301][608]LogEditorViewport: Clicking on Actor (LMB): StaticMeshActor (wall_pass_2_pCube38)
[2019.05.20-06.52.31:905][839]LogEditorViewport: Clicking on Actor (LMB): StaticMeshActor (wall_pass_2_pCube39)
[2019.05.20-06.52.44:045][289]LogEditorViewport: Clicking on Actor (LMB): StaticMeshActor (wall_pass_2_pCube38)
[2019.05.20-06.52.50:415][539]LogEditorViewport: Clicking on Actor (LMB): StaticMeshActor (wall_pass_2_polySurface52)
[2019.05.20-06.52.57:791][842]LogEditorViewport: Clicking on Actor (LMB): StaticMeshActor (SM_BlockMeshPrototypeModules_SM_Block_Floor269)
[2019.05.20-06.53.02:604][ 50]LogEditorViewport: Clicking on Actor (LMB): StaticMeshActor (wall_pass_2_polySurface48)
[2019.05.20-06.53.03:787][ 97]LogEditorViewport: Clicking on Actor (LMB): StaticMeshActor (SM_BlockMeshPrototypeModules_SM_Block_Floor288)
[2019.05.20-06.53.05:983][176]LogEditorViewport: Clicking on Actor (LMB): StaticMeshActor (SM_BlockMeshPrototypeModules_SM_Block_Floor252)
[2019.05.20-06.53.14:358][540]LogEditorViewport: Clicking on Actor (LMB): StaticMeshActor (SM_BlockMeshPrototypeModules_SM_Block_Floor276)
[2019.05.20-06.53.17:292][667]LogEditorViewport: Clicking on Actor (LMB): StaticMeshActor (SM_BlockMeshPrototypeModules_SM_Block_Floor271)
[2019.05.20-06.53.18:910][718]LogEditorViewport: Clicking on Actor (LMB): StaticMeshActor (SM_BlockMeshPrototypeModules_SM_Block_Floor252)
[2019.05.20-06.53.30:084][144]LogSlate: FSceneViewport::OnFocusLost() reason 0
[2019.05.20-06.53.30:289][149]LogActorFactory: Actor Factory created wall_pass_2_polySurface43
[2019.05.20-06.53.31:200][177]LogActorFactory: Actor Factory created wall_pass_2_polySurface43
[2019.05.20-06.53.34:111][283]Cmd: DELETE
[2019.05.20-06.53.34:111][283]Cmd: ACTOR DELETE
[2019.05.20-06.53.34:192][283]LogEditorActor: Deleted Actor: StaticMeshActor
[2019.05.20-06.53.34:227][283]LogEditorActor: Deleted 1 Actors (0.115 secs)
[2019.05.20-06.53.35:346][325]LogSlate: FSceneViewport::OnFocusLost() reason 0
[2019.05.20-06.53.35:543][331]LogActorFactory: Actor Factory created wall_pass_2_polySurface9
[2019.05.20-06.53.36:302][357]LogActorFactory: Actor Factory created wall_pass_2_polySurface9
[2019.05.20-06.54.11:616][834]LogEditorViewport: Clicking on Actor (LMB): StaticMeshActor (wall_pass_2_pCube39)
[2019.05.20-06.54.28:783][480]LogEditorViewport: Clicking on Actor (LMB): StaticMeshActor (wall_pass_2_polySurface12)
[2019.05.20-06.54.29:870][528]Cmd: EDIT COPY
[2019.05.20-06.54.30:112][539]Cmd: EDIT PASTE
[2019.05.20-06.54.35:845][739]LogEditorViewport: Clicking on Actor (LMB): StaticMeshActor (wall_pass_2_polySurface16)
[2019.05.20-06.54.36:522][768]Cmd: DELETE
[2019.05.20-06.54.36:522][768]Cmd: ACTOR DELETE
[2019.05.20-06.54.36:620][768]LogEditorActor: Deleted Actor: StaticMeshActor
[2019.05.20-06.54.36:665][768]LogEditorActor: Deleted 1 Actors (0.143 secs)
[2019.05.20-06.54.37:136][780]LogEditorViewport: Clicking on Actor (LMB): StaticMeshActor (wall_pass_2_polySurface17)
[2019.05.20-06.55.03:382][752]LogEditorViewport: Clicking on Actor (LMB): StaticMeshActor (wall_pass_2_pCube38)
[2019.05.20-06.55.08:090][919]LogEditorViewport: Clicking on Actor (LMB): StaticMeshActor (wall_pass_2_pCube29)
[2019.05.20-06.55.11:151][ 19]LogEditorViewport: Clicking on Actor (LMB): StaticMeshActor (wall_pass_2_pCube62)
[2019.05.20-06.55.13:651][131]LogSlate: FSceneViewport::OnFocusLost() reason 0
[2019.05.20-06.55.13:844][136]LogActorFactory: Actor Factory created wall_pass_2_polySurface44
[2019.05.20-06.55.14:592][156]LogActorFactory: Actor Factory created wall_pass_2_polySurface44
[2019.05.20-06.55.18:006][280]Cmd: DELETE
[2019.05.20-06.55.18:006][280]Cmd: ACTOR DELETE
[2019.05.20-06.55.18:076][280]LogEditorActor: Deleted Actor: StaticMeshActor
[2019.05.20-06.55.18:113][280]LogEditorActor: Deleted 1 Actors (0.107 secs)
[2019.05.20-06.55.20:768][372]LogEditorViewport: Clicking on Actor (LMB): StaticMeshActor (wall_pass_2_pCube38)
[2019.05.20-06.55.27:103][653]LogSlate: FSceneViewport::OnFocusLost() reason 0
[2019.05.20-06.55.27:340][660]LogActorFactory: Actor Factory created wall_pass_2_polySurface43
[2019.05.20-06.55.28:483][694]LogActorFactory: Actor Factory created wall_pass_2_polySurface43
[2019.05.20-06.55.43:259][279]LogEditorViewport: Clicking on Actor (LMB): StaticMeshActor (wall_pass_2_polySurface17)
[2019.05.20-06.55.44:007][309]Cmd: DELETE
[2019.05.20-06.55.44:007][309]Cmd: ACTOR DELETE
[2019.05.20-06.55.44:096][309]LogEditorActor: Deleted Actor: StaticMeshActor
[2019.05.20-06.55.44:135][309]LogEditorActor: Deleted 1 Actors (0.128 secs)
[2019.05.20-06.55.44:516][317]LogEditorViewport: Clicking on Actor (LMB): StaticMeshActor (wall_pass_2_polySurface50)
[2019.05.20-06.56.02:700][ 21]LogEditorViewport: Clicking on Actor (LMB): StaticMeshActor (wall_pass_2_pCube38)
[2019.05.20-06.56.12:477][376]LogEditorViewport: Clicking on Actor (LMB): StaticMeshActor (wall_pass_2_pCube39)
[2019.05.20-06.56.15:427][475]LogEditorViewport: Clicking on Actor (LMB): StaticMeshActor (wall_pass_2_polySurface12)
[2019.05.20-06.56.16:102][503]Cmd: DELETE
[2019.05.20-06.56.16:103][503]Cmd: ACTOR DELETE
[2019.05.20-06.56.16:192][503]LogEditorActor: Deleted Actor: StaticMeshActor
[2019.05.20-06.56.16:224][503]LogEditorActor: Deleted 1 Actors (0.122 secs)
[2019.05.20-06.56.18:124][588]LogSlate: FSceneViewport::OnFocusLost() reason 0
[2019.05.20-06.56.19:325][640]LogActorFactory: Actor Factory created wall_pass_2_polySurface23
[2019.05.20-06.56.20:414][679]LogActorFactory: Actor Factory created wall_pass_2_polySurface23
[2019.05.20-06.56.21:479][723]LogSlate: FSceneViewport::OnFocusLost() reason 0
[2019.05.20-06.56.21:747][732]LogActorFactory: Actor Factory created wall_pass_2_polySurface43
[2019.05.20-06.56.22:533][755]LogActorFactory: Actor Factory created wall_pass_2_polySurface43
[2019.05.20-06.56.23:256][782]LogEditorViewport: Clicking on Actor (LMB): StaticMeshActor (wall_pass_2_polySurface32)
[2019.05.20-06.56.23:901][809]Cmd: DELETE
[2019.05.20-06.56.23:901][809]Cmd: ACTOR DELETE
[2019.05.20-06.56.23:985][809]LogEditorActor: Deleted Actor: StaticMeshActor
[2019.05.20-06.56.24:024][809]LogEditorActor: Deleted 1 Actors (0.123 secs)
[2019.05.20-06.56.24:580][826]LogEditorViewport: Clicking on Actor (LMB): StaticMeshActor (wall_pass_2_polySurface54)
[2019.05.20-06.56.45:509][624]LogEditorViewport: Clicking on Actor (LMB): StaticMeshActor (wall_pass_2_pCube39)
[2019.05.20-06.56.49:172][752]LogEditorViewport: Clicking on Actor (LMB): StaticMeshActor (SM_BlockMeshPrototypeModules_SM_Block_Wall250x548)
[2019.05.20-06.56.56:436][ 37]LogEditorViewport: Clicking on Actor (LMB): StaticMeshActor (wall_pass_2_pCube39)
[2019.05.20-06.57.02:596][282]LogSlate: FSceneViewport::OnFocusLost() reason 0
[2019.05.20-06.57.02:806][288]LogActorFactory: Actor Factory created wall_pass_2_walltop_5
[2019.05.20-06.57.04:626][349]LogActorFactory: Actor Factory created wall_pass_2_walltop_5
[2019.05.20-06.57.05:522][384]Cmd: DELETE
[2019.05.20-06.57.05:522][384]Cmd: ACTOR DELETE
[2019.05.20-06.57.05:616][384]LogEditorActor: Deleted Actor: StaticMeshActor
[2019.05.20-06.57.05:653][384]LogEditorActor: Deleted 1 Actors (0.131 secs)
[2019.05.20-06.57.08:395][509]LogSlate: FSceneViewport::OnFocusLost() reason 0
[2019.05.20-06.57.09:090][540]LogActorFactory: Actor Factory created wall_pass_2_pCube28
[2019.05.20-06.57.11:604][614]LogD3D11RHI: Timed out while waiting for GPU to catch up. (500 ms)
[2019.05.20-06.57.13:603][614]LogD3D11RHI: Timed out while waiting for GPU to catch up. (2.0 s)
[2019.05.20-06.57.13:625][614]LogD3D11RHI: Error: Result failed 
 at D:\Build\++UE4\Sync\Engine\Source\Runtime\Windows\D3D11RHI\Private\D3D11Query.cpp:140 
 with error DXGI_ERROR_DEVICE_REMOVED DXGI_ERROR_DEVICE_REMOVED
[2019.05.20-06.57.13:625][614]LogD3D11RHI: [Aftermath] GDynamicRHI=000001C928728180, GDX11NVAfterMathEnabled=0, Result=0xFFFFFFFF, bDeviceActive=0
[2019.05.20-06.57.13:625][614]LogWindows: Windows GetLastError: The operation completed successfully. (0)
[2019.05.20-06.57.16:988][614]LogOutputDevice: Warning: 

Script Stack (0 frames):

[2019.05.20-06.57.16:988][614]LogWindows: Windows GetLastError: The operation completed successfully. (0)
[2019.05.20-06.57.16:996][614]LogWindows: Error: === Critical error: ===
[2019.05.20-06.57.16:996][614]LogWindows: Error: 
[2019.05.20-06.57.16:996][614]LogWindows: Error: Fatal error: [File:D:\Build\++UE4\Sync\Engine\Source\Runtime\RenderCore\Private\RenderingThread.cpp] [Line: 826] 
[2019.05.20-06.57.16:996][614]LogWindows: Error: Rendering thread exception:
[2019.05.20-06.57.16:996][614]LogWindows: Error: Fatal error: [File:D:\Build\++UE4\Sync\Engine\Source\Runtime\Windows\D3D11RHI\Private\D3D11Util.cpp] [Line: 200] 
[2019.05.20-06.57.16:996][614]LogWindows: Error: Unreal Engine is exiting due to D3D device being lost. (Error: 0x887A0005 - 'REMOVED')
[2019.05.20-06.57.16:997][614]LogWindows: Error: 
[2019.05.20-06.57.16:997][614]LogWindows: Error: 
[2019.05.20-06.57.16:997][614]LogWindows: Error: [Callstack] 0x00007ffa22e6a388 KERNELBASE.dll!UnknownFunction []
[2019.05.20-06.57.16:997][614]LogWindows: Error: [Callstack] 0x00007ff9e209cd1a UE4Editor-Core.dll!UnknownFunction []
[2019.05.20-06.57.16:997][614]LogWindows: Error: [Callstack] 0x00007ff9e1e7a967 UE4Editor-Core.dll!UnknownFunction []
[2019.05.20-06.57.16:997][614]LogWindows: Error: [Callstack] 0x00007ff9e1db0df7 UE4Editor-Core.dll!UnknownFunction []
[2019.05.20-06.57.16:997][614]LogWindows: Error: [Callstack] 0x00007ff9bea9d32a UE4Editor-D3D11RHI.dll!UnknownFunction []
[2019.05.20-06.57.16:997][614]LogWindows: Error: [Callstack] 0x00007ff9beaa0d64 UE4Editor-D3D11RHI.dll!UnknownFunction []
[2019.05.20-06.57.16:997][614]LogWindows: Error: [Callstack] 0x00007ff9bea764f1 UE4Editor-D3D11RHI.dll!UnknownFunction []
[2019.05.20-06.57.16:997][614]LogWindows: Error: [Callstack] 0x00007ff9bea8d9c5 UE4Editor-D3D11RHI.dll!UnknownFunction []
[2019.05.20-06.57.16:997][614]LogWindows: Error: [Callstack] 0x00007ff9d6f5f281 UE4Editor-Engine.dll!UnknownFunction []
[2019.05.20-06.57.16:997][614]LogWindows: Error: [Callstack] 0x00007ff9d6f1b941 UE4Editor-Engine.dll!UnknownFunction []
[2019.05.20-06.57.16:997][614]LogWindows: Error: [Callstack] 0x00007ff75ea3367a UE4Editor.exe!UnknownFunction []
[2019.05.20-06.57.16:997][614]LogWindows: Error: [Callstack] 0x00007ff9e1c41798 UE4Editor-Core.dll!UnknownFunction []
[2019.05.20-06.57.16:997][614]LogWindows: Error: [Callstack] 0x00007ff9e1c41c56 UE4Editor-Core.dll!UnknownFunction []
[2019.05.20-06.57.16:997][614]LogWindows: Error: [Callstack] 0x00007ffa0d879af9 UE4Editor-RenderCore.dll!UnknownFunction []
[2019.05.20-06.57.16:997][614]LogWindows: Error: [Callstack] 0x00007ffa0d87aa74 UE4Editor-RenderCore.dll!UnknownFunction []
[2019.05.20-06.57.16:998][614]LogWindows: Error: [Callstack] 0x00007ff9e209c500 UE4Editor-Core.dll!UnknownFunction []
[2019.05.20-06.57.16:998][614]LogWindows: Error: [Callstack] 0x00007ff9e208cac1 UE4Editor-Core.dll!UnknownFunction []
[2019.05.20-06.57.16:998][614]LogWindows: Error: [Callstack] 0x00007ffa24df4034 KERNEL32.DLL!UnknownFunction []
[2019.05.20-06.57.16:998][614]LogWindows: Error: [Callstack] 0x00007ffa26953691 ntdll.dll!UnknownFunction []
[2019.05.20-06.57.16:998][614]LogWindows: Error: 
[2019.05.20-06.57.16:999][614]LogWindows: Error: 
[2019.05.20-06.57.16:999][614]LogWindows: Error: 
[2019.05.20-06.57.16:999][614]LogWindows: Error: 
[2019.05.20-06.57.17:038][614]LogExit: Executing StaticShutdownAfterError
[2019.05.20-06.57.17:044][614]LogWindows: FPlatformMisc::RequestExit(1)
[2019.05.20-06.57.17:047][614]Log file closed, 05/20/19 02:57:17
